{"C:\\Users\\tylec\\OneDrive\\Documents\\GitHub\\cs321_team4\\src\\app.js": {"path":"C:\\Users\\tylec\\OneDrive\\Documents\\GitHub\\cs321_team4\\src\\app.js","statementMap":{"0":{"start":{"line":1,"column":0},"end":{"line":1,"column":27}},"1":{"start":{"line":2,"column":13},"end":{"line":2,"column":41}},"2":{"start":{"line":3,"column":13},"end":{"line":3,"column":28}},"3":{"start":{"line":4,"column":16},"end":{"line":4,"column":34}},"4":{"start":{"line":5,"column":12},"end":{"line":5,"column":21}},"5":{"start":{"line":10,"column":23},"end":{"line":10,"column":85}},"6":{"start":{"line":11,"column":23},"end":{"line":11,"column":39}},"7":{"start":{"line":18,"column":0},"end":{"line":18,"column":16}},"8":{"start":{"line":20,"column":0},"end":{"line":20,"column":47}},"9":{"start":{"line":21,"column":0},"end":{"line":21,"column":24}},"10":{"start":{"line":24,"column":0},"end":{"line":24,"column":33}},"11":{"start":{"line":32,"column":0},"end":{"line":41,"column":2}},"12":{"start":{"line":35,"column":4},"end":{"line":35,"column":36}},"13":{"start":{"line":36,"column":4},"end":{"line":40,"column":7}},"14":{"start":{"line":44,"column":0},"end":{"line":46,"column":1}}},"fnMap":{"0":{"name":"(anonymous_0)","decl":{"start":{"line":32,"column":8},"end":{"line":32,"column":9}},"loc":{"start":{"line":32,"column":37},"end":{"line":41,"column":1}},"line":32}},"branchMap":{"0":{"loc":{"start":{"line":35,"column":15},"end":{"line":35,"column":34}},"type":"binary-expr","locations":[{"start":{"line":35,"column":15},"end":{"line":35,"column":27}},{"start":{"line":35,"column":31},"end":{"line":35,"column":34}}],"line":35}},"s":{"0":1,"1":1,"2":1,"3":1,"4":1,"5":1,"6":1,"7":1,"8":1,"9":1,"10":1,"11":1,"12":5,"13":5,"14":1},"f":{"0":5},"b":{"0":[5,5]},"_coverageSchema":"1a1c01bbd47fc00a2c39e90264f33305004495a9","hash":"0b685e744746cb5a47ff0923b0137362558f609d"}
,"C:\\Users\\tylec\\OneDrive\\Documents\\GitHub\\cs321_team4\\src\\connections\\mongodb-connect-collin.js": {"path":"C:\\Users\\tylec\\OneDrive\\Documents\\GitHub\\cs321_team4\\src\\connections\\mongodb-connect-collin.js","statementMap":{"0":{"start":{"line":1,"column":17},"end":{"line":1,"column":36}},"1":{"start":{"line":2,"column":0},"end":{"line":2,"column":27}},"2":{"start":{"line":12,"column":16},"end":{"line":12,"column":56}},"3":{"start":{"line":13,"column":4},"end":{"line":13,"column":32}},"4":{"start":{"line":14,"column":20},"end":{"line":14,"column":25}},"5":{"start":{"line":28,"column":4},"end":{"line":28,"column":31}},"6":{"start":{"line":31,"column":0},"end":{"line":31,"column":35}}},"fnMap":{"0":{"name":"connectToMongo","decl":{"start":{"line":11,"column":15},"end":{"line":11,"column":29}},"loc":{"start":{"line":11,"column":31},"end":{"line":29,"column":1}},"line":11}},"branchMap":{},"s":{"0":1,"1":1,"2":2,"3":2,"4":2,"5":2,"6":1},"f":{"0":2},"b":{},"_coverageSchema":"1a1c01bbd47fc00a2c39e90264f33305004495a9","hash":"669efb3e063c0f8d8fd6d6f61707ee741e258576"}
,"C:\\Users\\tylec\\OneDrive\\Documents\\GitHub\\cs321_team4\\src\\errors\\plutus-errors.js": {"path":"C:\\Users\\tylec\\OneDrive\\Documents\\GitHub\\cs321_team4\\src\\errors\\plutus-errors.js","statementMap":{"0":{"start":{"line":4,"column":8},"end":{"line":4,"column":23}},"1":{"start":{"line":5,"column":8},"end":{"line":5,"column":34}},"2":{"start":{"line":6,"column":8},"end":{"line":6,"column":35}},"3":{"start":{"line":7,"column":8},"end":{"line":7,"column":45}},"4":{"start":{"line":13,"column":8},"end":{"line":17,"column":10}},"5":{"start":{"line":23,"column":8},"end":{"line":27,"column":10}},"6":{"start":{"line":28,"column":8},"end":{"line":28,"column":48}},"7":{"start":{"line":34,"column":8},"end":{"line":38,"column":10}},"8":{"start":{"line":39,"column":8},"end":{"line":39,"column":52}},"9":{"start":{"line":45,"column":8},"end":{"line":49,"column":10}},"10":{"start":{"line":50,"column":8},"end":{"line":50,"column":54}},"11":{"start":{"line":54,"column":0},"end":{"line":59,"column":2}}},"fnMap":{"0":{"name":"(anonymous_0)","decl":{"start":{"line":3,"column":4},"end":{"line":3,"column":5}},"loc":{"start":{"line":3,"column":45},"end":{"line":8,"column":5}},"line":3},"1":{"name":"(anonymous_1)","decl":{"start":{"line":12,"column":4},"end":{"line":12,"column":5}},"loc":{"start":{"line":12,"column":25},"end":{"line":18,"column":5}},"line":12},"2":{"name":"(anonymous_2)","decl":{"start":{"line":22,"column":4},"end":{"line":22,"column":5}},"loc":{"start":{"line":22,"column":25},"end":{"line":29,"column":5}},"line":22},"3":{"name":"(anonymous_3)","decl":{"start":{"line":33,"column":4},"end":{"line":33,"column":5}},"loc":{"start":{"line":33,"column":25},"end":{"line":40,"column":5}},"line":33},"4":{"name":"(anonymous_4)","decl":{"start":{"line":44,"column":4},"end":{"line":44,"column":5}},"loc":{"start":{"line":44,"column":25},"end":{"line":51,"column":5}},"line":44}},"branchMap":{},"s":{"0":5,"1":5,"2":5,"3":5,"4":2,"5":2,"6":2,"7":1,"8":1,"9":0,"10":0,"11":1},"f":{"0":5,"1":2,"2":2,"3":1,"4":0},"b":{},"_coverageSchema":"1a1c01bbd47fc00a2c39e90264f33305004495a9","hash":"c844dfe876895a5d743561e4d4566b1e813a0078"}
,"C:\\Users\\tylec\\OneDrive\\Documents\\GitHub\\cs321_team4\\src\\helpers\\auth-helpers.js": {"path":"C:\\Users\\tylec\\OneDrive\\Documents\\GitHub\\cs321_team4\\src\\helpers\\auth-helpers.js","statementMap":{"0":{"start":{"line":5,"column":16},"end":{"line":5,"column":34}},"1":{"start":{"line":6,"column":17},"end":{"line":6,"column":36}},"2":{"start":{"line":8,"column":16},"end":{"line":8,"column":47}},"3":{"start":{"line":16,"column":4},"end":{"line":17,"column":21}},"4":{"start":{"line":17,"column":8},"end":{"line":17,"column":21}},"5":{"start":{"line":19,"column":4},"end":{"line":19,"column":44}},"6":{"start":{"line":22,"column":0},"end":{"line":22,"column":32}}},"fnMap":{"0":{"name":"hasLoginKeys","decl":{"start":{"line":15,"column":9},"end":{"line":15,"column":21}},"loc":{"start":{"line":15,"column":26},"end":{"line":20,"column":1}},"line":15}},"branchMap":{"0":{"loc":{"start":{"line":16,"column":4},"end":{"line":17,"column":21}},"type":"if","locations":[{"start":{"line":16,"column":4},"end":{"line":17,"column":21}},{"start":{},"end":{}}],"line":16},"1":{"loc":{"start":{"line":19,"column":13},"end":{"line":19,"column":42}},"type":"binary-expr","locations":[{"start":{"line":19,"column":13},"end":{"line":19,"column":24}},{"start":{"line":19,"column":28},"end":{"line":19,"column":42}}],"line":19}},"s":{"0":1,"1":1,"2":1,"3":5,"4":0,"5":5,"6":1},"f":{"0":5},"b":{"0":[0,5],"1":[5,4]},"_coverageSchema":"1a1c01bbd47fc00a2c39e90264f33305004495a9","hash":"d38f92183c71d421842b2fbb098b34c111ae75b9"}
,"C:\\Users\\tylec\\OneDrive\\Documents\\GitHub\\cs321_team4\\src\\helpers\\expense-helpers.js": {"path":"C:\\Users\\tylec\\OneDrive\\Documents\\GitHub\\cs321_team4\\src\\helpers\\expense-helpers.js","statementMap":{"0":{"start":{"line":4,"column":29},"end":{"line":29,"column":1}},"1":{"start":{"line":5,"column":4},"end":{"line":7,"column":5}},"2":{"start":{"line":6,"column":8},"end":{"line":6,"column":21}},"3":{"start":{"line":9,"column":4},"end":{"line":11,"column":5}},"4":{"start":{"line":10,"column":8},"end":{"line":10,"column":21}},"5":{"start":{"line":13,"column":18},"end":{"line":19,"column":5}},"6":{"start":{"line":21,"column":4},"end":{"line":26,"column":5}},"7":{"start":{"line":21,"column":17},"end":{"line":21,"column":18}},"8":{"start":{"line":22,"column":21},"end":{"line":22,"column":31}},"9":{"start":{"line":23,"column":8},"end":{"line":25,"column":9}},"10":{"start":{"line":24,"column":12},"end":{"line":24,"column":25}},"11":{"start":{"line":28,"column":4},"end":{"line":28,"column":16}},"12":{"start":{"line":31,"column":0},"end":{"line":31,"column":41}}},"fnMap":{"0":{"name":"(anonymous_0)","decl":{"start":{"line":4,"column":29},"end":{"line":4,"column":30}},"loc":{"start":{"line":4,"column":44},"end":{"line":29,"column":1}},"line":4}},"branchMap":{"0":{"loc":{"start":{"line":5,"column":4},"end":{"line":7,"column":5}},"type":"if","locations":[{"start":{"line":5,"column":4},"end":{"line":7,"column":5}},{"start":{},"end":{}}],"line":5},"1":{"loc":{"start":{"line":9,"column":4},"end":{"line":11,"column":5}},"type":"if","locations":[{"start":{"line":9,"column":4},"end":{"line":11,"column":5}},{"start":{},"end":{}}],"line":9},"2":{"loc":{"start":{"line":23,"column":8},"end":{"line":25,"column":9}},"type":"if","locations":[{"start":{"line":23,"column":8},"end":{"line":25,"column":9}},{"start":{},"end":{}}],"line":23}},"s":{"0":1,"1":0,"2":0,"3":0,"4":0,"5":0,"6":0,"7":0,"8":0,"9":0,"10":0,"11":0,"12":1},"f":{"0":0},"b":{"0":[0,0],"1":[0,0],"2":[0,0]},"_coverageSchema":"1a1c01bbd47fc00a2c39e90264f33305004495a9","hash":"f752125edcecce57f340ef7b27a88a9681bcea8c"}
,"C:\\Users\\tylec\\OneDrive\\Documents\\GitHub\\cs321_team4\\src\\helpers\\global-helpers.js": {"path":"C:\\Users\\tylec\\OneDrive\\Documents\\GitHub\\cs321_team4\\src\\helpers\\global-helpers.js","statementMap":{"0":{"start":{"line":5,"column":16},"end":{"line":5,"column":34}},"1":{"start":{"line":7,"column":21},"end":{"line":7,"column":55}},"2":{"start":{"line":9,"column":17},"end":{"line":9,"column":21}},"3":{"start":{"line":10,"column":17},"end":{"line":10,"column":21}},"4":{"start":{"line":11,"column":17},"end":{"line":11,"column":29}},"5":{"start":{"line":12,"column":17},"end":{"line":12,"column":29}},"6":{"start":{"line":14,"column":18},"end":{"line":35,"column":1}},"7":{"start":{"line":16,"column":4},"end":{"line":18,"column":5}},"8":{"start":{"line":17,"column":8},"end":{"line":17,"column":21}},"9":{"start":{"line":20,"column":4},"end":{"line":22,"column":5}},"10":{"start":{"line":21,"column":8},"end":{"line":21,"column":21}},"11":{"start":{"line":23,"column":4},"end":{"line":25,"column":5}},"12":{"start":{"line":24,"column":8},"end":{"line":24,"column":21}},"13":{"start":{"line":27,"column":4},"end":{"line":32,"column":5}},"14":{"start":{"line":27,"column":17},"end":{"line":27,"column":18}},"15":{"start":{"line":28,"column":20},"end":{"line":28,"column":29}},"16":{"start":{"line":29,"column":8},"end":{"line":31,"column":9}},"17":{"start":{"line":30,"column":12},"end":{"line":30,"column":25}},"18":{"start":{"line":34,"column":4},"end":{"line":34,"column":16}},"19":{"start":{"line":38,"column":4},"end":{"line":41,"column":5}},"20":{"start":{"line":39,"column":8},"end":{"line":39,"column":49}},"21":{"start":{"line":40,"column":8},"end":{"line":40,"column":15}},"22":{"start":{"line":43,"column":12},"end":{"line":43,"column":35}},"23":{"start":{"line":44,"column":4},"end":{"line":47,"column":5}},"24":{"start":{"line":45,"column":8},"end":{"line":45,"column":49}},"25":{"start":{"line":46,"column":8},"end":{"line":46,"column":15}},"26":{"start":{"line":49,"column":4},"end":{"line":51,"column":5}},"27":{"start":{"line":50,"column":8},"end":{"line":50,"column":33}},"28":{"start":{"line":53,"column":4},"end":{"line":55,"column":5}},"29":{"start":{"line":54,"column":8},"end":{"line":54,"column":33}},"30":{"start":{"line":57,"column":4},"end":{"line":57,"column":11}},"31":{"start":{"line":65,"column":4},"end":{"line":68,"column":5}},"32":{"start":{"line":66,"column":8},"end":{"line":66,"column":33}},"33":{"start":{"line":67,"column":8},"end":{"line":67,"column":15}},"34":{"start":{"line":70,"column":12},"end":{"line":70,"column":35}},"35":{"start":{"line":72,"column":4},"end":{"line":75,"column":5}},"36":{"start":{"line":73,"column":8},"end":{"line":73,"column":33}},"37":{"start":{"line":74,"column":8},"end":{"line":74,"column":15}},"38":{"start":{"line":77,"column":4},"end":{"line":79,"column":5}},"39":{"start":{"line":78,"column":8},"end":{"line":78,"column":33}},"40":{"start":{"line":81,"column":4},"end":{"line":83,"column":5}},"41":{"start":{"line":82,"column":8},"end":{"line":82,"column":33}},"42":{"start":{"line":85,"column":4},"end":{"line":85,"column":11}},"43":{"start":{"line":95,"column":4},"end":{"line":98,"column":5}},"44":{"start":{"line":96,"column":8},"end":{"line":96,"column":31}},"45":{"start":{"line":97,"column":8},"end":{"line":97,"column":15}},"46":{"start":{"line":100,"column":12},"end":{"line":100,"column":33}},"47":{"start":{"line":102,"column":4},"end":{"line":105,"column":5}},"48":{"start":{"line":103,"column":8},"end":{"line":103,"column":31}},"49":{"start":{"line":104,"column":8},"end":{"line":104,"column":15}},"50":{"start":{"line":107,"column":4},"end":{"line":109,"column":5}},"51":{"start":{"line":108,"column":8},"end":{"line":108,"column":31}},"52":{"start":{"line":111,"column":4},"end":{"line":113,"column":5}},"53":{"start":{"line":112,"column":8},"end":{"line":112,"column":31}},"54":{"start":{"line":115,"column":4},"end":{"line":115,"column":11}},"55":{"start":{"line":119,"column":4},"end":{"line":119,"column":75}},"56":{"start":{"line":123,"column":4},"end":{"line":125,"column":5}},"57":{"start":{"line":124,"column":8},"end":{"line":124,"column":33}},"58":{"start":{"line":127,"column":4},"end":{"line":128,"column":33}},"59":{"start":{"line":128,"column":8},"end":{"line":128,"column":33}},"60":{"start":{"line":130,"column":4},"end":{"line":132,"column":5}},"61":{"start":{"line":131,"column":8},"end":{"line":131,"column":48}},"62":{"start":{"line":134,"column":4},"end":{"line":135,"column":33}},"63":{"start":{"line":135,"column":8},"end":{"line":135,"column":33}},"64":{"start":{"line":138,"column":0},"end":{"line":149,"column":2}}},"fnMap":{"0":{"name":"(anonymous_0)","decl":{"start":{"line":14,"column":18},"end":{"line":14,"column":19}},"loc":{"start":{"line":14,"column":38},"end":{"line":35,"column":1}},"line":14},"1":{"name":"fixDateDefaultToPresent","decl":{"start":{"line":37,"column":9},"end":{"line":37,"column":32}},"loc":{"start":{"line":37,"column":37},"end":{"line":58,"column":1}},"line":37},"2":{"name":"fixStartDateDefaultMinDate","decl":{"start":{"line":64,"column":9},"end":{"line":64,"column":35}},"loc":{"start":{"line":64,"column":40},"end":{"line":86,"column":1}},"line":64},"3":{"name":"fixEndDateDefaultMaxDate","decl":{"start":{"line":93,"column":9},"end":{"line":93,"column":33}},"loc":{"start":{"line":93,"column":38},"end":{"line":116,"column":1}},"line":93},"4":{"name":"isValidEmail","decl":{"start":{"line":118,"column":9},"end":{"line":118,"column":21}},"loc":{"start":{"line":118,"column":28},"end":{"line":120,"column":1}},"line":118},"5":{"name":"fixAmountBounds","decl":{"start":{"line":122,"column":9},"end":{"line":122,"column":24}},"loc":{"start":{"line":122,"column":29},"end":{"line":137,"column":1}},"line":122}},"branchMap":{"0":{"loc":{"start":{"line":16,"column":4},"end":{"line":18,"column":5}},"type":"if","locations":[{"start":{"line":16,"column":4},"end":{"line":18,"column":5}},{"start":{},"end":{}}],"line":16},"1":{"loc":{"start":{"line":16,"column":8},"end":{"line":16,"column":37}},"type":"binary-expr","locations":[{"start":{"line":16,"column":8},"end":{"line":16,"column":19}},{"start":{"line":16,"column":23},"end":{"line":16,"column":37}}],"line":16},"2":{"loc":{"start":{"line":20,"column":4},"end":{"line":22,"column":5}},"type":"if","locations":[{"start":{"line":20,"column":4},"end":{"line":22,"column":5}},{"start":{},"end":{}}],"line":20},"3":{"loc":{"start":{"line":23,"column":4},"end":{"line":25,"column":5}},"type":"if","locations":[{"start":{"line":23,"column":4},"end":{"line":25,"column":5}},{"start":{},"end":{}}],"line":23},"4":{"loc":{"start":{"line":29,"column":8},"end":{"line":31,"column":9}},"type":"if","locations":[{"start":{"line":29,"column":8},"end":{"line":31,"column":9}},{"start":{},"end":{}}],"line":29},"5":{"loc":{"start":{"line":29,"column":12},"end":{"line":29,"column":57}},"type":"binary-expr","locations":[{"start":{"line":29,"column":12},"end":{"line":29,"column":35}},{"start":{"line":29,"column":39},"end":{"line":29,"column":57}}],"line":29},"6":{"loc":{"start":{"line":38,"column":4},"end":{"line":41,"column":5}},"type":"if","locations":[{"start":{"line":38,"column":4},"end":{"line":41,"column":5}},{"start":{},"end":{}}],"line":38},"7":{"loc":{"start":{"line":38,"column":8},"end":{"line":38,"column":59}},"type":"binary-expr","locations":[{"start":{"line":38,"column":8},"end":{"line":38,"column":34}},{"start":{"line":38,"column":38},"end":{"line":38,"column":59}}],"line":38},"8":{"loc":{"start":{"line":44,"column":4},"end":{"line":47,"column":5}},"type":"if","locations":[{"start":{"line":44,"column":4},"end":{"line":47,"column":5}},{"start":{},"end":{}}],"line":44},"9":{"loc":{"start":{"line":49,"column":4},"end":{"line":51,"column":5}},"type":"if","locations":[{"start":{"line":49,"column":4},"end":{"line":51,"column":5}},{"start":{},"end":{}}],"line":49},"10":{"loc":{"start":{"line":53,"column":4},"end":{"line":55,"column":5}},"type":"if","locations":[{"start":{"line":53,"column":4},"end":{"line":55,"column":5}},{"start":{},"end":{}}],"line":53},"11":{"loc":{"start":{"line":65,"column":4},"end":{"line":68,"column":5}},"type":"if","locations":[{"start":{"line":65,"column":4},"end":{"line":68,"column":5}},{"start":{},"end":{}}],"line":65},"12":{"loc":{"start":{"line":65,"column":8},"end":{"line":65,"column":59}},"type":"binary-expr","locations":[{"start":{"line":65,"column":8},"end":{"line":65,"column":34}},{"start":{"line":65,"column":38},"end":{"line":65,"column":59}}],"line":65},"13":{"loc":{"start":{"line":72,"column":4},"end":{"line":75,"column":5}},"type":"if","locations":[{"start":{"line":72,"column":4},"end":{"line":75,"column":5}},{"start":{},"end":{}}],"line":72},"14":{"loc":{"start":{"line":77,"column":4},"end":{"line":79,"column":5}},"type":"if","locations":[{"start":{"line":77,"column":4},"end":{"line":79,"column":5}},{"start":{},"end":{}}],"line":77},"15":{"loc":{"start":{"line":81,"column":4},"end":{"line":83,"column":5}},"type":"if","locations":[{"start":{"line":81,"column":4},"end":{"line":83,"column":5}},{"start":{},"end":{}}],"line":81},"16":{"loc":{"start":{"line":95,"column":4},"end":{"line":98,"column":5}},"type":"if","locations":[{"start":{"line":95,"column":4},"end":{"line":98,"column":5}},{"start":{},"end":{}}],"line":95},"17":{"loc":{"start":{"line":95,"column":8},"end":{"line":95,"column":55}},"type":"binary-expr","locations":[{"start":{"line":95,"column":8},"end":{"line":95,"column":32}},{"start":{"line":95,"column":36},"end":{"line":95,"column":55}}],"line":95},"18":{"loc":{"start":{"line":102,"column":4},"end":{"line":105,"column":5}},"type":"if","locations":[{"start":{"line":102,"column":4},"end":{"line":105,"column":5}},{"start":{},"end":{}}],"line":102},"19":{"loc":{"start":{"line":107,"column":4},"end":{"line":109,"column":5}},"type":"if","locations":[{"start":{"line":107,"column":4},"end":{"line":109,"column":5}},{"start":{},"end":{}}],"line":107},"20":{"loc":{"start":{"line":111,"column":4},"end":{"line":113,"column":5}},"type":"if","locations":[{"start":{"line":111,"column":4},"end":{"line":113,"column":5}},{"start":{},"end":{}}],"line":111},"21":{"loc":{"start":{"line":123,"column":4},"end":{"line":125,"column":5}},"type":"if","locations":[{"start":{"line":123,"column":4},"end":{"line":125,"column":5}},{"start":{},"end":{}}],"line":123},"22":{"loc":{"start":{"line":123,"column":8},"end":{"line":123,"column":104}},"type":"binary-expr","locations":[{"start":{"line":123,"column":8},"end":{"line":123,"column":41}},{"start":{"line":123,"column":45},"end":{"line":123,"column":73}},{"start":{"line":123,"column":77},"end":{"line":123,"column":104}}],"line":123},"23":{"loc":{"start":{"line":127,"column":4},"end":{"line":128,"column":33}},"type":"if","locations":[{"start":{"line":127,"column":4},"end":{"line":128,"column":33}},{"start":{},"end":{}}],"line":127},"24":{"loc":{"start":{"line":130,"column":4},"end":{"line":132,"column":5}},"type":"if","locations":[{"start":{"line":130,"column":4},"end":{"line":132,"column":5}},{"start":{},"end":{}}],"line":130},"25":{"loc":{"start":{"line":130,"column":8},"end":{"line":130,"column":104}},"type":"binary-expr","locations":[{"start":{"line":130,"column":8},"end":{"line":130,"column":41}},{"start":{"line":130,"column":45},"end":{"line":130,"column":73}},{"start":{"line":130,"column":77},"end":{"line":130,"column":104}}],"line":130},"26":{"loc":{"start":{"line":134,"column":4},"end":{"line":135,"column":33}},"type":"if","locations":[{"start":{"line":134,"column":4},"end":{"line":135,"column":33}},{"start":{},"end":{}}],"line":134}},"s":{"0":1,"1":1,"2":1,"3":1,"4":1,"5":1,"6":1,"7":0,"8":0,"9":0,"10":0,"11":0,"12":0,"13":0,"14":0,"15":0,"16":0,"17":0,"18":0,"19":0,"20":0,"21":0,"22":0,"23":0,"24":0,"25":0,"26":0,"27":0,"28":0,"29":0,"30":0,"31":0,"32":0,"33":0,"34":0,"35":0,"36":0,"37":0,"38":0,"39":0,"40":0,"41":0,"42":0,"43":0,"44":0,"45":0,"46":0,"47":0,"48":0,"49":0,"50":0,"51":0,"52":0,"53":0,"54":0,"55":0,"56":0,"57":0,"58":0,"59":0,"60":0,"61":0,"62":0,"63":0,"64":1},"f":{"0":0,"1":0,"2":0,"3":0,"4":0,"5":0},"b":{"0":[0,0],"1":[0,0],"2":[0,0],"3":[0,0],"4":[0,0],"5":[0,0],"6":[0,0],"7":[0,0],"8":[0,0],"9":[0,0],"10":[0,0],"11":[0,0],"12":[0,0],"13":[0,0],"14":[0,0],"15":[0,0],"16":[0,0],"17":[0,0],"18":[0,0],"19":[0,0],"20":[0,0],"21":[0,0],"22":[0,0,0],"23":[0,0],"24":[0,0],"25":[0,0,0],"26":[0,0]},"_coverageSchema":"1a1c01bbd47fc00a2c39e90264f33305004495a9","hash":"ffc38d34a2c8771b8f8181c0bbc480f39e424521"}
,"C:\\Users\\tylec\\OneDrive\\Documents\\GitHub\\cs321_team4\\src\\helpers\\income-helpers.js": {"path":"C:\\Users\\tylec\\OneDrive\\Documents\\GitHub\\cs321_team4\\src\\helpers\\income-helpers.js","statementMap":{"0":{"start":{"line":4,"column":29},"end":{"line":29,"column":1}},"1":{"start":{"line":5,"column":4},"end":{"line":7,"column":5}},"2":{"start":{"line":6,"column":8},"end":{"line":6,"column":21}},"3":{"start":{"line":9,"column":4},"end":{"line":11,"column":5}},"4":{"start":{"line":10,"column":8},"end":{"line":10,"column":21}},"5":{"start":{"line":13,"column":18},"end":{"line":19,"column":5}},"6":{"start":{"line":21,"column":4},"end":{"line":26,"column":5}},"7":{"start":{"line":21,"column":17},"end":{"line":21,"column":18}},"8":{"start":{"line":22,"column":21},"end":{"line":22,"column":31}},"9":{"start":{"line":23,"column":8},"end":{"line":25,"column":9}},"10":{"start":{"line":24,"column":12},"end":{"line":24,"column":25}},"11":{"start":{"line":28,"column":4},"end":{"line":28,"column":16}},"12":{"start":{"line":31,"column":0},"end":{"line":31,"column":41}}},"fnMap":{"0":{"name":"(anonymous_0)","decl":{"start":{"line":4,"column":29},"end":{"line":4,"column":30}},"loc":{"start":{"line":4,"column":44},"end":{"line":29,"column":1}},"line":4}},"branchMap":{"0":{"loc":{"start":{"line":5,"column":4},"end":{"line":7,"column":5}},"type":"if","locations":[{"start":{"line":5,"column":4},"end":{"line":7,"column":5}},{"start":{},"end":{}}],"line":5},"1":{"loc":{"start":{"line":9,"column":4},"end":{"line":11,"column":5}},"type":"if","locations":[{"start":{"line":9,"column":4},"end":{"line":11,"column":5}},{"start":{},"end":{}}],"line":9},"2":{"loc":{"start":{"line":23,"column":8},"end":{"line":25,"column":9}},"type":"if","locations":[{"start":{"line":23,"column":8},"end":{"line":25,"column":9}},{"start":{},"end":{}}],"line":23}},"s":{"0":1,"1":0,"2":0,"3":0,"4":0,"5":0,"6":0,"7":0,"8":0,"9":0,"10":0,"11":0,"12":1},"f":{"0":0},"b":{"0":[0,0],"1":[0,0],"2":[0,0]},"_coverageSchema":"1a1c01bbd47fc00a2c39e90264f33305004495a9","hash":"f7a25b87824e7cea351209446cbb5c4471d9d01a"}
,"C:\\Users\\tylec\\OneDrive\\Documents\\GitHub\\cs321_team4\\src\\helpers\\limit-helpers.js": {"path":"C:\\Users\\tylec\\OneDrive\\Documents\\GitHub\\cs321_team4\\src\\helpers\\limit-helpers.js","statementMap":{"0":{"start":{"line":1,"column":22},"end":{"line":1,"column":49}},"1":{"start":{"line":4,"column":29},"end":{"line":27,"column":1}},"2":{"start":{"line":5,"column":4},"end":{"line":7,"column":5}},"3":{"start":{"line":6,"column":8},"end":{"line":6,"column":21}},"4":{"start":{"line":9,"column":4},"end":{"line":11,"column":5}},"5":{"start":{"line":10,"column":8},"end":{"line":10,"column":21}},"6":{"start":{"line":13,"column":18},"end":{"line":17,"column":5}},"7":{"start":{"line":19,"column":4},"end":{"line":24,"column":5}},"8":{"start":{"line":19,"column":17},"end":{"line":19,"column":18}},"9":{"start":{"line":20,"column":21},"end":{"line":20,"column":31}},"10":{"start":{"line":21,"column":8},"end":{"line":23,"column":9}},"11":{"start":{"line":22,"column":12},"end":{"line":22,"column":25}},"12":{"start":{"line":26,"column":4},"end":{"line":26,"column":16}},"13":{"start":{"line":30,"column":0},"end":{"line":32,"column":1}}},"fnMap":{"0":{"name":"(anonymous_0)","decl":{"start":{"line":4,"column":29},"end":{"line":4,"column":30}},"loc":{"start":{"line":4,"column":44},"end":{"line":27,"column":1}},"line":4}},"branchMap":{"0":{"loc":{"start":{"line":5,"column":4},"end":{"line":7,"column":5}},"type":"if","locations":[{"start":{"line":5,"column":4},"end":{"line":7,"column":5}},{"start":{},"end":{}}],"line":5},"1":{"loc":{"start":{"line":9,"column":4},"end":{"line":11,"column":5}},"type":"if","locations":[{"start":{"line":9,"column":4},"end":{"line":11,"column":5}},{"start":{},"end":{}}],"line":9},"2":{"loc":{"start":{"line":21,"column":8},"end":{"line":23,"column":9}},"type":"if","locations":[{"start":{"line":21,"column":8},"end":{"line":23,"column":9}},{"start":{},"end":{}}],"line":21}},"s":{"0":1,"1":1,"2":0,"3":0,"4":0,"5":0,"6":0,"7":0,"8":0,"9":0,"10":0,"11":0,"12":0,"13":1},"f":{"0":0},"b":{"0":[0,0],"1":[0,0],"2":[0,0]},"_coverageSchema":"1a1c01bbd47fc00a2c39e90264f33305004495a9","hash":"817d4615e9572a7f1a44025ed61ff04b6324b838"}
,"C:\\Users\\tylec\\OneDrive\\Documents\\GitHub\\cs321_team4\\src\\models\\expense-model.js": {"path":"C:\\Users\\tylec\\OneDrive\\Documents\\GitHub\\cs321_team4\\src\\models\\expense-model.js","statementMap":{"0":{"start":{"line":1,"column":17},"end":{"line":1,"column":36}},"1":{"start":{"line":2,"column":13},"end":{"line":2,"column":28}},"2":{"start":{"line":3,"column":20},"end":{"line":3,"column":45}},"3":{"start":{"line":4,"column":22},"end":{"line":4,"column":58}},"4":{"start":{"line":5,"column":22},"end":{"line":56,"column":2}},"5":{"start":{"line":18,"column":16},"end":{"line":18,"column":57}},"6":{"start":{"line":20,"column":28},"end":{"line":20,"column":58}},"7":{"start":{"line":72,"column":21},"end":{"line":72,"column":62}},"8":{"start":{"line":74,"column":0},"end":{"line":74,"column":30}}},"fnMap":{"0":{"name":"(anonymous_0)","decl":{"start":{"line":17,"column":23},"end":{"line":17,"column":24}},"loc":{"start":{"line":17,"column":39},"end":{"line":19,"column":13}},"line":17},"1":{"name":"(anonymous_1)","decl":{"start":{"line":20,"column":21},"end":{"line":20,"column":22}},"loc":{"start":{"line":20,"column":28},"end":{"line":20,"column":58}},"line":20}},"branchMap":{},"s":{"0":1,"1":1,"2":1,"3":1,"4":1,"5":0,"6":0,"7":1,"8":1},"f":{"0":0,"1":0},"b":{},"_coverageSchema":"1a1c01bbd47fc00a2c39e90264f33305004495a9","hash":"c1e0601de171d74faa45fac5a3ae697ec0550d3d"}
,"C:\\Users\\tylec\\OneDrive\\Documents\\GitHub\\cs321_team4\\src\\models\\income-model.js": {"path":"C:\\Users\\tylec\\OneDrive\\Documents\\GitHub\\cs321_team4\\src\\models\\income-model.js","statementMap":{"0":{"start":{"line":1,"column":17},"end":{"line":1,"column":36}},"1":{"start":{"line":2,"column":13},"end":{"line":2,"column":28}},"2":{"start":{"line":3,"column":20},"end":{"line":3,"column":45}},"3":{"start":{"line":4,"column":22},"end":{"line":4,"column":58}},"4":{"start":{"line":5,"column":21},"end":{"line":55,"column":2}},"5":{"start":{"line":18,"column":16},"end":{"line":18,"column":57}},"6":{"start":{"line":20,"column":28},"end":{"line":20,"column":58}},"7":{"start":{"line":70,"column":20},"end":{"line":70,"column":59}},"8":{"start":{"line":72,"column":0},"end":{"line":72,"column":29}}},"fnMap":{"0":{"name":"(anonymous_0)","decl":{"start":{"line":17,"column":23},"end":{"line":17,"column":24}},"loc":{"start":{"line":17,"column":39},"end":{"line":19,"column":13}},"line":17},"1":{"name":"(anonymous_1)","decl":{"start":{"line":20,"column":21},"end":{"line":20,"column":22}},"loc":{"start":{"line":20,"column":28},"end":{"line":20,"column":58}},"line":20}},"branchMap":{},"s":{"0":1,"1":1,"2":1,"3":1,"4":1,"5":0,"6":0,"7":1,"8":1},"f":{"0":0,"1":0},"b":{},"_coverageSchema":"1a1c01bbd47fc00a2c39e90264f33305004495a9","hash":"2181463ace2b06ece727605b8172aea53bfa5aa0"}
,"C:\\Users\\tylec\\OneDrive\\Documents\\GitHub\\cs321_team4\\src\\models\\limit-model.js": {"path":"C:\\Users\\tylec\\OneDrive\\Documents\\GitHub\\cs321_team4\\src\\models\\limit-model.js","statementMap":{"0":{"start":{"line":1,"column":17},"end":{"line":1,"column":36}},"1":{"start":{"line":2,"column":13},"end":{"line":2,"column":28}},"2":{"start":{"line":3,"column":22},"end":{"line":3,"column":58}},"3":{"start":{"line":5,"column":20},"end":{"line":60,"column":2}},"4":{"start":{"line":19,"column":16},"end":{"line":19,"column":57}},"5":{"start":{"line":21,"column":28},"end":{"line":21,"column":58}},"6":{"start":{"line":40,"column":16},"end":{"line":40,"column":100}},"7":{"start":{"line":42,"column":30},"end":{"line":42,"column":76}},"8":{"start":{"line":76,"column":19},"end":{"line":76,"column":56}},"9":{"start":{"line":78,"column":0},"end":{"line":78,"column":28}}},"fnMap":{"0":{"name":"(anonymous_0)","decl":{"start":{"line":18,"column":23},"end":{"line":18,"column":24}},"loc":{"start":{"line":18,"column":39},"end":{"line":20,"column":13}},"line":18},"1":{"name":"(anonymous_1)","decl":{"start":{"line":21,"column":21},"end":{"line":21,"column":22}},"loc":{"start":{"line":21,"column":28},"end":{"line":21,"column":58}},"line":21},"2":{"name":"(anonymous_2)","decl":{"start":{"line":39,"column":23},"end":{"line":39,"column":24}},"loc":{"start":{"line":39,"column":35},"end":{"line":41,"column":13}},"line":39},"3":{"name":"(anonymous_3)","decl":{"start":{"line":42,"column":21},"end":{"line":42,"column":22}},"loc":{"start":{"line":42,"column":30},"end":{"line":42,"column":76}},"line":42}},"branchMap":{},"s":{"0":1,"1":1,"2":1,"3":1,"4":0,"5":0,"6":0,"7":0,"8":1,"9":1},"f":{"0":0,"1":0,"2":0,"3":0},"b":{},"_coverageSchema":"1a1c01bbd47fc00a2c39e90264f33305004495a9","hash":"674887ed0e8e6b6af67696706bf8682476b6e2c4"}
,"C:\\Users\\tylec\\OneDrive\\Documents\\GitHub\\cs321_team4\\src\\models\\payee-schema.js": {"path":"C:\\Users\\tylec\\OneDrive\\Documents\\GitHub\\cs321_team4\\src\\models\\payee-schema.js","statementMap":{"0":{"start":{"line":1,"column":17},"end":{"line":1,"column":36}},"1":{"start":{"line":3,"column":20},"end":{"line":17,"column":2}},"2":{"start":{"line":19,"column":0},"end":{"line":19,"column":31}}},"fnMap":{},"branchMap":{},"s":{"0":1,"1":1,"2":1},"f":{},"b":{},"_coverageSchema":"1a1c01bbd47fc00a2c39e90264f33305004495a9","hash":"be81bbe210af41817a5d2679ebe65e27e7670128"}
,"C:\\Users\\tylec\\OneDrive\\Documents\\GitHub\\cs321_team4\\src\\models\\session-schema.js": {"path":"C:\\Users\\tylec\\OneDrive\\Documents\\GitHub\\cs321_team4\\src\\models\\session-schema.js","statementMap":{"0":{"start":{"line":6,"column":17},"end":{"line":6,"column":36}},"1":{"start":{"line":9,"column":20},"end":{"line":25,"column":2}},"2":{"start":{"line":27,"column":0},"end":{"line":27,"column":31}}},"fnMap":{},"branchMap":{},"s":{"0":1,"1":1,"2":1},"f":{},"b":{},"_coverageSchema":"1a1c01bbd47fc00a2c39e90264f33305004495a9","hash":"0fe2fee2ce01ebffe489602fd15305ba3979356a"}
,"C:\\Users\\tylec\\OneDrive\\Documents\\GitHub\\cs321_team4\\src\\models\\user-model.js": {"path":"C:\\Users\\tylec\\OneDrive\\Documents\\GitHub\\cs321_team4\\src\\models\\user-model.js","statementMap":{"0":{"start":{"line":1,"column":17},"end":{"line":1,"column":36}},"1":{"start":{"line":2,"column":22},"end":{"line":2,"column":52}},"2":{"start":{"line":3,"column":22},"end":{"line":3,"column":61}},"3":{"start":{"line":4,"column":19},"end":{"line":34,"column":26}},"4":{"start":{"line":20,"column":16},"end":{"line":20,"column":57}},"5":{"start":{"line":22,"column":28},"end":{"line":22,"column":58}},"6":{"start":{"line":31,"column":23},"end":{"line":31,"column":33}},"7":{"start":{"line":36,"column":18},"end":{"line":36,"column":52}},"8":{"start":{"line":38,"column":0},"end":{"line":38,"column":27}}},"fnMap":{"0":{"name":"(anonymous_0)","decl":{"start":{"line":19,"column":23},"end":{"line":19,"column":24}},"loc":{"start":{"line":19,"column":39},"end":{"line":21,"column":13}},"line":19},"1":{"name":"(anonymous_1)","decl":{"start":{"line":22,"column":21},"end":{"line":22,"column":22}},"loc":{"start":{"line":22,"column":28},"end":{"line":22,"column":58}},"line":22},"2":{"name":"(anonymous_2)","decl":{"start":{"line":31,"column":17},"end":{"line":31,"column":18}},"loc":{"start":{"line":31,"column":23},"end":{"line":31,"column":33}},"line":31}},"branchMap":{},"s":{"0":1,"1":1,"2":1,"3":1,"4":0,"5":0,"6":0,"7":1,"8":1},"f":{"0":0,"1":0,"2":0},"b":{},"_coverageSchema":"1a1c01bbd47fc00a2c39e90264f33305004495a9","hash":"5e96bfd71533f0721e0713566ccfed26ce8b8018"}
,"C:\\Users\\tylec\\OneDrive\\Documents\\GitHub\\cs321_team4\\src\\routes\\auth-route.js": {"path":"C:\\Users\\tylec\\OneDrive\\Documents\\GitHub\\cs321_team4\\src\\routes\\auth-route.js","statementMap":{"0":{"start":{"line":3,"column":21},"end":{"line":3,"column":55}},"1":{"start":{"line":5,"column":16},"end":{"line":5,"column":34}},"2":{"start":{"line":6,"column":17},"end":{"line":6,"column":36}},"3":{"start":{"line":7,"column":19},"end":{"line":7,"column":38}},"4":{"start":{"line":8,"column":20},"end":{"line":8,"column":54}},"5":{"start":{"line":13,"column":15},"end":{"line":13,"column":21}},"6":{"start":{"line":15,"column":15},"end":{"line":15,"column":31}},"7":{"start":{"line":16,"column":18},"end":{"line":16,"column":49}},"8":{"start":{"line":19,"column":0},"end":{"line":22,"column":3}},"9":{"start":{"line":20,"column":4},"end":{"line":20,"column":32}},"10":{"start":{"line":21,"column":4},"end":{"line":21,"column":11}},"11":{"start":{"line":25,"column":0},"end":{"line":53,"column":3}},"12":{"start":{"line":26,"column":4},"end":{"line":52,"column":5}},"13":{"start":{"line":27,"column":8},"end":{"line":29,"column":9}},"14":{"start":{"line":28,"column":12},"end":{"line":28,"column":71}},"15":{"start":{"line":31,"column":20},"end":{"line":31,"column":34}},"16":{"start":{"line":32,"column":23},"end":{"line":32,"column":40}},"17":{"start":{"line":33,"column":24},"end":{"line":33,"column":55}},"18":{"start":{"line":34,"column":23},"end":{"line":34,"column":50}},"19":{"start":{"line":36,"column":22},"end":{"line":41,"column":10}},"20":{"start":{"line":43,"column":8},"end":{"line":43,"column":29}},"21":{"start":{"line":45,"column":8},"end":{"line":45,"column":24}},"22":{"start":{"line":46,"column":8},"end":{"line":48,"column":11}},"23":{"start":{"line":51,"column":8},"end":{"line":51,"column":18}},"24":{"start":{"line":55,"column":0},"end":{"line":86,"column":3}},"25":{"start":{"line":56,"column":4},"end":{"line":85,"column":5}},"26":{"start":{"line":57,"column":8},"end":{"line":59,"column":9}},"27":{"start":{"line":58,"column":12},"end":{"line":58,"column":71}},"28":{"start":{"line":61,"column":20},"end":{"line":61,"column":34}},"29":{"start":{"line":62,"column":23},"end":{"line":62,"column":40}},"30":{"start":{"line":64,"column":23},"end":{"line":64,"column":67}},"31":{"start":{"line":65,"column":8},"end":{"line":67,"column":9}},"32":{"start":{"line":66,"column":12},"end":{"line":66,"column":71}},"33":{"start":{"line":69,"column":8},"end":{"line":71,"column":9}},"34":{"start":{"line":70,"column":12},"end":{"line":70,"column":75}},"35":{"start":{"line":76,"column":8},"end":{"line":76,"column":52}},"36":{"start":{"line":78,"column":8},"end":{"line":78,"column":24}},"37":{"start":{"line":79,"column":8},"end":{"line":81,"column":11}},"38":{"start":{"line":84,"column":8},"end":{"line":84,"column":18}},"39":{"start":{"line":88,"column":0},"end":{"line":130,"column":3}},"40":{"start":{"line":89,"column":4},"end":{"line":129,"column":5}},"41":{"start":{"line":90,"column":8},"end":{"line":92,"column":9}},"42":{"start":{"line":91,"column":12},"end":{"line":91,"column":71}},"43":{"start":{"line":94,"column":20},"end":{"line":94,"column":34}},"44":{"start":{"line":95,"column":23},"end":{"line":95,"column":40}},"45":{"start":{"line":99,"column":23},"end":{"line":99,"column":67}},"46":{"start":{"line":100,"column":8},"end":{"line":102,"column":9}},"47":{"start":{"line":101,"column":12},"end":{"line":101,"column":71}},"48":{"start":{"line":104,"column":8},"end":{"line":106,"column":9}},"49":{"start":{"line":105,"column":12},"end":{"line":105,"column":75}},"50":{"start":{"line":108,"column":18},"end":{"line":108,"column":29}},"51":{"start":{"line":110,"column":8},"end":{"line":110,"column":32}},"52":{"start":{"line":112,"column":8},"end":{"line":114,"column":9}},"53":{"start":{"line":113,"column":12},"end":{"line":113,"column":47}},"54":{"start":{"line":116,"column":8},"end":{"line":118,"column":9}},"55":{"start":{"line":117,"column":12},"end":{"line":117,"column":45}},"56":{"start":{"line":120,"column":8},"end":{"line":120,"column":25}},"57":{"start":{"line":122,"column":8},"end":{"line":122,"column":24}},"58":{"start":{"line":123,"column":8},"end":{"line":125,"column":11}},"59":{"start":{"line":128,"column":8},"end":{"line":128,"column":18}},"60":{"start":{"line":131,"column":0},"end":{"line":167,"column":3}},"61":{"start":{"line":132,"column":4},"end":{"line":166,"column":5}},"62":{"start":{"line":134,"column":8},"end":{"line":136,"column":9}},"63":{"start":{"line":135,"column":12},"end":{"line":135,"column":71}},"64":{"start":{"line":141,"column":20},"end":{"line":141,"column":34}},"65":{"start":{"line":142,"column":23},"end":{"line":142,"column":40}},"66":{"start":{"line":146,"column":23},"end":{"line":146,"column":67}},"67":{"start":{"line":147,"column":8},"end":{"line":149,"column":9}},"68":{"start":{"line":148,"column":12},"end":{"line":148,"column":71}},"69":{"start":{"line":151,"column":8},"end":{"line":153,"column":9}},"70":{"start":{"line":152,"column":12},"end":{"line":152,"column":75}},"71":{"start":{"line":157,"column":8},"end":{"line":157,"column":24}},"72":{"start":{"line":158,"column":8},"end":{"line":160,"column":11}},"73":{"start":{"line":165,"column":8},"end":{"line":165,"column":18}},"74":{"start":{"line":169,"column":0},"end":{"line":169,"column":24}}},"fnMap":{"0":{"name":"(anonymous_0)","decl":{"start":{"line":19,"column":11},"end":{"line":19,"column":12}},"loc":{"start":{"line":19,"column":31},"end":{"line":22,"column":1}},"line":19},"1":{"name":"(anonymous_1)","decl":{"start":{"line":25,"column":23},"end":{"line":25,"column":24}},"loc":{"start":{"line":25,"column":49},"end":{"line":53,"column":1}},"line":25},"2":{"name":"(anonymous_2)","decl":{"start":{"line":55,"column":25},"end":{"line":55,"column":26}},"loc":{"start":{"line":55,"column":51},"end":{"line":86,"column":1}},"line":55},"3":{"name":"(anonymous_3)","decl":{"start":{"line":88,"column":22},"end":{"line":88,"column":23}},"loc":{"start":{"line":88,"column":48},"end":{"line":130,"column":1}},"line":88},"4":{"name":"(anonymous_4)","decl":{"start":{"line":131,"column":22},"end":{"line":131,"column":23}},"loc":{"start":{"line":131,"column":48},"end":{"line":167,"column":1}},"line":131}},"branchMap":{"0":{"loc":{"start":{"line":27,"column":8},"end":{"line":29,"column":9}},"type":"if","locations":[{"start":{"line":27,"column":8},"end":{"line":29,"column":9}},{"start":{},"end":{}}],"line":27},"1":{"loc":{"start":{"line":33,"column":24},"end":{"line":33,"column":55}},"type":"binary-expr","locations":[{"start":{"line":33,"column":24},"end":{"line":33,"column":42}},{"start":{"line":33,"column":46},"end":{"line":33,"column":55}}],"line":33},"2":{"loc":{"start":{"line":34,"column":23},"end":{"line":34,"column":50}},"type":"binary-expr","locations":[{"start":{"line":34,"column":23},"end":{"line":34,"column":40}},{"start":{"line":34,"column":44},"end":{"line":34,"column":50}}],"line":34},"3":{"loc":{"start":{"line":57,"column":8},"end":{"line":59,"column":9}},"type":"if","locations":[{"start":{"line":57,"column":8},"end":{"line":59,"column":9}},{"start":{},"end":{}}],"line":57},"4":{"loc":{"start":{"line":65,"column":8},"end":{"line":67,"column":9}},"type":"if","locations":[{"start":{"line":65,"column":8},"end":{"line":67,"column":9}},{"start":{},"end":{}}],"line":65},"5":{"loc":{"start":{"line":65,"column":12},"end":{"line":65,"column":104}},"type":"binary-expr","locations":[{"start":{"line":65,"column":12},"end":{"line":65,"column":28}},{"start":{"line":65,"column":32},"end":{"line":65,"column":53}},{"start":{"line":65,"column":57},"end":{"line":65,"column":81}},{"start":{"line":65,"column":85},"end":{"line":65,"column":104}}],"line":65},"6":{"loc":{"start":{"line":69,"column":8},"end":{"line":71,"column":9}},"type":"if","locations":[{"start":{"line":69,"column":8},"end":{"line":71,"column":9}},{"start":{},"end":{}}],"line":69},"7":{"loc":{"start":{"line":90,"column":8},"end":{"line":92,"column":9}},"type":"if","locations":[{"start":{"line":90,"column":8},"end":{"line":92,"column":9}},{"start":{},"end":{}}],"line":90},"8":{"loc":{"start":{"line":100,"column":8},"end":{"line":102,"column":9}},"type":"if","locations":[{"start":{"line":100,"column":8},"end":{"line":102,"column":9}},{"start":{},"end":{}}],"line":100},"9":{"loc":{"start":{"line":100,"column":12},"end":{"line":100,"column":104}},"type":"binary-expr","locations":[{"start":{"line":100,"column":12},"end":{"line":100,"column":28}},{"start":{"line":100,"column":32},"end":{"line":100,"column":53}},{"start":{"line":100,"column":57},"end":{"line":100,"column":81}},{"start":{"line":100,"column":85},"end":{"line":100,"column":104}}],"line":100},"10":{"loc":{"start":{"line":104,"column":8},"end":{"line":106,"column":9}},"type":"if","locations":[{"start":{"line":104,"column":8},"end":{"line":106,"column":9}},{"start":{},"end":{}}],"line":104},"11":{"loc":{"start":{"line":112,"column":8},"end":{"line":114,"column":9}},"type":"if","locations":[{"start":{"line":112,"column":8},"end":{"line":114,"column":9}},{"start":{},"end":{}}],"line":112},"12":{"loc":{"start":{"line":116,"column":8},"end":{"line":118,"column":9}},"type":"if","locations":[{"start":{"line":116,"column":8},"end":{"line":118,"column":9}},{"start":{},"end":{}}],"line":116},"13":{"loc":{"start":{"line":134,"column":8},"end":{"line":136,"column":9}},"type":"if","locations":[{"start":{"line":134,"column":8},"end":{"line":136,"column":9}},{"start":{},"end":{}}],"line":134},"14":{"loc":{"start":{"line":147,"column":8},"end":{"line":149,"column":9}},"type":"if","locations":[{"start":{"line":147,"column":8},"end":{"line":149,"column":9}},{"start":{},"end":{}}],"line":147},"15":{"loc":{"start":{"line":147,"column":12},"end":{"line":147,"column":104}},"type":"binary-expr","locations":[{"start":{"line":147,"column":12},"end":{"line":147,"column":28}},{"start":{"line":147,"column":32},"end":{"line":147,"column":53}},{"start":{"line":147,"column":57},"end":{"line":147,"column":81}},{"start":{"line":147,"column":85},"end":{"line":147,"column":104}}],"line":147},"16":{"loc":{"start":{"line":151,"column":8},"end":{"line":153,"column":9}},"type":"if","locations":[{"start":{"line":151,"column":8},"end":{"line":153,"column":9}},{"start":{},"end":{}}],"line":151}},"s":{"0":1,"1":1,"2":1,"3":1,"4":1,"5":1,"6":1,"7":1,"8":1,"9":5,"10":5,"11":1,"12":0,"13":0,"14":0,"15":0,"16":0,"17":0,"18":0,"19":0,"20":0,"21":0,"22":0,"23":0,"24":1,"25":5,"26":5,"27":2,"28":3,"29":3,"30":3,"31":3,"32":2,"33":1,"34":1,"35":0,"36":0,"37":0,"38":5,"39":1,"40":0,"41":0,"42":0,"43":0,"44":0,"45":0,"46":0,"47":0,"48":0,"49":0,"50":0,"51":0,"52":0,"53":0,"54":0,"55":0,"56":0,"57":0,"58":0,"59":0,"60":1,"61":0,"62":0,"63":0,"64":0,"65":0,"66":0,"67":0,"68":0,"69":0,"70":0,"71":0,"72":0,"73":0,"74":1},"f":{"0":5,"1":0,"2":5,"3":0,"4":0},"b":{"0":[0,0],"1":[0,0],"2":[0,0],"3":[2,3],"4":[2,1],"5":[3,3,3,1],"6":[1,0],"7":[0,0],"8":[0,0],"9":[0,0,0,0],"10":[0,0],"11":[0,0],"12":[0,0],"13":[0,0],"14":[0,0],"15":[0,0,0,0],"16":[0,0]},"_coverageSchema":"1a1c01bbd47fc00a2c39e90264f33305004495a9","hash":"8acd919461c780bca770ae9d1838f6aa4565864f"}
,"C:\\Users\\tylec\\OneDrive\\Documents\\GitHub\\cs321_team4\\src\\routes\\expense-route.js": {"path":"C:\\Users\\tylec\\OneDrive\\Documents\\GitHub\\cs321_team4\\src\\routes\\expense-route.js","statementMap":{"0":{"start":{"line":1,"column":16},"end":{"line":1,"column":34}},"1":{"start":{"line":2,"column":17},"end":{"line":2,"column":36}},"2":{"start":{"line":3,"column":21},"end":{"line":3,"column":55}},"3":{"start":{"line":4,"column":22},"end":{"line":4,"column":58}},"4":{"start":{"line":5,"column":23},"end":{"line":5,"column":60}},"5":{"start":{"line":6,"column":21},"end":{"line":6,"column":55}},"6":{"start":{"line":7,"column":15},"end":{"line":7,"column":31}},"7":{"start":{"line":8,"column":15},"end":{"line":8,"column":26}},"8":{"start":{"line":10,"column":0},"end":{"line":13,"column":3}},"9":{"start":{"line":11,"column":4},"end":{"line":11,"column":42}},"10":{"start":{"line":12,"column":4},"end":{"line":12,"column":11}},"11":{"start":{"line":15,"column":0},"end":{"line":49,"column":3}},"12":{"start":{"line":16,"column":4},"end":{"line":16,"column":26}},"13":{"start":{"line":17,"column":4},"end":{"line":48,"column":5}},"14":{"start":{"line":19,"column":8},"end":{"line":21,"column":9}},"15":{"start":{"line":20,"column":12},"end":{"line":20,"column":77}},"16":{"start":{"line":24,"column":20},"end":{"line":24,"column":35}},"17":{"start":{"line":25,"column":25},"end":{"line":25,"column":56}},"18":{"start":{"line":27,"column":8},"end":{"line":33,"column":10}},"19":{"start":{"line":28,"column":25},"end":{"line":31,"column":14}},"20":{"start":{"line":42,"column":8},"end":{"line":42,"column":24}},"21":{"start":{"line":43,"column":8},"end":{"line":45,"column":10}},"22":{"start":{"line":47,"column":8},"end":{"line":47,"column":18}},"23":{"start":{"line":51,"column":0},"end":{"line":98,"column":3}},"24":{"start":{"line":52,"column":4},"end":{"line":52,"column":23}},"25":{"start":{"line":54,"column":4},"end":{"line":97,"column":5}},"26":{"start":{"line":58,"column":8},"end":{"line":60,"column":9}},"27":{"start":{"line":59,"column":12},"end":{"line":59,"column":71}},"28":{"start":{"line":63,"column":20},"end":{"line":63,"column":34}},"29":{"start":{"line":64,"column":21},"end":{"line":64,"column":36}},"30":{"start":{"line":65,"column":21},"end":{"line":65,"column":36}},"31":{"start":{"line":66,"column":26},"end":{"line":66,"column":46}},"32":{"start":{"line":67,"column":19},"end":{"line":67,"column":32}},"33":{"start":{"line":69,"column":23},"end":{"line":69,"column":40}},"34":{"start":{"line":71,"column":22},"end":{"line":77,"column":10}},"35":{"start":{"line":79,"column":8},"end":{"line":81,"column":9}},"36":{"start":{"line":80,"column":12},"end":{"line":80,"column":43}},"37":{"start":{"line":83,"column":8},"end":{"line":85,"column":9}},"38":{"start":{"line":84,"column":12},"end":{"line":84,"column":41}},"39":{"start":{"line":87,"column":8},"end":{"line":87,"column":23}},"40":{"start":{"line":89,"column":8},"end":{"line":89,"column":24}},"41":{"start":{"line":90,"column":8},"end":{"line":93,"column":11}},"42":{"start":{"line":96,"column":8},"end":{"line":96,"column":18}},"43":{"start":{"line":106,"column":0},"end":{"line":125,"column":3}},"44":{"start":{"line":107,"column":4},"end":{"line":107,"column":23}},"45":{"start":{"line":108,"column":4},"end":{"line":124,"column":5}},"46":{"start":{"line":109,"column":8},"end":{"line":114,"column":9}},"47":{"start":{"line":113,"column":12},"end":{"line":113,"column":77}},"48":{"start":{"line":116,"column":20},"end":{"line":116,"column":35}},"49":{"start":{"line":118,"column":22},"end":{"line":118,"column":69}},"50":{"start":{"line":120,"column":8},"end":{"line":120,"column":24}},"51":{"start":{"line":121,"column":8},"end":{"line":121,"column":26}},"52":{"start":{"line":123,"column":8},"end":{"line":123,"column":18}},"53":{"start":{"line":127,"column":0},"end":{"line":166,"column":3}},"54":{"start":{"line":128,"column":4},"end":{"line":128,"column":31}},"55":{"start":{"line":129,"column":4},"end":{"line":165,"column":5}},"56":{"start":{"line":131,"column":8},"end":{"line":131,"column":60}},"57":{"start":{"line":132,"column":8},"end":{"line":132,"column":58}},"58":{"start":{"line":134,"column":8},"end":{"line":141,"column":9}},"59":{"start":{"line":140,"column":12},"end":{"line":140,"column":77}},"60":{"start":{"line":143,"column":20},"end":{"line":143,"column":35}},"61":{"start":{"line":144,"column":24},"end":{"line":144,"column":53}},"62":{"start":{"line":145,"column":22},"end":{"line":145,"column":49}},"63":{"start":{"line":151,"column":22},"end":{"line":153,"column":89}},"64":{"start":{"line":160,"column":8},"end":{"line":160,"column":24}},"65":{"start":{"line":161,"column":8},"end":{"line":161,"column":26}},"66":{"start":{"line":164,"column":8},"end":{"line":164,"column":18}},"67":{"start":{"line":168,"column":0},"end":{"line":205,"column":3}},"68":{"start":{"line":169,"column":4},"end":{"line":169,"column":26}},"69":{"start":{"line":171,"column":4},"end":{"line":204,"column":5}},"70":{"start":{"line":172,"column":8},"end":{"line":178,"column":9}},"71":{"start":{"line":177,"column":12},"end":{"line":177,"column":77}},"72":{"start":{"line":180,"column":20},"end":{"line":180,"column":35}},"73":{"start":{"line":181,"column":20},"end":{"line":181,"column":46}},"74":{"start":{"line":182,"column":8},"end":{"line":185,"column":9}},"75":{"start":{"line":184,"column":12},"end":{"line":184,"column":39}},"76":{"start":{"line":187,"column":22},"end":{"line":187,"column":24}},"77":{"start":{"line":188,"column":8},"end":{"line":197,"column":9}},"78":{"start":{"line":188,"column":21},"end":{"line":188,"column":22}},"79":{"start":{"line":189,"column":23},"end":{"line":189,"column":31}},"80":{"start":{"line":190,"column":32},"end":{"line":192,"column":43}},"81":{"start":{"line":194,"column":12},"end":{"line":196,"column":15}},"82":{"start":{"line":195,"column":16},"end":{"line":195,"column":37}},"83":{"start":{"line":199,"column":8},"end":{"line":199,"column":24}},"84":{"start":{"line":200,"column":8},"end":{"line":200,"column":26}},"85":{"start":{"line":203,"column":8},"end":{"line":203,"column":18}},"86":{"start":{"line":207,"column":0},"end":{"line":255,"column":3}},"87":{"start":{"line":209,"column":4},"end":{"line":254,"column":5}},"88":{"start":{"line":211,"column":8},"end":{"line":211,"column":60}},"89":{"start":{"line":212,"column":8},"end":{"line":212,"column":58}},"90":{"start":{"line":214,"column":8},"end":{"line":222,"column":9}},"91":{"start":{"line":221,"column":12},"end":{"line":221,"column":77}},"92":{"start":{"line":224,"column":20},"end":{"line":224,"column":35}},"93":{"start":{"line":225,"column":24},"end":{"line":225,"column":53}},"94":{"start":{"line":226,"column":22},"end":{"line":226,"column":49}},"95":{"start":{"line":227,"column":20},"end":{"line":227,"column":46}},"96":{"start":{"line":228,"column":8},"end":{"line":231,"column":9}},"97":{"start":{"line":230,"column":12},"end":{"line":230,"column":39}},"98":{"start":{"line":236,"column":22},"end":{"line":236,"column":24}},"99":{"start":{"line":237,"column":8},"end":{"line":248,"column":9}},"100":{"start":{"line":237,"column":21},"end":{"line":237,"column":22}},"101":{"start":{"line":238,"column":23},"end":{"line":238,"column":31}},"102":{"start":{"line":239,"column":32},"end":{"line":242,"column":43}},"103":{"start":{"line":245,"column":12},"end":{"line":247,"column":15}},"104":{"start":{"line":246,"column":16},"end":{"line":246,"column":37}},"105":{"start":{"line":250,"column":8},"end":{"line":250,"column":24}},"106":{"start":{"line":251,"column":8},"end":{"line":251,"column":26}},"107":{"start":{"line":253,"column":8},"end":{"line":253,"column":18}},"108":{"start":{"line":257,"column":0},"end":{"line":283,"column":3}},"109":{"start":{"line":259,"column":4},"end":{"line":282,"column":5}},"110":{"start":{"line":260,"column":8},"end":{"line":260,"column":49}},"111":{"start":{"line":261,"column":8},"end":{"line":268,"column":9}},"112":{"start":{"line":267,"column":12},"end":{"line":267,"column":77}},"113":{"start":{"line":270,"column":20},"end":{"line":270,"column":35}},"114":{"start":{"line":271,"column":25},"end":{"line":271,"column":51}},"115":{"start":{"line":272,"column":25},"end":{"line":272,"column":51}},"116":{"start":{"line":274,"column":22},"end":{"line":276,"column":56}},"117":{"start":{"line":278,"column":8},"end":{"line":278,"column":24}},"118":{"start":{"line":279,"column":8},"end":{"line":279,"column":26}},"119":{"start":{"line":281,"column":8},"end":{"line":281,"column":18}},"120":{"start":{"line":285,"column":0},"end":{"line":318,"column":3}},"121":{"start":{"line":287,"column":4},"end":{"line":317,"column":5}},"122":{"start":{"line":288,"column":8},"end":{"line":288,"column":49}},"123":{"start":{"line":289,"column":8},"end":{"line":289,"column":60}},"124":{"start":{"line":290,"column":8},"end":{"line":290,"column":58}},"125":{"start":{"line":292,"column":8},"end":{"line":301,"column":9}},"126":{"start":{"line":300,"column":12},"end":{"line":300,"column":77}},"127":{"start":{"line":303,"column":20},"end":{"line":303,"column":35}},"128":{"start":{"line":304,"column":25},"end":{"line":304,"column":51}},"129":{"start":{"line":305,"column":25},"end":{"line":305,"column":51}},"130":{"start":{"line":306,"column":24},"end":{"line":306,"column":53}},"131":{"start":{"line":307,"column":22},"end":{"line":307,"column":49}},"132":{"start":{"line":308,"column":22},"end":{"line":311,"column":56}},"133":{"start":{"line":313,"column":8},"end":{"line":313,"column":24}},"134":{"start":{"line":314,"column":8},"end":{"line":314,"column":26}},"135":{"start":{"line":316,"column":8},"end":{"line":316,"column":18}},"136":{"start":{"line":322,"column":0},"end":{"line":322,"column":24}}},"fnMap":{"0":{"name":"(anonymous_0)","decl":{"start":{"line":10,"column":11},"end":{"line":10,"column":12}},"loc":{"start":{"line":10,"column":31},"end":{"line":13,"column":1}},"line":10},"1":{"name":"(anonymous_1)","decl":{"start":{"line":15,"column":25},"end":{"line":15,"column":26}},"loc":{"start":{"line":15,"column":47},"end":{"line":49,"column":1}},"line":15},"2":{"name":"(anonymous_2)","decl":{"start":{"line":27,"column":27},"end":{"line":27,"column":28}},"loc":{"start":{"line":27,"column":46},"end":{"line":33,"column":9}},"line":27},"3":{"name":"(anonymous_3)","decl":{"start":{"line":51,"column":20},"end":{"line":51,"column":21}},"loc":{"start":{"line":51,"column":46},"end":{"line":98,"column":1}},"line":51},"4":{"name":"(anonymous_4)","decl":{"start":{"line":106,"column":19},"end":{"line":106,"column":20}},"loc":{"start":{"line":106,"column":45},"end":{"line":125,"column":1}},"line":106},"5":{"name":"(anonymous_5)","decl":{"start":{"line":127,"column":27},"end":{"line":127,"column":28}},"loc":{"start":{"line":127,"column":53},"end":{"line":166,"column":1}},"line":127},"6":{"name":"(anonymous_6)","decl":{"start":{"line":168,"column":22},"end":{"line":168,"column":23}},"loc":{"start":{"line":168,"column":48},"end":{"line":205,"column":1}},"line":168},"7":{"name":"(anonymous_7)","decl":{"start":{"line":194,"column":34},"end":{"line":194,"column":35}},"loc":{"start":{"line":194,"column":44},"end":{"line":196,"column":13}},"line":194},"8":{"name":"(anonymous_8)","decl":{"start":{"line":207,"column":32},"end":{"line":207,"column":33}},"loc":{"start":{"line":207,"column":58},"end":{"line":255,"column":1}},"line":207},"9":{"name":"(anonymous_9)","decl":{"start":{"line":245,"column":34},"end":{"line":245,"column":35}},"loc":{"start":{"line":245,"column":44},"end":{"line":247,"column":13}},"line":245},"10":{"name":"(anonymous_10)","decl":{"start":{"line":257,"column":24},"end":{"line":257,"column":25}},"loc":{"start":{"line":257,"column":50},"end":{"line":283,"column":1}},"line":257},"11":{"name":"(anonymous_11)","decl":{"start":{"line":285,"column":34},"end":{"line":285,"column":35}},"loc":{"start":{"line":285,"column":60},"end":{"line":318,"column":1}},"line":285}},"branchMap":{"0":{"loc":{"start":{"line":19,"column":8},"end":{"line":21,"column":9}},"type":"if","locations":[{"start":{"line":19,"column":8},"end":{"line":21,"column":9}},{"start":{},"end":{}}],"line":19},"1":{"loc":{"start":{"line":19,"column":12},"end":{"line":19,"column":77}},"type":"binary-expr","locations":[{"start":{"line":19,"column":12},"end":{"line":19,"column":45}},{"start":{"line":19,"column":49},"end":{"line":19,"column":77}}],"line":19},"2":{"loc":{"start":{"line":58,"column":8},"end":{"line":60,"column":9}},"type":"if","locations":[{"start":{"line":58,"column":8},"end":{"line":60,"column":9}},{"start":{},"end":{}}],"line":58},"3":{"loc":{"start":{"line":79,"column":8},"end":{"line":81,"column":9}},"type":"if","locations":[{"start":{"line":79,"column":8},"end":{"line":81,"column":9}},{"start":{},"end":{}}],"line":79},"4":{"loc":{"start":{"line":83,"column":8},"end":{"line":85,"column":9}},"type":"if","locations":[{"start":{"line":83,"column":8},"end":{"line":85,"column":9}},{"start":{},"end":{}}],"line":83},"5":{"loc":{"start":{"line":109,"column":8},"end":{"line":114,"column":9}},"type":"if","locations":[{"start":{"line":109,"column":8},"end":{"line":114,"column":9}},{"start":{},"end":{}}],"line":109},"6":{"loc":{"start":{"line":134,"column":8},"end":{"line":141,"column":9}},"type":"if","locations":[{"start":{"line":134,"column":8},"end":{"line":141,"column":9}},{"start":{},"end":{}}],"line":134},"7":{"loc":{"start":{"line":172,"column":8},"end":{"line":178,"column":9}},"type":"if","locations":[{"start":{"line":172,"column":8},"end":{"line":178,"column":9}},{"start":{},"end":{}}],"line":172},"8":{"loc":{"start":{"line":182,"column":8},"end":{"line":185,"column":9}},"type":"if","locations":[{"start":{"line":182,"column":8},"end":{"line":185,"column":9}},{"start":{},"end":{}}],"line":182},"9":{"loc":{"start":{"line":214,"column":8},"end":{"line":222,"column":9}},"type":"if","locations":[{"start":{"line":214,"column":8},"end":{"line":222,"column":9}},{"start":{},"end":{}}],"line":214},"10":{"loc":{"start":{"line":228,"column":8},"end":{"line":231,"column":9}},"type":"if","locations":[{"start":{"line":228,"column":8},"end":{"line":231,"column":9}},{"start":{},"end":{}}],"line":228},"11":{"loc":{"start":{"line":261,"column":8},"end":{"line":268,"column":9}},"type":"if","locations":[{"start":{"line":261,"column":8},"end":{"line":268,"column":9}},{"start":{},"end":{}}],"line":261},"12":{"loc":{"start":{"line":292,"column":8},"end":{"line":301,"column":9}},"type":"if","locations":[{"start":{"line":292,"column":8},"end":{"line":301,"column":9}},{"start":{},"end":{}}],"line":292}},"s":{"0":1,"1":1,"2":1,"3":1,"4":1,"5":1,"6":1,"7":1,"8":1,"9":0,"10":0,"11":1,"12":0,"13":0,"14":0,"15":0,"16":0,"17":0,"18":0,"19":0,"20":0,"21":0,"22":0,"23":1,"24":0,"25":0,"26":0,"27":0,"28":0,"29":0,"30":0,"31":0,"32":0,"33":0,"34":0,"35":0,"36":0,"37":0,"38":0,"39":0,"40":0,"41":0,"42":0,"43":1,"44":0,"45":0,"46":0,"47":0,"48":0,"49":0,"50":0,"51":0,"52":0,"53":1,"54":0,"55":0,"56":0,"57":0,"58":0,"59":0,"60":0,"61":0,"62":0,"63":0,"64":0,"65":0,"66":0,"67":1,"68":0,"69":0,"70":0,"71":0,"72":0,"73":0,"74":0,"75":0,"76":0,"77":0,"78":0,"79":0,"80":0,"81":0,"82":0,"83":0,"84":0,"85":0,"86":1,"87":0,"88":0,"89":0,"90":0,"91":0,"92":0,"93":0,"94":0,"95":0,"96":0,"97":0,"98":0,"99":0,"100":0,"101":0,"102":0,"103":0,"104":0,"105":0,"106":0,"107":0,"108":1,"109":0,"110":0,"111":0,"112":0,"113":0,"114":0,"115":0,"116":0,"117":0,"118":0,"119":0,"120":1,"121":0,"122":0,"123":0,"124":0,"125":0,"126":0,"127":0,"128":0,"129":0,"130":0,"131":0,"132":0,"133":0,"134":0,"135":0,"136":1},"f":{"0":0,"1":0,"2":0,"3":0,"4":0,"5":0,"6":0,"7":0,"8":0,"9":0,"10":0,"11":0},"b":{"0":[0,0],"1":[0,0],"2":[0,0],"3":[0,0],"4":[0,0],"5":[0,0],"6":[0,0],"7":[0,0],"8":[0,0],"9":[0,0],"10":[0,0],"11":[0,0],"12":[0,0]},"_coverageSchema":"1a1c01bbd47fc00a2c39e90264f33305004495a9","hash":"9bd904077a0b6c9c9b6b4220d58d2d967a6c9123"}
,"C:\\Users\\tylec\\OneDrive\\Documents\\GitHub\\cs321_team4\\src\\routes\\income-route.js": {"path":"C:\\Users\\tylec\\OneDrive\\Documents\\GitHub\\cs321_team4\\src\\routes\\income-route.js","statementMap":{"0":{"start":{"line":1,"column":16},"end":{"line":1,"column":34}},"1":{"start":{"line":2,"column":17},"end":{"line":2,"column":36}},"2":{"start":{"line":3,"column":21},"end":{"line":3,"column":55}},"3":{"start":{"line":4,"column":22},"end":{"line":4,"column":58}},"4":{"start":{"line":5,"column":22},"end":{"line":5,"column":58}},"5":{"start":{"line":6,"column":20},"end":{"line":6,"column":53}},"6":{"start":{"line":7,"column":15},"end":{"line":7,"column":31}},"7":{"start":{"line":8,"column":15},"end":{"line":8,"column":25}},"8":{"start":{"line":10,"column":0},"end":{"line":13,"column":3}},"9":{"start":{"line":11,"column":4},"end":{"line":11,"column":41}},"10":{"start":{"line":12,"column":4},"end":{"line":12,"column":11}},"11":{"start":{"line":15,"column":0},"end":{"line":46,"column":3}},"12":{"start":{"line":16,"column":4},"end":{"line":16,"column":26}},"13":{"start":{"line":17,"column":4},"end":{"line":45,"column":5}},"14":{"start":{"line":18,"column":8},"end":{"line":20,"column":9}},"15":{"start":{"line":19,"column":12},"end":{"line":19,"column":77}},"16":{"start":{"line":22,"column":20},"end":{"line":22,"column":35}},"17":{"start":{"line":23,"column":24},"end":{"line":23,"column":54}},"18":{"start":{"line":25,"column":8},"end":{"line":30,"column":10}},"19":{"start":{"line":26,"column":25},"end":{"line":29,"column":14}},"20":{"start":{"line":39,"column":8},"end":{"line":39,"column":24}},"21":{"start":{"line":40,"column":8},"end":{"line":42,"column":10}},"22":{"start":{"line":44,"column":8},"end":{"line":44,"column":18}},"23":{"start":{"line":48,"column":0},"end":{"line":85,"column":3}},"24":{"start":{"line":49,"column":4},"end":{"line":49,"column":23}},"25":{"start":{"line":50,"column":4},"end":{"line":84,"column":5}},"26":{"start":{"line":51,"column":8},"end":{"line":53,"column":9}},"27":{"start":{"line":52,"column":12},"end":{"line":52,"column":71}},"28":{"start":{"line":55,"column":20},"end":{"line":55,"column":34}},"29":{"start":{"line":56,"column":21},"end":{"line":56,"column":36}},"30":{"start":{"line":57,"column":25},"end":{"line":57,"column":44}},"31":{"start":{"line":58,"column":19},"end":{"line":58,"column":32}},"32":{"start":{"line":60,"column":23},"end":{"line":60,"column":40}},"33":{"start":{"line":62,"column":21},"end":{"line":68,"column":10}},"34":{"start":{"line":70,"column":8},"end":{"line":72,"column":9}},"35":{"start":{"line":71,"column":12},"end":{"line":71,"column":44}},"36":{"start":{"line":74,"column":8},"end":{"line":74,"column":22}},"37":{"start":{"line":76,"column":8},"end":{"line":76,"column":24}},"38":{"start":{"line":77,"column":8},"end":{"line":80,"column":11}},"39":{"start":{"line":83,"column":8},"end":{"line":83,"column":18}},"40":{"start":{"line":92,"column":0},"end":{"line":110,"column":3}},"41":{"start":{"line":93,"column":4},"end":{"line":93,"column":23}},"42":{"start":{"line":94,"column":4},"end":{"line":109,"column":5}},"43":{"start":{"line":95,"column":8},"end":{"line":100,"column":9}},"44":{"start":{"line":99,"column":12},"end":{"line":99,"column":77}},"45":{"start":{"line":102,"column":20},"end":{"line":102,"column":35}},"46":{"start":{"line":103,"column":22},"end":{"line":103,"column":68}},"47":{"start":{"line":105,"column":8},"end":{"line":105,"column":24}},"48":{"start":{"line":106,"column":8},"end":{"line":106,"column":26}},"49":{"start":{"line":108,"column":8},"end":{"line":108,"column":18}},"50":{"start":{"line":112,"column":0},"end":{"line":142,"column":3}},"51":{"start":{"line":113,"column":4},"end":{"line":113,"column":31}},"52":{"start":{"line":114,"column":4},"end":{"line":141,"column":5}},"53":{"start":{"line":116,"column":8},"end":{"line":116,"column":60}},"54":{"start":{"line":117,"column":8},"end":{"line":117,"column":58}},"55":{"start":{"line":119,"column":8},"end":{"line":126,"column":9}},"56":{"start":{"line":125,"column":12},"end":{"line":125,"column":77}},"57":{"start":{"line":128,"column":20},"end":{"line":128,"column":35}},"58":{"start":{"line":129,"column":24},"end":{"line":129,"column":53}},"59":{"start":{"line":130,"column":22},"end":{"line":130,"column":49}},"60":{"start":{"line":132,"column":22},"end":{"line":134,"column":60}},"61":{"start":{"line":136,"column":8},"end":{"line":136,"column":24}},"62":{"start":{"line":137,"column":8},"end":{"line":137,"column":26}},"63":{"start":{"line":140,"column":8},"end":{"line":140,"column":18}},"64":{"start":{"line":144,"column":0},"end":{"line":180,"column":3}},"65":{"start":{"line":145,"column":4},"end":{"line":145,"column":26}},"66":{"start":{"line":146,"column":4},"end":{"line":179,"column":5}},"67":{"start":{"line":147,"column":8},"end":{"line":153,"column":9}},"68":{"start":{"line":152,"column":12},"end":{"line":152,"column":77}},"69":{"start":{"line":155,"column":20},"end":{"line":155,"column":35}},"70":{"start":{"line":156,"column":20},"end":{"line":156,"column":46}},"71":{"start":{"line":157,"column":8},"end":{"line":159,"column":9}},"72":{"start":{"line":158,"column":12},"end":{"line":158,"column":39}},"73":{"start":{"line":161,"column":22},"end":{"line":161,"column":24}},"74":{"start":{"line":162,"column":8},"end":{"line":172,"column":9}},"75":{"start":{"line":162,"column":21},"end":{"line":162,"column":22}},"76":{"start":{"line":163,"column":23},"end":{"line":163,"column":31}},"77":{"start":{"line":165,"column":32},"end":{"line":166,"column":56}},"78":{"start":{"line":168,"column":12},"end":{"line":171,"column":15}},"79":{"start":{"line":170,"column":16},"end":{"line":170,"column":37}},"80":{"start":{"line":174,"column":8},"end":{"line":174,"column":24}},"81":{"start":{"line":175,"column":8},"end":{"line":175,"column":26}},"82":{"start":{"line":178,"column":8},"end":{"line":178,"column":18}},"83":{"start":{"line":182,"column":0},"end":{"line":228,"column":3}},"84":{"start":{"line":184,"column":4},"end":{"line":227,"column":5}},"85":{"start":{"line":186,"column":8},"end":{"line":186,"column":60}},"86":{"start":{"line":187,"column":8},"end":{"line":187,"column":58}},"87":{"start":{"line":189,"column":8},"end":{"line":197,"column":9}},"88":{"start":{"line":196,"column":12},"end":{"line":196,"column":77}},"89":{"start":{"line":199,"column":20},"end":{"line":199,"column":35}},"90":{"start":{"line":200,"column":24},"end":{"line":200,"column":53}},"91":{"start":{"line":201,"column":22},"end":{"line":201,"column":49}},"92":{"start":{"line":202,"column":20},"end":{"line":202,"column":46}},"93":{"start":{"line":203,"column":8},"end":{"line":205,"column":9}},"94":{"start":{"line":204,"column":12},"end":{"line":204,"column":39}},"95":{"start":{"line":207,"column":22},"end":{"line":207,"column":24}},"96":{"start":{"line":208,"column":8},"end":{"line":221,"column":9}},"97":{"start":{"line":208,"column":21},"end":{"line":208,"column":22}},"98":{"start":{"line":209,"column":23},"end":{"line":209,"column":31}},"99":{"start":{"line":210,"column":32},"end":{"line":213,"column":43}},"100":{"start":{"line":217,"column":12},"end":{"line":220,"column":15}},"101":{"start":{"line":219,"column":16},"end":{"line":219,"column":37}},"102":{"start":{"line":223,"column":8},"end":{"line":223,"column":24}},"103":{"start":{"line":224,"column":8},"end":{"line":224,"column":26}},"104":{"start":{"line":226,"column":8},"end":{"line":226,"column":18}},"105":{"start":{"line":230,"column":0},"end":{"line":256,"column":3}},"106":{"start":{"line":232,"column":4},"end":{"line":255,"column":5}},"107":{"start":{"line":233,"column":8},"end":{"line":233,"column":49}},"108":{"start":{"line":234,"column":8},"end":{"line":241,"column":9}},"109":{"start":{"line":240,"column":12},"end":{"line":240,"column":77}},"110":{"start":{"line":243,"column":20},"end":{"line":243,"column":35}},"111":{"start":{"line":244,"column":25},"end":{"line":244,"column":51}},"112":{"start":{"line":245,"column":25},"end":{"line":245,"column":51}},"113":{"start":{"line":247,"column":22},"end":{"line":249,"column":60}},"114":{"start":{"line":251,"column":8},"end":{"line":251,"column":24}},"115":{"start":{"line":252,"column":8},"end":{"line":252,"column":26}},"116":{"start":{"line":254,"column":8},"end":{"line":254,"column":18}},"117":{"start":{"line":258,"column":0},"end":{"line":291,"column":3}},"118":{"start":{"line":260,"column":4},"end":{"line":290,"column":5}},"119":{"start":{"line":261,"column":8},"end":{"line":261,"column":49}},"120":{"start":{"line":262,"column":8},"end":{"line":262,"column":60}},"121":{"start":{"line":263,"column":8},"end":{"line":263,"column":58}},"122":{"start":{"line":265,"column":8},"end":{"line":274,"column":9}},"123":{"start":{"line":273,"column":12},"end":{"line":273,"column":77}},"124":{"start":{"line":276,"column":20},"end":{"line":276,"column":35}},"125":{"start":{"line":277,"column":25},"end":{"line":277,"column":51}},"126":{"start":{"line":278,"column":25},"end":{"line":278,"column":51}},"127":{"start":{"line":279,"column":24},"end":{"line":279,"column":53}},"128":{"start":{"line":280,"column":22},"end":{"line":280,"column":49}},"129":{"start":{"line":281,"column":22},"end":{"line":284,"column":60}},"130":{"start":{"line":286,"column":8},"end":{"line":286,"column":24}},"131":{"start":{"line":287,"column":8},"end":{"line":287,"column":26}},"132":{"start":{"line":289,"column":8},"end":{"line":289,"column":18}},"133":{"start":{"line":295,"column":0},"end":{"line":295,"column":24}}},"fnMap":{"0":{"name":"(anonymous_0)","decl":{"start":{"line":10,"column":11},"end":{"line":10,"column":12}},"loc":{"start":{"line":10,"column":31},"end":{"line":13,"column":1}},"line":10},"1":{"name":"(anonymous_1)","decl":{"start":{"line":15,"column":25},"end":{"line":15,"column":26}},"loc":{"start":{"line":15,"column":47},"end":{"line":46,"column":1}},"line":15},"2":{"name":"(anonymous_2)","decl":{"start":{"line":25,"column":26},"end":{"line":25,"column":27}},"loc":{"start":{"line":25,"column":44},"end":{"line":30,"column":9}},"line":25},"3":{"name":"(anonymous_3)","decl":{"start":{"line":48,"column":20},"end":{"line":48,"column":21}},"loc":{"start":{"line":48,"column":46},"end":{"line":85,"column":1}},"line":48},"4":{"name":"(anonymous_4)","decl":{"start":{"line":92,"column":19},"end":{"line":92,"column":20}},"loc":{"start":{"line":92,"column":45},"end":{"line":110,"column":1}},"line":92},"5":{"name":"(anonymous_5)","decl":{"start":{"line":112,"column":27},"end":{"line":112,"column":28}},"loc":{"start":{"line":112,"column":53},"end":{"line":142,"column":1}},"line":112},"6":{"name":"(anonymous_6)","decl":{"start":{"line":144,"column":22},"end":{"line":144,"column":23}},"loc":{"start":{"line":144,"column":48},"end":{"line":180,"column":1}},"line":144},"7":{"name":"(anonymous_7)","decl":{"start":{"line":168,"column":34},"end":{"line":168,"column":35}},"loc":{"start":{"line":168,"column":46},"end":{"line":171,"column":13}},"line":168},"8":{"name":"(anonymous_8)","decl":{"start":{"line":182,"column":32},"end":{"line":182,"column":33}},"loc":{"start":{"line":182,"column":58},"end":{"line":228,"column":1}},"line":182},"9":{"name":"(anonymous_9)","decl":{"start":{"line":217,"column":34},"end":{"line":217,"column":35}},"loc":{"start":{"line":217,"column":46},"end":{"line":220,"column":13}},"line":217},"10":{"name":"(anonymous_10)","decl":{"start":{"line":230,"column":24},"end":{"line":230,"column":25}},"loc":{"start":{"line":230,"column":50},"end":{"line":256,"column":1}},"line":230},"11":{"name":"(anonymous_11)","decl":{"start":{"line":258,"column":34},"end":{"line":258,"column":35}},"loc":{"start":{"line":258,"column":60},"end":{"line":291,"column":1}},"line":258}},"branchMap":{"0":{"loc":{"start":{"line":18,"column":8},"end":{"line":20,"column":9}},"type":"if","locations":[{"start":{"line":18,"column":8},"end":{"line":20,"column":9}},{"start":{},"end":{}}],"line":18},"1":{"loc":{"start":{"line":18,"column":12},"end":{"line":18,"column":75}},"type":"binary-expr","locations":[{"start":{"line":18,"column":12},"end":{"line":18,"column":44}},{"start":{"line":18,"column":48},"end":{"line":18,"column":75}}],"line":18},"2":{"loc":{"start":{"line":51,"column":8},"end":{"line":53,"column":9}},"type":"if","locations":[{"start":{"line":51,"column":8},"end":{"line":53,"column":9}},{"start":{},"end":{}}],"line":51},"3":{"loc":{"start":{"line":70,"column":8},"end":{"line":72,"column":9}},"type":"if","locations":[{"start":{"line":70,"column":8},"end":{"line":72,"column":9}},{"start":{},"end":{}}],"line":70},"4":{"loc":{"start":{"line":95,"column":8},"end":{"line":100,"column":9}},"type":"if","locations":[{"start":{"line":95,"column":8},"end":{"line":100,"column":9}},{"start":{},"end":{}}],"line":95},"5":{"loc":{"start":{"line":119,"column":8},"end":{"line":126,"column":9}},"type":"if","locations":[{"start":{"line":119,"column":8},"end":{"line":126,"column":9}},{"start":{},"end":{}}],"line":119},"6":{"loc":{"start":{"line":147,"column":8},"end":{"line":153,"column":9}},"type":"if","locations":[{"start":{"line":147,"column":8},"end":{"line":153,"column":9}},{"start":{},"end":{}}],"line":147},"7":{"loc":{"start":{"line":157,"column":8},"end":{"line":159,"column":9}},"type":"if","locations":[{"start":{"line":157,"column":8},"end":{"line":159,"column":9}},{"start":{},"end":{}}],"line":157},"8":{"loc":{"start":{"line":189,"column":8},"end":{"line":197,"column":9}},"type":"if","locations":[{"start":{"line":189,"column":8},"end":{"line":197,"column":9}},{"start":{},"end":{}}],"line":189},"9":{"loc":{"start":{"line":203,"column":8},"end":{"line":205,"column":9}},"type":"if","locations":[{"start":{"line":203,"column":8},"end":{"line":205,"column":9}},{"start":{},"end":{}}],"line":203},"10":{"loc":{"start":{"line":234,"column":8},"end":{"line":241,"column":9}},"type":"if","locations":[{"start":{"line":234,"column":8},"end":{"line":241,"column":9}},{"start":{},"end":{}}],"line":234},"11":{"loc":{"start":{"line":265,"column":8},"end":{"line":274,"column":9}},"type":"if","locations":[{"start":{"line":265,"column":8},"end":{"line":274,"column":9}},{"start":{},"end":{}}],"line":265}},"s":{"0":1,"1":1,"2":1,"3":1,"4":1,"5":1,"6":1,"7":1,"8":1,"9":0,"10":0,"11":1,"12":0,"13":0,"14":0,"15":0,"16":0,"17":0,"18":0,"19":0,"20":0,"21":0,"22":0,"23":1,"24":0,"25":0,"26":0,"27":0,"28":0,"29":0,"30":0,"31":0,"32":0,"33":0,"34":0,"35":0,"36":0,"37":0,"38":0,"39":0,"40":1,"41":0,"42":0,"43":0,"44":0,"45":0,"46":0,"47":0,"48":0,"49":0,"50":1,"51":0,"52":0,"53":0,"54":0,"55":0,"56":0,"57":0,"58":0,"59":0,"60":0,"61":0,"62":0,"63":0,"64":1,"65":0,"66":0,"67":0,"68":0,"69":0,"70":0,"71":0,"72":0,"73":0,"74":0,"75":0,"76":0,"77":0,"78":0,"79":0,"80":0,"81":0,"82":0,"83":1,"84":0,"85":0,"86":0,"87":0,"88":0,"89":0,"90":0,"91":0,"92":0,"93":0,"94":0,"95":0,"96":0,"97":0,"98":0,"99":0,"100":0,"101":0,"102":0,"103":0,"104":0,"105":1,"106":0,"107":0,"108":0,"109":0,"110":0,"111":0,"112":0,"113":0,"114":0,"115":0,"116":0,"117":1,"118":0,"119":0,"120":0,"121":0,"122":0,"123":0,"124":0,"125":0,"126":0,"127":0,"128":0,"129":0,"130":0,"131":0,"132":0,"133":1},"f":{"0":0,"1":0,"2":0,"3":0,"4":0,"5":0,"6":0,"7":0,"8":0,"9":0,"10":0,"11":0},"b":{"0":[0,0],"1":[0,0],"2":[0,0],"3":[0,0],"4":[0,0],"5":[0,0],"6":[0,0],"7":[0,0],"8":[0,0],"9":[0,0],"10":[0,0],"11":[0,0]},"_coverageSchema":"1a1c01bbd47fc00a2c39e90264f33305004495a9","hash":"f68abb7d7bea007db53cf4b9fb272be1dc36d0a8"}
,"C:\\Users\\tylec\\OneDrive\\Documents\\GitHub\\cs321_team4\\src\\routes\\index.js": {"path":"C:\\Users\\tylec\\OneDrive\\Documents\\GitHub\\cs321_team4\\src\\routes\\index.js","statementMap":{"0":{"start":{"line":7,"column":13},"end":{"line":7,"column":40}},"1":{"start":{"line":9,"column":18},"end":{"line":9,"column":41}},"2":{"start":{"line":19,"column":0},"end":{"line":19,"column":30}},"3":{"start":{"line":20,"column":0},"end":{"line":20,"column":54}},"4":{"start":{"line":21,"column":0},"end":{"line":21,"column":52}},"5":{"start":{"line":22,"column":0},"end":{"line":22,"column":50}},"6":{"start":{"line":25,"column":0},"end":{"line":25,"column":24}}},"fnMap":{},"branchMap":{},"s":{"0":1,"1":1,"2":1,"3":1,"4":1,"5":1,"6":1},"f":{},"b":{},"_coverageSchema":"1a1c01bbd47fc00a2c39e90264f33305004495a9","hash":"e5dfef484893e0826637dfebd9bbd39acc267ce1"}
,"C:\\Users\\tylec\\OneDrive\\Documents\\GitHub\\cs321_team4\\src\\routes\\limit-route.js": {"path":"C:\\Users\\tylec\\OneDrive\\Documents\\GitHub\\cs321_team4\\src\\routes\\limit-route.js","statementMap":{"0":{"start":{"line":1,"column":16},"end":{"line":1,"column":34}},"1":{"start":{"line":2,"column":17},"end":{"line":2,"column":36}},"2":{"start":{"line":3,"column":21},"end":{"line":3,"column":55}},"3":{"start":{"line":4,"column":22},"end":{"line":4,"column":58}},"4":{"start":{"line":5,"column":21},"end":{"line":5,"column":56}},"5":{"start":{"line":6,"column":19},"end":{"line":6,"column":51}},"6":{"start":{"line":7,"column":15},"end":{"line":7,"column":31}},"7":{"start":{"line":9,"column":15},"end":{"line":9,"column":24}},"8":{"start":{"line":11,"column":0},"end":{"line":14,"column":3}},"9":{"start":{"line":12,"column":4},"end":{"line":12,"column":40}},"10":{"start":{"line":13,"column":4},"end":{"line":13,"column":11}},"11":{"start":{"line":16,"column":0},"end":{"line":59,"column":3}},"12":{"start":{"line":17,"column":4},"end":{"line":17,"column":23}},"13":{"start":{"line":18,"column":4},"end":{"line":58,"column":5}},"14":{"start":{"line":19,"column":8},"end":{"line":19,"column":56}},"15":{"start":{"line":20,"column":8},"end":{"line":20,"column":57}},"16":{"start":{"line":22,"column":8},"end":{"line":24,"column":9}},"17":{"start":{"line":23,"column":12},"end":{"line":23,"column":71}},"18":{"start":{"line":26,"column":20},"end":{"line":26,"column":34}},"19":{"start":{"line":28,"column":24},"end":{"line":28,"column":42}},"20":{"start":{"line":29,"column":22},"end":{"line":29,"column":40}},"21":{"start":{"line":31,"column":27},"end":{"line":31,"column":48}},"22":{"start":{"line":32,"column":23},"end":{"line":32,"column":40}},"23":{"start":{"line":34,"column":23},"end":{"line":34,"column":28}},"24":{"start":{"line":35,"column":8},"end":{"line":37,"column":9}},"25":{"start":{"line":36,"column":12},"end":{"line":36,"column":41}},"26":{"start":{"line":39,"column":20},"end":{"line":46,"column":10}},"27":{"start":{"line":48,"column":8},"end":{"line":48,"column":21}},"28":{"start":{"line":50,"column":8},"end":{"line":50,"column":24}},"29":{"start":{"line":51,"column":8},"end":{"line":54,"column":11}},"30":{"start":{"line":57,"column":8},"end":{"line":57,"column":18}},"31":{"start":{"line":62,"column":0},"end":{"line":82,"column":3}},"32":{"start":{"line":63,"column":4},"end":{"line":63,"column":23}},"33":{"start":{"line":64,"column":4},"end":{"line":81,"column":5}},"34":{"start":{"line":66,"column":8},"end":{"line":71,"column":9}},"35":{"start":{"line":70,"column":12},"end":{"line":70,"column":77}},"36":{"start":{"line":73,"column":20},"end":{"line":73,"column":35}},"37":{"start":{"line":75,"column":22},"end":{"line":75,"column":67}},"38":{"start":{"line":77,"column":8},"end":{"line":77,"column":24}},"39":{"start":{"line":78,"column":8},"end":{"line":78,"column":26}},"40":{"start":{"line":80,"column":8},"end":{"line":80,"column":18}},"41":{"start":{"line":84,"column":0},"end":{"line":111,"column":3}},"42":{"start":{"line":85,"column":4},"end":{"line":85,"column":26}},"43":{"start":{"line":86,"column":4},"end":{"line":110,"column":5}},"44":{"start":{"line":87,"column":8},"end":{"line":89,"column":9}},"45":{"start":{"line":88,"column":12},"end":{"line":88,"column":77}},"46":{"start":{"line":91,"column":20},"end":{"line":91,"column":35}},"47":{"start":{"line":92,"column":23},"end":{"line":92,"column":52}},"48":{"start":{"line":94,"column":8},"end":{"line":99,"column":10}},"49":{"start":{"line":95,"column":25},"end":{"line":98,"column":14}},"50":{"start":{"line":104,"column":8},"end":{"line":104,"column":24}},"51":{"start":{"line":105,"column":8},"end":{"line":107,"column":10}},"52":{"start":{"line":109,"column":8},"end":{"line":109,"column":18}},"53":{"start":{"line":113,"column":0},"end":{"line":113,"column":24}}},"fnMap":{"0":{"name":"(anonymous_0)","decl":{"start":{"line":11,"column":11},"end":{"line":11,"column":12}},"loc":{"start":{"line":11,"column":31},"end":{"line":14,"column":1}},"line":11},"1":{"name":"(anonymous_1)","decl":{"start":{"line":16,"column":19},"end":{"line":16,"column":20}},"loc":{"start":{"line":16,"column":41},"end":{"line":59,"column":1}},"line":16},"2":{"name":"(anonymous_2)","decl":{"start":{"line":62,"column":19},"end":{"line":62,"column":20}},"loc":{"start":{"line":62,"column":45},"end":{"line":82,"column":1}},"line":62},"3":{"name":"(anonymous_3)","decl":{"start":{"line":84,"column":25},"end":{"line":84,"column":26}},"loc":{"start":{"line":84,"column":47},"end":{"line":111,"column":1}},"line":84},"4":{"name":"(anonymous_4)","decl":{"start":{"line":94,"column":25},"end":{"line":94,"column":26}},"loc":{"start":{"line":94,"column":42},"end":{"line":99,"column":9}},"line":94}},"branchMap":{"0":{"loc":{"start":{"line":22,"column":8},"end":{"line":24,"column":9}},"type":"if","locations":[{"start":{"line":22,"column":8},"end":{"line":24,"column":9}},{"start":{},"end":{}}],"line":22},"1":{"loc":{"start":{"line":35,"column":8},"end":{"line":37,"column":9}},"type":"if","locations":[{"start":{"line":35,"column":8},"end":{"line":37,"column":9}},{"start":{},"end":{}}],"line":35},"2":{"loc":{"start":{"line":66,"column":8},"end":{"line":71,"column":9}},"type":"if","locations":[{"start":{"line":66,"column":8},"end":{"line":71,"column":9}},{"start":{},"end":{}}],"line":66},"3":{"loc":{"start":{"line":87,"column":8},"end":{"line":89,"column":9}},"type":"if","locations":[{"start":{"line":87,"column":8},"end":{"line":89,"column":9}},{"start":{},"end":{}}],"line":87},"4":{"loc":{"start":{"line":87,"column":12},"end":{"line":87,"column":70}},"type":"binary-expr","locations":[{"start":{"line":87,"column":12},"end":{"line":87,"column":40}},{"start":{"line":87,"column":44},"end":{"line":87,"column":70}}],"line":87}},"s":{"0":1,"1":1,"2":1,"3":1,"4":1,"5":1,"6":1,"7":1,"8":1,"9":0,"10":0,"11":1,"12":0,"13":0,"14":0,"15":0,"16":0,"17":0,"18":0,"19":0,"20":0,"21":0,"22":0,"23":0,"24":0,"25":0,"26":0,"27":0,"28":0,"29":0,"30":0,"31":1,"32":0,"33":0,"34":0,"35":0,"36":0,"37":0,"38":0,"39":0,"40":0,"41":1,"42":0,"43":0,"44":0,"45":0,"46":0,"47":0,"48":0,"49":0,"50":0,"51":0,"52":0,"53":1},"f":{"0":0,"1":0,"2":0,"3":0,"4":0},"b":{"0":[0,0],"1":[0,0],"2":[0,0],"3":[0,0],"4":[0,0]},"_coverageSchema":"1a1c01bbd47fc00a2c39e90264f33305004495a9","hash":"86665a580d5c0fc3c19eda4b6d459e501d2e4247"}
}
