{"C:\\Users\\Iman Azher\\Documents\\GitHub\\cs321_team4\\src\\app.js": {"path":"C:\\Users\\Iman Azher\\Documents\\GitHub\\cs321_team4\\src\\app.js","statementMap":{"0":{"start":{"line":1,"column":0},"end":{"line":1,"column":27}},"1":{"start":{"line":2,"column":13},"end":{"line":2,"column":41}},"2":{"start":{"line":3,"column":13},"end":{"line":3,"column":28}},"3":{"start":{"line":4,"column":16},"end":{"line":4,"column":34}},"4":{"start":{"line":5,"column":12},"end":{"line":5,"column":21}},"5":{"start":{"line":10,"column":23},"end":{"line":10,"column":85}},"6":{"start":{"line":11,"column":23},"end":{"line":11,"column":39}},"7":{"start":{"line":18,"column":0},"end":{"line":18,"column":16}},"8":{"start":{"line":20,"column":0},"end":{"line":20,"column":47}},"9":{"start":{"line":21,"column":0},"end":{"line":21,"column":24}},"10":{"start":{"line":24,"column":0},"end":{"line":24,"column":33}},"11":{"start":{"line":32,"column":0},"end":{"line":41,"column":2}},"12":{"start":{"line":35,"column":4},"end":{"line":35,"column":36}},"13":{"start":{"line":36,"column":4},"end":{"line":40,"column":7}},"14":{"start":{"line":44,"column":0},"end":{"line":46,"column":1}}},"fnMap":{"0":{"name":"(anonymous_0)","decl":{"start":{"line":32,"column":8},"end":{"line":32,"column":9}},"loc":{"start":{"line":32,"column":37},"end":{"line":41,"column":1}},"line":32}},"branchMap":{"0":{"loc":{"start":{"line":35,"column":15},"end":{"line":35,"column":34}},"type":"binary-expr","locations":[{"start":{"line":35,"column":15},"end":{"line":35,"column":27}},{"start":{"line":35,"column":31},"end":{"line":35,"column":34}}],"line":35}},"s":{"0":1,"1":1,"2":1,"3":1,"4":1,"5":1,"6":1,"7":1,"8":1,"9":1,"10":1,"11":1,"12":1,"13":1,"14":1},"f":{"0":1},"b":{"0":[1,1]},"_coverageSchema":"1a1c01bbd47fc00a2c39e90264f33305004495a9","hash":"36ff75c283103158f7fe1e221de40dc514720ad6"}
,"C:\\Users\\Iman Azher\\Documents\\GitHub\\cs321_team4\\src\\connections\\mongodb-connect-collin.js": {"path":"C:\\Users\\Iman Azher\\Documents\\GitHub\\cs321_team4\\src\\connections\\mongodb-connect-collin.js","statementMap":{"0":{"start":{"line":1,"column":17},"end":{"line":1,"column":36}},"1":{"start":{"line":2,"column":0},"end":{"line":2,"column":27}},"2":{"start":{"line":12,"column":16},"end":{"line":12,"column":56}},"3":{"start":{"line":13,"column":4},"end":{"line":13,"column":32}},"4":{"start":{"line":14,"column":20},"end":{"line":14,"column":25}},"5":{"start":{"line":28,"column":4},"end":{"line":28,"column":31}},"6":{"start":{"line":32,"column":24},"end":{"line":32,"column":66}},"7":{"start":{"line":33,"column":4},"end":{"line":33,"column":40}},"8":{"start":{"line":34,"column":20},"end":{"line":34,"column":25}},"9":{"start":{"line":36,"column":4},"end":{"line":40,"column":7}},"10":{"start":{"line":37,"column":8},"end":{"line":37,"column":23}},"11":{"start":{"line":42,"column":4},"end":{"line":46,"column":7}},"12":{"start":{"line":43,"column":8},"end":{"line":43,"column":24}},"13":{"start":{"line":48,"column":4},"end":{"line":48,"column":30}},"14":{"start":{"line":52,"column":4},"end":{"line":52,"column":26}},"15":{"start":{"line":54,"column":4},"end":{"line":56,"column":6}},"16":{"start":{"line":55,"column":8},"end":{"line":55,"column":59}},"17":{"start":{"line":59,"column":0},"end":{"line":59,"column":73}}},"fnMap":{"0":{"name":"connectToMongo","decl":{"start":{"line":11,"column":15},"end":{"line":11,"column":29}},"loc":{"start":{"line":11,"column":31},"end":{"line":29,"column":1}},"line":11},"1":{"name":"connectToUsersDb","decl":{"start":{"line":31,"column":15},"end":{"line":31,"column":31}},"loc":{"start":{"line":31,"column":33},"end":{"line":49,"column":1}},"line":31},"2":{"name":"(anonymous_2)","decl":{"start":{"line":36,"column":40},"end":{"line":36,"column":41}},"loc":{"start":{"line":36,"column":55},"end":{"line":40,"column":5}},"line":36},"3":{"name":"(anonymous_3)","decl":{"start":{"line":42,"column":36},"end":{"line":42,"column":37}},"loc":{"start":{"line":42,"column":51},"end":{"line":46,"column":5}},"line":42},"4":{"name":"disconnectFromMongo","decl":{"start":{"line":50,"column":15},"end":{"line":50,"column":34}},"loc":{"start":{"line":50,"column":36},"end":{"line":57,"column":1}},"line":50},"5":{"name":"(anonymous_5)","decl":{"start":{"line":54,"column":43},"end":{"line":54,"column":44}},"loc":{"start":{"line":54,"column":48},"end":{"line":56,"column":5}},"line":54}},"branchMap":{},"s":{"0":1,"1":1,"2":2,"3":2,"4":2,"5":2,"6":0,"7":0,"8":0,"9":0,"10":0,"11":0,"12":0,"13":0,"14":0,"15":0,"16":0,"17":1},"f":{"0":2,"1":0,"2":0,"3":0,"4":0,"5":0},"b":{},"_coverageSchema":"1a1c01bbd47fc00a2c39e90264f33305004495a9","hash":"7440609559e4148f8b8ae1a87322639bc5bbcde0"}
,"C:\\Users\\Iman Azher\\Documents\\GitHub\\cs321_team4\\src\\errors\\plutus-errors.js": {"path":"C:\\Users\\Iman Azher\\Documents\\GitHub\\cs321_team4\\src\\errors\\plutus-errors.js","statementMap":{"0":{"start":{"line":4,"column":8},"end":{"line":4,"column":23}},"1":{"start":{"line":5,"column":8},"end":{"line":5,"column":34}},"2":{"start":{"line":6,"column":8},"end":{"line":6,"column":35}},"3":{"start":{"line":7,"column":8},"end":{"line":7,"column":45}},"4":{"start":{"line":13,"column":8},"end":{"line":17,"column":10}},"5":{"start":{"line":23,"column":8},"end":{"line":27,"column":10}},"6":{"start":{"line":28,"column":8},"end":{"line":28,"column":48}},"7":{"start":{"line":34,"column":8},"end":{"line":38,"column":10}},"8":{"start":{"line":39,"column":8},"end":{"line":39,"column":52}},"9":{"start":{"line":45,"column":8},"end":{"line":49,"column":10}},"10":{"start":{"line":50,"column":8},"end":{"line":50,"column":54}},"11":{"start":{"line":56,"column":8},"end":{"line":60,"column":10}},"12":{"start":{"line":61,"column":8},"end":{"line":61,"column":44}},"13":{"start":{"line":64,"column":0},"end":{"line":70,"column":2}}},"fnMap":{"0":{"name":"(anonymous_0)","decl":{"start":{"line":3,"column":4},"end":{"line":3,"column":5}},"loc":{"start":{"line":3,"column":45},"end":{"line":8,"column":5}},"line":3},"1":{"name":"(anonymous_1)","decl":{"start":{"line":12,"column":4},"end":{"line":12,"column":5}},"loc":{"start":{"line":12,"column":25},"end":{"line":18,"column":5}},"line":12},"2":{"name":"(anonymous_2)","decl":{"start":{"line":22,"column":4},"end":{"line":22,"column":5}},"loc":{"start":{"line":22,"column":25},"end":{"line":29,"column":5}},"line":22},"3":{"name":"(anonymous_3)","decl":{"start":{"line":33,"column":4},"end":{"line":33,"column":5}},"loc":{"start":{"line":33,"column":25},"end":{"line":40,"column":5}},"line":33},"4":{"name":"(anonymous_4)","decl":{"start":{"line":44,"column":4},"end":{"line":44,"column":5}},"loc":{"start":{"line":44,"column":25},"end":{"line":51,"column":5}},"line":44},"5":{"name":"(anonymous_5)","decl":{"start":{"line":55,"column":4},"end":{"line":55,"column":5}},"loc":{"start":{"line":55,"column":25},"end":{"line":62,"column":5}},"line":55}},"branchMap":{},"s":{"0":1,"1":1,"2":1,"3":1,"4":0,"5":0,"6":0,"7":0,"8":0,"9":1,"10":1,"11":0,"12":0,"13":1},"f":{"0":1,"1":0,"2":0,"3":0,"4":1,"5":0},"b":{},"_coverageSchema":"1a1c01bbd47fc00a2c39e90264f33305004495a9","hash":"b1d73e3bcfa5ea5c5247b8497eab2d88f9ddac13"}
,"C:\\Users\\Iman Azher\\Documents\\GitHub\\cs321_team4\\src\\helpers\\auth-helpers.js": {"path":"C:\\Users\\Iman Azher\\Documents\\GitHub\\cs321_team4\\src\\helpers\\auth-helpers.js","statementMap":{"0":{"start":{"line":5,"column":16},"end":{"line":5,"column":34}},"1":{"start":{"line":6,"column":17},"end":{"line":6,"column":36}},"2":{"start":{"line":8,"column":16},"end":{"line":8,"column":47}},"3":{"start":{"line":16,"column":4},"end":{"line":17,"column":21}},"4":{"start":{"line":17,"column":8},"end":{"line":17,"column":21}},"5":{"start":{"line":19,"column":4},"end":{"line":19,"column":44}},"6":{"start":{"line":28,"column":4},"end":{"line":29,"column":21}},"7":{"start":{"line":29,"column":8},"end":{"line":29,"column":21}},"8":{"start":{"line":31,"column":4},"end":{"line":34,"column":6}},"9":{"start":{"line":37,"column":0},"end":{"line":37,"column":32}}},"fnMap":{"0":{"name":"hasLoginKeys","decl":{"start":{"line":15,"column":9},"end":{"line":15,"column":21}},"loc":{"start":{"line":15,"column":26},"end":{"line":20,"column":1}},"line":15},"1":{"name":"hasCreateAccountKeys","decl":{"start":{"line":27,"column":9},"end":{"line":27,"column":29}},"loc":{"start":{"line":27,"column":34},"end":{"line":35,"column":1}},"line":27}},"branchMap":{"0":{"loc":{"start":{"line":16,"column":4},"end":{"line":17,"column":21}},"type":"if","locations":[{"start":{"line":16,"column":4},"end":{"line":17,"column":21}},{"start":{},"end":{}}],"line":16},"1":{"loc":{"start":{"line":19,"column":13},"end":{"line":19,"column":42}},"type":"binary-expr","locations":[{"start":{"line":19,"column":13},"end":{"line":19,"column":24}},{"start":{"line":19,"column":28},"end":{"line":19,"column":42}}],"line":19},"2":{"loc":{"start":{"line":28,"column":4},"end":{"line":29,"column":21}},"type":"if","locations":[{"start":{"line":28,"column":4},"end":{"line":29,"column":21}},{"start":{},"end":{}}],"line":28},"3":{"loc":{"start":{"line":32,"column":8},"end":{"line":33,"column":22}},"type":"binary-expr","locations":[{"start":{"line":32,"column":8},"end":{"line":32,"column":19}},{"start":{"line":33,"column":8},"end":{"line":33,"column":22}}],"line":32}},"s":{"0":1,"1":1,"2":1,"3":0,"4":0,"5":0,"6":0,"7":0,"8":0,"9":1},"f":{"0":0,"1":0},"b":{"0":[0,0],"1":[0,0],"2":[0,0],"3":[0,0]},"_coverageSchema":"1a1c01bbd47fc00a2c39e90264f33305004495a9","hash":"dd1c3c288e4339bf5512446f4ce95c08fa9b1113"}
,"C:\\Users\\Iman Azher\\Documents\\GitHub\\cs321_team4\\src\\helpers\\expense-helpers.js": {"path":"C:\\Users\\Iman Azher\\Documents\\GitHub\\cs321_team4\\src\\helpers\\expense-helpers.js","statementMap":{"0":{"start":{"line":4,"column":29},"end":{"line":29,"column":1}},"1":{"start":{"line":5,"column":4},"end":{"line":7,"column":5}},"2":{"start":{"line":6,"column":8},"end":{"line":6,"column":21}},"3":{"start":{"line":9,"column":4},"end":{"line":11,"column":5}},"4":{"start":{"line":10,"column":8},"end":{"line":10,"column":21}},"5":{"start":{"line":13,"column":18},"end":{"line":19,"column":5}},"6":{"start":{"line":21,"column":4},"end":{"line":26,"column":5}},"7":{"start":{"line":21,"column":17},"end":{"line":21,"column":18}},"8":{"start":{"line":22,"column":21},"end":{"line":22,"column":31}},"9":{"start":{"line":23,"column":8},"end":{"line":25,"column":9}},"10":{"start":{"line":24,"column":12},"end":{"line":24,"column":25}},"11":{"start":{"line":28,"column":4},"end":{"line":28,"column":16}},"12":{"start":{"line":31,"column":0},"end":{"line":31,"column":41}}},"fnMap":{"0":{"name":"(anonymous_0)","decl":{"start":{"line":4,"column":29},"end":{"line":4,"column":30}},"loc":{"start":{"line":4,"column":44},"end":{"line":29,"column":1}},"line":4}},"branchMap":{"0":{"loc":{"start":{"line":5,"column":4},"end":{"line":7,"column":5}},"type":"if","locations":[{"start":{"line":5,"column":4},"end":{"line":7,"column":5}},{"start":{},"end":{}}],"line":5},"1":{"loc":{"start":{"line":9,"column":4},"end":{"line":11,"column":5}},"type":"if","locations":[{"start":{"line":9,"column":4},"end":{"line":11,"column":5}},{"start":{},"end":{}}],"line":9},"2":{"loc":{"start":{"line":23,"column":8},"end":{"line":25,"column":9}},"type":"if","locations":[{"start":{"line":23,"column":8},"end":{"line":25,"column":9}},{"start":{},"end":{}}],"line":23}},"s":{"0":1,"1":0,"2":0,"3":0,"4":0,"5":0,"6":0,"7":0,"8":0,"9":0,"10":0,"11":0,"12":1},"f":{"0":0},"b":{"0":[0,0],"1":[0,0],"2":[0,0]},"_coverageSchema":"1a1c01bbd47fc00a2c39e90264f33305004495a9","hash":"10c1d6878de18747ab39f798d994c44f7b70ca5d"}
,"C:\\Users\\Iman Azher\\Documents\\GitHub\\cs321_team4\\src\\helpers\\global-helpers.js": {"path":"C:\\Users\\Iman Azher\\Documents\\GitHub\\cs321_team4\\src\\helpers\\global-helpers.js","statementMap":{"0":{"start":{"line":5,"column":16},"end":{"line":5,"column":34}},"1":{"start":{"line":7,"column":21},"end":{"line":7,"column":55}},"2":{"start":{"line":9,"column":17},"end":{"line":9,"column":21}},"3":{"start":{"line":10,"column":17},"end":{"line":10,"column":21}},"4":{"start":{"line":11,"column":17},"end":{"line":11,"column":29}},"5":{"start":{"line":12,"column":17},"end":{"line":12,"column":29}},"6":{"start":{"line":14,"column":18},"end":{"line":39,"column":1}},"7":{"start":{"line":16,"column":4},"end":{"line":18,"column":5}},"8":{"start":{"line":17,"column":8},"end":{"line":17,"column":21}},"9":{"start":{"line":20,"column":4},"end":{"line":22,"column":5}},"10":{"start":{"line":21,"column":8},"end":{"line":21,"column":21}},"11":{"start":{"line":23,"column":4},"end":{"line":25,"column":5}},"12":{"start":{"line":24,"column":8},"end":{"line":24,"column":21}},"13":{"start":{"line":27,"column":4},"end":{"line":29,"column":5}},"14":{"start":{"line":28,"column":8},"end":{"line":28,"column":21}},"15":{"start":{"line":31,"column":4},"end":{"line":36,"column":5}},"16":{"start":{"line":31,"column":17},"end":{"line":31,"column":18}},"17":{"start":{"line":32,"column":20},"end":{"line":32,"column":29}},"18":{"start":{"line":33,"column":8},"end":{"line":35,"column":9}},"19":{"start":{"line":34,"column":12},"end":{"line":34,"column":25}},"20":{"start":{"line":38,"column":4},"end":{"line":38,"column":16}},"21":{"start":{"line":42,"column":4},"end":{"line":45,"column":5}},"22":{"start":{"line":43,"column":8},"end":{"line":43,"column":49}},"23":{"start":{"line":44,"column":8},"end":{"line":44,"column":15}},"24":{"start":{"line":47,"column":12},"end":{"line":47,"column":35}},"25":{"start":{"line":48,"column":4},"end":{"line":51,"column":5}},"26":{"start":{"line":49,"column":8},"end":{"line":49,"column":49}},"27":{"start":{"line":50,"column":8},"end":{"line":50,"column":15}},"28":{"start":{"line":53,"column":4},"end":{"line":55,"column":5}},"29":{"start":{"line":54,"column":8},"end":{"line":54,"column":33}},"30":{"start":{"line":57,"column":4},"end":{"line":59,"column":5}},"31":{"start":{"line":58,"column":8},"end":{"line":58,"column":33}},"32":{"start":{"line":61,"column":4},"end":{"line":61,"column":11}},"33":{"start":{"line":69,"column":4},"end":{"line":72,"column":5}},"34":{"start":{"line":70,"column":8},"end":{"line":70,"column":33}},"35":{"start":{"line":71,"column":8},"end":{"line":71,"column":15}},"36":{"start":{"line":74,"column":12},"end":{"line":74,"column":35}},"37":{"start":{"line":76,"column":4},"end":{"line":79,"column":5}},"38":{"start":{"line":77,"column":8},"end":{"line":77,"column":33}},"39":{"start":{"line":78,"column":8},"end":{"line":78,"column":15}},"40":{"start":{"line":81,"column":4},"end":{"line":83,"column":5}},"41":{"start":{"line":82,"column":8},"end":{"line":82,"column":33}},"42":{"start":{"line":85,"column":4},"end":{"line":87,"column":5}},"43":{"start":{"line":86,"column":8},"end":{"line":86,"column":33}},"44":{"start":{"line":89,"column":4},"end":{"line":89,"column":11}},"45":{"start":{"line":99,"column":4},"end":{"line":102,"column":5}},"46":{"start":{"line":100,"column":8},"end":{"line":100,"column":31}},"47":{"start":{"line":101,"column":8},"end":{"line":101,"column":15}},"48":{"start":{"line":104,"column":12},"end":{"line":104,"column":33}},"49":{"start":{"line":106,"column":4},"end":{"line":109,"column":5}},"50":{"start":{"line":107,"column":8},"end":{"line":107,"column":31}},"51":{"start":{"line":108,"column":8},"end":{"line":108,"column":15}},"52":{"start":{"line":111,"column":4},"end":{"line":113,"column":5}},"53":{"start":{"line":112,"column":8},"end":{"line":112,"column":31}},"54":{"start":{"line":115,"column":4},"end":{"line":117,"column":5}},"55":{"start":{"line":116,"column":8},"end":{"line":116,"column":31}},"56":{"start":{"line":119,"column":4},"end":{"line":119,"column":11}},"57":{"start":{"line":123,"column":4},"end":{"line":123,"column":75}},"58":{"start":{"line":127,"column":4},"end":{"line":129,"column":5}},"59":{"start":{"line":128,"column":8},"end":{"line":128,"column":33}},"60":{"start":{"line":131,"column":4},"end":{"line":132,"column":33}},"61":{"start":{"line":132,"column":8},"end":{"line":132,"column":33}},"62":{"start":{"line":134,"column":4},"end":{"line":136,"column":5}},"63":{"start":{"line":135,"column":8},"end":{"line":135,"column":48}},"64":{"start":{"line":139,"column":0},"end":{"line":149,"column":2}}},"fnMap":{"0":{"name":"(anonymous_0)","decl":{"start":{"line":14,"column":18},"end":{"line":14,"column":19}},"loc":{"start":{"line":14,"column":38},"end":{"line":39,"column":1}},"line":14},"1":{"name":"fixDateDefaultToPresent","decl":{"start":{"line":41,"column":9},"end":{"line":41,"column":32}},"loc":{"start":{"line":41,"column":37},"end":{"line":62,"column":1}},"line":41},"2":{"name":"fixStartDateDefaultMinDate","decl":{"start":{"line":68,"column":9},"end":{"line":68,"column":35}},"loc":{"start":{"line":68,"column":40},"end":{"line":90,"column":1}},"line":68},"3":{"name":"fixEndDateDefaultMaxDate","decl":{"start":{"line":97,"column":9},"end":{"line":97,"column":33}},"loc":{"start":{"line":97,"column":38},"end":{"line":120,"column":1}},"line":97},"4":{"name":"isValidEmail","decl":{"start":{"line":122,"column":9},"end":{"line":122,"column":21}},"loc":{"start":{"line":122,"column":28},"end":{"line":124,"column":1}},"line":122},"5":{"name":"fixAmountBounds","decl":{"start":{"line":126,"column":9},"end":{"line":126,"column":24}},"loc":{"start":{"line":126,"column":29},"end":{"line":138,"column":1}},"line":126}},"branchMap":{"0":{"loc":{"start":{"line":16,"column":4},"end":{"line":18,"column":5}},"type":"if","locations":[{"start":{"line":16,"column":4},"end":{"line":18,"column":5}},{"start":{},"end":{}}],"line":16},"1":{"loc":{"start":{"line":16,"column":8},"end":{"line":16,"column":37}},"type":"binary-expr","locations":[{"start":{"line":16,"column":8},"end":{"line":16,"column":19}},{"start":{"line":16,"column":23},"end":{"line":16,"column":37}}],"line":16},"2":{"loc":{"start":{"line":20,"column":4},"end":{"line":22,"column":5}},"type":"if","locations":[{"start":{"line":20,"column":4},"end":{"line":22,"column":5}},{"start":{},"end":{}}],"line":20},"3":{"loc":{"start":{"line":23,"column":4},"end":{"line":25,"column":5}},"type":"if","locations":[{"start":{"line":23,"column":4},"end":{"line":25,"column":5}},{"start":{},"end":{}}],"line":23},"4":{"loc":{"start":{"line":27,"column":4},"end":{"line":29,"column":5}},"type":"if","locations":[{"start":{"line":27,"column":4},"end":{"line":29,"column":5}},{"start":{},"end":{}}],"line":27},"5":{"loc":{"start":{"line":33,"column":8},"end":{"line":35,"column":9}},"type":"if","locations":[{"start":{"line":33,"column":8},"end":{"line":35,"column":9}},{"start":{},"end":{}}],"line":33},"6":{"loc":{"start":{"line":33,"column":12},"end":{"line":33,"column":57}},"type":"binary-expr","locations":[{"start":{"line":33,"column":12},"end":{"line":33,"column":35}},{"start":{"line":33,"column":39},"end":{"line":33,"column":57}}],"line":33},"7":{"loc":{"start":{"line":42,"column":4},"end":{"line":45,"column":5}},"type":"if","locations":[{"start":{"line":42,"column":4},"end":{"line":45,"column":5}},{"start":{},"end":{}}],"line":42},"8":{"loc":{"start":{"line":42,"column":8},"end":{"line":42,"column":59}},"type":"binary-expr","locations":[{"start":{"line":42,"column":8},"end":{"line":42,"column":34}},{"start":{"line":42,"column":38},"end":{"line":42,"column":59}}],"line":42},"9":{"loc":{"start":{"line":48,"column":4},"end":{"line":51,"column":5}},"type":"if","locations":[{"start":{"line":48,"column":4},"end":{"line":51,"column":5}},{"start":{},"end":{}}],"line":48},"10":{"loc":{"start":{"line":53,"column":4},"end":{"line":55,"column":5}},"type":"if","locations":[{"start":{"line":53,"column":4},"end":{"line":55,"column":5}},{"start":{},"end":{}}],"line":53},"11":{"loc":{"start":{"line":57,"column":4},"end":{"line":59,"column":5}},"type":"if","locations":[{"start":{"line":57,"column":4},"end":{"line":59,"column":5}},{"start":{},"end":{}}],"line":57},"12":{"loc":{"start":{"line":69,"column":4},"end":{"line":72,"column":5}},"type":"if","locations":[{"start":{"line":69,"column":4},"end":{"line":72,"column":5}},{"start":{},"end":{}}],"line":69},"13":{"loc":{"start":{"line":69,"column":8},"end":{"line":69,"column":59}},"type":"binary-expr","locations":[{"start":{"line":69,"column":8},"end":{"line":69,"column":34}},{"start":{"line":69,"column":38},"end":{"line":69,"column":59}}],"line":69},"14":{"loc":{"start":{"line":76,"column":4},"end":{"line":79,"column":5}},"type":"if","locations":[{"start":{"line":76,"column":4},"end":{"line":79,"column":5}},{"start":{},"end":{}}],"line":76},"15":{"loc":{"start":{"line":81,"column":4},"end":{"line":83,"column":5}},"type":"if","locations":[{"start":{"line":81,"column":4},"end":{"line":83,"column":5}},{"start":{},"end":{}}],"line":81},"16":{"loc":{"start":{"line":85,"column":4},"end":{"line":87,"column":5}},"type":"if","locations":[{"start":{"line":85,"column":4},"end":{"line":87,"column":5}},{"start":{},"end":{}}],"line":85},"17":{"loc":{"start":{"line":99,"column":4},"end":{"line":102,"column":5}},"type":"if","locations":[{"start":{"line":99,"column":4},"end":{"line":102,"column":5}},{"start":{},"end":{}}],"line":99},"18":{"loc":{"start":{"line":99,"column":8},"end":{"line":99,"column":55}},"type":"binary-expr","locations":[{"start":{"line":99,"column":8},"end":{"line":99,"column":32}},{"start":{"line":99,"column":36},"end":{"line":99,"column":55}}],"line":99},"19":{"loc":{"start":{"line":106,"column":4},"end":{"line":109,"column":5}},"type":"if","locations":[{"start":{"line":106,"column":4},"end":{"line":109,"column":5}},{"start":{},"end":{}}],"line":106},"20":{"loc":{"start":{"line":111,"column":4},"end":{"line":113,"column":5}},"type":"if","locations":[{"start":{"line":111,"column":4},"end":{"line":113,"column":5}},{"start":{},"end":{}}],"line":111},"21":{"loc":{"start":{"line":115,"column":4},"end":{"line":117,"column":5}},"type":"if","locations":[{"start":{"line":115,"column":4},"end":{"line":117,"column":5}},{"start":{},"end":{}}],"line":115},"22":{"loc":{"start":{"line":127,"column":4},"end":{"line":129,"column":5}},"type":"if","locations":[{"start":{"line":127,"column":4},"end":{"line":129,"column":5}},{"start":{},"end":{}}],"line":127},"23":{"loc":{"start":{"line":127,"column":8},"end":{"line":127,"column":104}},"type":"binary-expr","locations":[{"start":{"line":127,"column":8},"end":{"line":127,"column":41}},{"start":{"line":127,"column":45},"end":{"line":127,"column":73}},{"start":{"line":127,"column":77},"end":{"line":127,"column":104}}],"line":127},"24":{"loc":{"start":{"line":131,"column":4},"end":{"line":132,"column":33}},"type":"if","locations":[{"start":{"line":131,"column":4},"end":{"line":132,"column":33}},{"start":{},"end":{}}],"line":131},"25":{"loc":{"start":{"line":134,"column":4},"end":{"line":136,"column":5}},"type":"if","locations":[{"start":{"line":134,"column":4},"end":{"line":136,"column":5}},{"start":{},"end":{}}],"line":134},"26":{"loc":{"start":{"line":134,"column":8},"end":{"line":134,"column":104}},"type":"binary-expr","locations":[{"start":{"line":134,"column":8},"end":{"line":134,"column":41}},{"start":{"line":134,"column":45},"end":{"line":134,"column":73}},{"start":{"line":134,"column":77},"end":{"line":134,"column":104}}],"line":134}},"s":{"0":1,"1":1,"2":1,"3":1,"4":1,"5":1,"6":1,"7":0,"8":0,"9":0,"10":0,"11":0,"12":0,"13":0,"14":0,"15":0,"16":0,"17":0,"18":0,"19":0,"20":0,"21":0,"22":0,"23":0,"24":0,"25":0,"26":0,"27":0,"28":0,"29":0,"30":0,"31":0,"32":0,"33":0,"34":0,"35":0,"36":0,"37":0,"38":0,"39":0,"40":0,"41":0,"42":0,"43":0,"44":0,"45":0,"46":0,"47":0,"48":0,"49":0,"50":0,"51":0,"52":0,"53":0,"54":0,"55":0,"56":0,"57":0,"58":0,"59":0,"60":0,"61":0,"62":0,"63":0,"64":1},"f":{"0":0,"1":0,"2":0,"3":0,"4":0,"5":0},"b":{"0":[0,0],"1":[0,0],"2":[0,0],"3":[0,0],"4":[0,0],"5":[0,0],"6":[0,0],"7":[0,0],"8":[0,0],"9":[0,0],"10":[0,0],"11":[0,0],"12":[0,0],"13":[0,0],"14":[0,0],"15":[0,0],"16":[0,0],"17":[0,0],"18":[0,0],"19":[0,0],"20":[0,0],"21":[0,0],"22":[0,0],"23":[0,0,0],"24":[0,0],"25":[0,0],"26":[0,0,0]},"_coverageSchema":"1a1c01bbd47fc00a2c39e90264f33305004495a9","hash":"c0f37a01e07966ad94b6269f7261dbfa2bb784f1"}
,"C:\\Users\\Iman Azher\\Documents\\GitHub\\cs321_team4\\src\\helpers\\income-helpers.js": {"path":"C:\\Users\\Iman Azher\\Documents\\GitHub\\cs321_team4\\src\\helpers\\income-helpers.js","statementMap":{"0":{"start":{"line":4,"column":29},"end":{"line":29,"column":1}},"1":{"start":{"line":5,"column":4},"end":{"line":7,"column":5}},"2":{"start":{"line":6,"column":8},"end":{"line":6,"column":21}},"3":{"start":{"line":9,"column":4},"end":{"line":11,"column":5}},"4":{"start":{"line":10,"column":8},"end":{"line":10,"column":21}},"5":{"start":{"line":13,"column":18},"end":{"line":19,"column":5}},"6":{"start":{"line":21,"column":4},"end":{"line":26,"column":5}},"7":{"start":{"line":21,"column":17},"end":{"line":21,"column":18}},"8":{"start":{"line":22,"column":21},"end":{"line":22,"column":31}},"9":{"start":{"line":23,"column":8},"end":{"line":25,"column":9}},"10":{"start":{"line":24,"column":12},"end":{"line":24,"column":25}},"11":{"start":{"line":28,"column":4},"end":{"line":28,"column":16}},"12":{"start":{"line":31,"column":0},"end":{"line":31,"column":41}}},"fnMap":{"0":{"name":"(anonymous_0)","decl":{"start":{"line":4,"column":29},"end":{"line":4,"column":30}},"loc":{"start":{"line":4,"column":44},"end":{"line":29,"column":1}},"line":4}},"branchMap":{"0":{"loc":{"start":{"line":5,"column":4},"end":{"line":7,"column":5}},"type":"if","locations":[{"start":{"line":5,"column":4},"end":{"line":7,"column":5}},{"start":{},"end":{}}],"line":5},"1":{"loc":{"start":{"line":9,"column":4},"end":{"line":11,"column":5}},"type":"if","locations":[{"start":{"line":9,"column":4},"end":{"line":11,"column":5}},{"start":{},"end":{}}],"line":9},"2":{"loc":{"start":{"line":23,"column":8},"end":{"line":25,"column":9}},"type":"if","locations":[{"start":{"line":23,"column":8},"end":{"line":25,"column":9}},{"start":{},"end":{}}],"line":23}},"s":{"0":1,"1":0,"2":0,"3":0,"4":0,"5":0,"6":0,"7":0,"8":0,"9":0,"10":0,"11":0,"12":1},"f":{"0":0},"b":{"0":[0,0],"1":[0,0],"2":[0,0]},"_coverageSchema":"1a1c01bbd47fc00a2c39e90264f33305004495a9","hash":"4c02a0711fffa75ce7a40532fca85256a4d46c30"}
,"C:\\Users\\Iman Azher\\Documents\\GitHub\\cs321_team4\\src\\helpers\\limit-helpers.js": {"path":"C:\\Users\\Iman Azher\\Documents\\GitHub\\cs321_team4\\src\\helpers\\limit-helpers.js","statementMap":{"0":{"start":{"line":1,"column":22},"end":{"line":1,"column":49}},"1":{"start":{"line":4,"column":29},"end":{"line":27,"column":1}},"2":{"start":{"line":5,"column":4},"end":{"line":7,"column":5}},"3":{"start":{"line":6,"column":8},"end":{"line":6,"column":21}},"4":{"start":{"line":9,"column":4},"end":{"line":11,"column":5}},"5":{"start":{"line":10,"column":8},"end":{"line":10,"column":21}},"6":{"start":{"line":13,"column":18},"end":{"line":17,"column":5}},"7":{"start":{"line":19,"column":4},"end":{"line":24,"column":5}},"8":{"start":{"line":19,"column":17},"end":{"line":19,"column":18}},"9":{"start":{"line":20,"column":21},"end":{"line":20,"column":31}},"10":{"start":{"line":21,"column":8},"end":{"line":23,"column":9}},"11":{"start":{"line":22,"column":12},"end":{"line":22,"column":25}},"12":{"start":{"line":26,"column":4},"end":{"line":26,"column":16}},"13":{"start":{"line":30,"column":4},"end":{"line":31,"column":15}},"14":{"start":{"line":31,"column":8},"end":{"line":31,"column":15}},"15":{"start":{"line":33,"column":4},"end":{"line":37,"column":5}},"16":{"start":{"line":34,"column":8},"end":{"line":34,"column":47}},"17":{"start":{"line":36,"column":8},"end":{"line":36,"column":54}},"18":{"start":{"line":39,"column":4},"end":{"line":43,"column":5}},"19":{"start":{"line":40,"column":8},"end":{"line":40,"column":45}},"20":{"start":{"line":42,"column":8},"end":{"line":42,"column":48}},"21":{"start":{"line":48,"column":0},"end":{"line":50,"column":1}}},"fnMap":{"0":{"name":"(anonymous_0)","decl":{"start":{"line":4,"column":29},"end":{"line":4,"column":30}},"loc":{"start":{"line":4,"column":44},"end":{"line":27,"column":1}},"line":4},"1":{"name":"cleanBody","decl":{"start":{"line":29,"column":9},"end":{"line":29,"column":18}},"loc":{"start":{"line":29,"column":23},"end":{"line":44,"column":1}},"line":29}},"branchMap":{"0":{"loc":{"start":{"line":5,"column":4},"end":{"line":7,"column":5}},"type":"if","locations":[{"start":{"line":5,"column":4},"end":{"line":7,"column":5}},{"start":{},"end":{}}],"line":5},"1":{"loc":{"start":{"line":9,"column":4},"end":{"line":11,"column":5}},"type":"if","locations":[{"start":{"line":9,"column":4},"end":{"line":11,"column":5}},{"start":{},"end":{}}],"line":9},"2":{"loc":{"start":{"line":21,"column":8},"end":{"line":23,"column":9}},"type":"if","locations":[{"start":{"line":21,"column":8},"end":{"line":23,"column":9}},{"start":{},"end":{}}],"line":21},"3":{"loc":{"start":{"line":30,"column":4},"end":{"line":31,"column":15}},"type":"if","locations":[{"start":{"line":30,"column":4},"end":{"line":31,"column":15}},{"start":{},"end":{}}],"line":30},"4":{"loc":{"start":{"line":33,"column":4},"end":{"line":37,"column":5}},"type":"if","locations":[{"start":{"line":33,"column":4},"end":{"line":37,"column":5}},{"start":{"line":35,"column":11},"end":{"line":37,"column":5}}],"line":33},"5":{"loc":{"start":{"line":39,"column":4},"end":{"line":43,"column":5}},"type":"if","locations":[{"start":{"line":39,"column":4},"end":{"line":43,"column":5}},{"start":{"line":41,"column":11},"end":{"line":43,"column":5}}],"line":39}},"s":{"0":1,"1":1,"2":0,"3":0,"4":0,"5":0,"6":0,"7":0,"8":0,"9":0,"10":0,"11":0,"12":0,"13":0,"14":0,"15":0,"16":0,"17":0,"18":0,"19":0,"20":0,"21":1},"f":{"0":0,"1":0},"b":{"0":[0,0],"1":[0,0],"2":[0,0],"3":[0,0],"4":[0,0],"5":[0,0]},"_coverageSchema":"1a1c01bbd47fc00a2c39e90264f33305004495a9","hash":"1a0af4d37c10f31c25c9c98d2c66f76a6ee3d722"}
,"C:\\Users\\Iman Azher\\Documents\\GitHub\\cs321_team4\\src\\models\\expense-model.js": {"path":"C:\\Users\\Iman Azher\\Documents\\GitHub\\cs321_team4\\src\\models\\expense-model.js","statementMap":{"0":{"start":{"line":1,"column":17},"end":{"line":1,"column":36}},"1":{"start":{"line":2,"column":13},"end":{"line":2,"column":28}},"2":{"start":{"line":3,"column":20},"end":{"line":3,"column":45}},"3":{"start":{"line":4,"column":22},"end":{"line":49,"column":2}},"4":{"start":{"line":51,"column":0},"end":{"line":63,"column":1}},"5":{"start":{"line":52,"column":20},"end":{"line":60,"column":5}},"6":{"start":{"line":62,"column":4},"end":{"line":62,"column":21}},"7":{"start":{"line":65,"column":21},"end":{"line":65,"column":62}},"8":{"start":{"line":67,"column":0},"end":{"line":67,"column":30}}},"fnMap":{"0":{"name":"(anonymous_0)","decl":{"start":{"line":51,"column":35},"end":{"line":51,"column":36}},"loc":{"start":{"line":51,"column":57},"end":{"line":63,"column":1}},"line":51}},"branchMap":{},"s":{"0":1,"1":1,"2":1,"3":1,"4":1,"5":0,"6":0,"7":1,"8":1},"f":{"0":0},"b":{},"_coverageSchema":"1a1c01bbd47fc00a2c39e90264f33305004495a9","hash":"013a1953e5b87b85e4c442efefeeaef910831a1d"}
,"C:\\Users\\Iman Azher\\Documents\\GitHub\\cs321_team4\\src\\models\\income-model.js": {"path":"C:\\Users\\Iman Azher\\Documents\\GitHub\\cs321_team4\\src\\models\\income-model.js","statementMap":{"0":{"start":{"line":1,"column":17},"end":{"line":1,"column":36}},"1":{"start":{"line":2,"column":13},"end":{"line":2,"column":28}},"2":{"start":{"line":3,"column":20},"end":{"line":3,"column":45}},"3":{"start":{"line":4,"column":21},"end":{"line":48,"column":2}},"4":{"start":{"line":50,"column":0},"end":{"line":61,"column":1}},"5":{"start":{"line":51,"column":20},"end":{"line":58,"column":5}},"6":{"start":{"line":60,"column":4},"end":{"line":60,"column":21}},"7":{"start":{"line":63,"column":20},"end":{"line":63,"column":59}},"8":{"start":{"line":65,"column":0},"end":{"line":65,"column":29}}},"fnMap":{"0":{"name":"(anonymous_0)","decl":{"start":{"line":50,"column":34},"end":{"line":50,"column":35}},"loc":{"start":{"line":50,"column":55},"end":{"line":61,"column":1}},"line":50}},"branchMap":{},"s":{"0":1,"1":1,"2":1,"3":1,"4":1,"5":0,"6":0,"7":1,"8":1},"f":{"0":0},"b":{},"_coverageSchema":"1a1c01bbd47fc00a2c39e90264f33305004495a9","hash":"c10a0b8ecb73c080335771d75f78a5e076ef7e26"}
,"C:\\Users\\Iman Azher\\Documents\\GitHub\\cs321_team4\\src\\models\\limit-model.js": {"path":"C:\\Users\\Iman Azher\\Documents\\GitHub\\cs321_team4\\src\\models\\limit-model.js","statementMap":{"0":{"start":{"line":1,"column":17},"end":{"line":1,"column":36}},"1":{"start":{"line":2,"column":13},"end":{"line":2,"column":28}},"2":{"start":{"line":4,"column":20},"end":{"line":53,"column":2}},"3":{"start":{"line":33,"column":16},"end":{"line":33,"column":100}},"4":{"start":{"line":35,"column":30},"end":{"line":35,"column":76}},"5":{"start":{"line":55,"column":0},"end":{"line":68,"column":1}},"6":{"start":{"line":56,"column":20},"end":{"line":65,"column":5}},"7":{"start":{"line":67,"column":4},"end":{"line":67,"column":21}},"8":{"start":{"line":69,"column":19},"end":{"line":69,"column":56}},"9":{"start":{"line":71,"column":0},"end":{"line":71,"column":28}}},"fnMap":{"0":{"name":"(anonymous_0)","decl":{"start":{"line":32,"column":23},"end":{"line":32,"column":24}},"loc":{"start":{"line":32,"column":35},"end":{"line":34,"column":13}},"line":32},"1":{"name":"(anonymous_1)","decl":{"start":{"line":35,"column":21},"end":{"line":35,"column":22}},"loc":{"start":{"line":35,"column":30},"end":{"line":35,"column":76}},"line":35},"2":{"name":"(anonymous_2)","decl":{"start":{"line":55,"column":33},"end":{"line":55,"column":34}},"loc":{"start":{"line":55,"column":53},"end":{"line":68,"column":1}},"line":55}},"branchMap":{},"s":{"0":1,"1":1,"2":1,"3":2,"4":0,"5":1,"6":0,"7":0,"8":1,"9":1},"f":{"0":2,"1":0,"2":0},"b":{},"_coverageSchema":"1a1c01bbd47fc00a2c39e90264f33305004495a9","hash":"2a6b26ca3148d8ea39aefaec042825dca3e894ff"}
,"C:\\Users\\Iman Azher\\Documents\\GitHub\\cs321_team4\\src\\models\\payee-schema.js": {"path":"C:\\Users\\Iman Azher\\Documents\\GitHub\\cs321_team4\\src\\models\\payee-schema.js","statementMap":{"0":{"start":{"line":1,"column":17},"end":{"line":1,"column":36}},"1":{"start":{"line":3,"column":20},"end":{"line":17,"column":2}},"2":{"start":{"line":19,"column":0},"end":{"line":19,"column":31}}},"fnMap":{},"branchMap":{},"s":{"0":1,"1":1,"2":1},"f":{},"b":{},"_coverageSchema":"1a1c01bbd47fc00a2c39e90264f33305004495a9","hash":"a0734f83adc5d3e40cac9a084ac35779b8ce2836"}
,"C:\\Users\\Iman Azher\\Documents\\GitHub\\cs321_team4\\src\\models\\session-schema.js": {"path":"C:\\Users\\Iman Azher\\Documents\\GitHub\\cs321_team4\\src\\models\\session-schema.js","statementMap":{"0":{"start":{"line":6,"column":17},"end":{"line":6,"column":36}},"1":{"start":{"line":9,"column":20},"end":{"line":25,"column":2}},"2":{"start":{"line":27,"column":0},"end":{"line":27,"column":31}}},"fnMap":{},"branchMap":{},"s":{"0":1,"1":1,"2":1},"f":{},"b":{},"_coverageSchema":"1a1c01bbd47fc00a2c39e90264f33305004495a9","hash":"4282f8737460489ffe463215a47966e0edcf2742"}
,"C:\\Users\\Iman Azher\\Documents\\GitHub\\cs321_team4\\src\\models\\user-model.js": {"path":"C:\\Users\\Iman Azher\\Documents\\GitHub\\cs321_team4\\src\\models\\user-model.js","statementMap":{"0":{"start":{"line":1,"column":17},"end":{"line":1,"column":36}},"1":{"start":{"line":2,"column":22},"end":{"line":2,"column":52}},"2":{"start":{"line":4,"column":19},"end":{"line":28,"column":26}},"3":{"start":{"line":25,"column":23},"end":{"line":25,"column":33}},"4":{"start":{"line":30,"column":0},"end":{"line":38,"column":2}},"5":{"start":{"line":31,"column":4},"end":{"line":37,"column":6}},"6":{"start":{"line":40,"column":0},"end":{"line":60,"column":1}},"7":{"start":{"line":42,"column":4},"end":{"line":43,"column":15}},"8":{"start":{"line":43,"column":8},"end":{"line":43,"column":15}},"9":{"start":{"line":45,"column":4},"end":{"line":47,"column":5}},"10":{"start":{"line":46,"column":8},"end":{"line":46,"column":31}},"11":{"start":{"line":49,"column":4},"end":{"line":51,"column":5}},"12":{"start":{"line":50,"column":8},"end":{"line":50,"column":37}},"13":{"start":{"line":53,"column":4},"end":{"line":55,"column":5}},"14":{"start":{"line":54,"column":8},"end":{"line":54,"column":39}},"15":{"start":{"line":57,"column":4},"end":{"line":59,"column":5}},"16":{"start":{"line":58,"column":8},"end":{"line":58,"column":37}},"17":{"start":{"line":62,"column":0},"end":{"line":76,"column":1}},"18":{"start":{"line":68,"column":22},"end":{"line":68,"column":61}},"19":{"start":{"line":69,"column":8},"end":{"line":70,"column":52}},"20":{"start":{"line":70,"column":12},"end":{"line":70,"column":52}},"21":{"start":{"line":72,"column":8},"end":{"line":73,"column":30}},"22":{"start":{"line":73,"column":12},"end":{"line":73,"column":30}},"23":{"start":{"line":75,"column":8},"end":{"line":75,"column":90}},"24":{"start":{"line":78,"column":18},"end":{"line":78,"column":52}},"25":{"start":{"line":108,"column":0},"end":{"line":108,"column":27}}},"fnMap":{"0":{"name":"(anonymous_0)","decl":{"start":{"line":25,"column":17},"end":{"line":25,"column":18}},"loc":{"start":{"line":25,"column":23},"end":{"line":25,"column":33}},"line":25},"1":{"name":"(anonymous_1)","decl":{"start":{"line":30,"column":32},"end":{"line":30,"column":33}},"loc":{"start":{"line":30,"column":42},"end":{"line":38,"column":1}},"line":30},"2":{"name":"(anonymous_2)","decl":{"start":{"line":40,"column":34},"end":{"line":40,"column":35}},"loc":{"start":{"line":40,"column":47},"end":{"line":60,"column":1}},"line":40},"3":{"name":"(anonymous_3)","decl":{"start":{"line":62,"column":30},"end":{"line":62,"column":31}},"loc":{"start":{"line":67,"column":5},"end":{"line":76,"column":1}},"line":67}},"branchMap":{"0":{"loc":{"start":{"line":42,"column":4},"end":{"line":43,"column":15}},"type":"if","locations":[{"start":{"line":42,"column":4},"end":{"line":43,"column":15}},{"start":{},"end":{}}],"line":42},"1":{"loc":{"start":{"line":45,"column":4},"end":{"line":47,"column":5}},"type":"if","locations":[{"start":{"line":45,"column":4},"end":{"line":47,"column":5}},{"start":{},"end":{}}],"line":45},"2":{"loc":{"start":{"line":49,"column":4},"end":{"line":51,"column":5}},"type":"if","locations":[{"start":{"line":49,"column":4},"end":{"line":51,"column":5}},{"start":{},"end":{}}],"line":49},"3":{"loc":{"start":{"line":53,"column":4},"end":{"line":55,"column":5}},"type":"if","locations":[{"start":{"line":53,"column":4},"end":{"line":55,"column":5}},{"start":{},"end":{}}],"line":53},"4":{"loc":{"start":{"line":57,"column":4},"end":{"line":59,"column":5}},"type":"if","locations":[{"start":{"line":57,"column":4},"end":{"line":59,"column":5}},{"start":{},"end":{}}],"line":57},"5":{"loc":{"start":{"line":65,"column":4},"end":{"line":65,"column":20}},"type":"default-arg","locations":[{"start":{"line":65,"column":16},"end":{"line":65,"column":20}}],"line":65},"6":{"loc":{"start":{"line":66,"column":4},"end":{"line":66,"column":19}},"type":"default-arg","locations":[{"start":{"line":66,"column":15},"end":{"line":66,"column":19}}],"line":66},"7":{"loc":{"start":{"line":69,"column":8},"end":{"line":70,"column":52}},"type":"if","locations":[{"start":{"line":69,"column":8},"end":{"line":70,"column":52}},{"start":{},"end":{}}],"line":69},"8":{"loc":{"start":{"line":72,"column":8},"end":{"line":73,"column":30}},"type":"if","locations":[{"start":{"line":72,"column":8},"end":{"line":73,"column":30}},{"start":{},"end":{}}],"line":72}},"s":{"0":1,"1":1,"2":1,"3":0,"4":1,"5":0,"6":1,"7":0,"8":0,"9":0,"10":0,"11":0,"12":0,"13":0,"14":0,"15":0,"16":0,"17":1,"18":0,"19":0,"20":0,"21":0,"22":0,"23":0,"24":1,"25":1},"f":{"0":0,"1":0,"2":0,"3":0},"b":{"0":[0,0],"1":[0,0],"2":[0,0],"3":[0,0],"4":[0,0],"5":[0],"6":[0],"7":[0,0],"8":[0,0]},"_coverageSchema":"1a1c01bbd47fc00a2c39e90264f33305004495a9","hash":"ebfcabd7846e85f17fed28b0272a601b2575f5a5"}
,"C:\\Users\\Iman Azher\\Documents\\GitHub\\cs321_team4\\src\\routes\\auth-route.js": {"path":"C:\\Users\\Iman Azher\\Documents\\GitHub\\cs321_team4\\src\\routes\\auth-route.js","statementMap":{"0":{"start":{"line":3,"column":21},"end":{"line":3,"column":55}},"1":{"start":{"line":5,"column":16},"end":{"line":5,"column":34}},"2":{"start":{"line":6,"column":17},"end":{"line":6,"column":36}},"3":{"start":{"line":7,"column":19},"end":{"line":7,"column":38}},"4":{"start":{"line":8,"column":20},"end":{"line":8,"column":54}},"5":{"start":{"line":13,"column":15},"end":{"line":13,"column":21}},"6":{"start":{"line":15,"column":15},"end":{"line":15,"column":31}},"7":{"start":{"line":16,"column":18},"end":{"line":16,"column":49}},"8":{"start":{"line":19,"column":0},"end":{"line":22,"column":3}},"9":{"start":{"line":20,"column":4},"end":{"line":20,"column":32}},"10":{"start":{"line":21,"column":4},"end":{"line":21,"column":11}},"11":{"start":{"line":26,"column":0},"end":{"line":26,"column":35}},"12":{"start":{"line":28,"column":0},"end":{"line":56,"column":3}},"13":{"start":{"line":29,"column":4},"end":{"line":55,"column":5}},"14":{"start":{"line":30,"column":8},"end":{"line":32,"column":9}},"15":{"start":{"line":31,"column":12},"end":{"line":31,"column":71}},"16":{"start":{"line":34,"column":20},"end":{"line":34,"column":34}},"17":{"start":{"line":35,"column":23},"end":{"line":35,"column":40}},"18":{"start":{"line":36,"column":24},"end":{"line":36,"column":55}},"19":{"start":{"line":37,"column":23},"end":{"line":37,"column":50}},"20":{"start":{"line":39,"column":22},"end":{"line":44,"column":10}},"21":{"start":{"line":46,"column":8},"end":{"line":46,"column":29}},"22":{"start":{"line":48,"column":8},"end":{"line":48,"column":24}},"23":{"start":{"line":49,"column":8},"end":{"line":51,"column":11}},"24":{"start":{"line":54,"column":8},"end":{"line":54,"column":18}},"25":{"start":{"line":58,"column":0},"end":{"line":86,"column":3}},"26":{"start":{"line":59,"column":4},"end":{"line":85,"column":5}},"27":{"start":{"line":60,"column":8},"end":{"line":62,"column":9}},"28":{"start":{"line":61,"column":12},"end":{"line":61,"column":71}},"29":{"start":{"line":64,"column":20},"end":{"line":64,"column":34}},"30":{"start":{"line":65,"column":23},"end":{"line":65,"column":40}},"31":{"start":{"line":67,"column":23},"end":{"line":67,"column":67}},"32":{"start":{"line":68,"column":8},"end":{"line":70,"column":9}},"33":{"start":{"line":69,"column":12},"end":{"line":69,"column":71}},"34":{"start":{"line":72,"column":8},"end":{"line":74,"column":9}},"35":{"start":{"line":73,"column":12},"end":{"line":73,"column":75}},"36":{"start":{"line":76,"column":8},"end":{"line":76,"column":51}},"37":{"start":{"line":78,"column":8},"end":{"line":78,"column":24}},"38":{"start":{"line":79,"column":8},"end":{"line":81,"column":11}},"39":{"start":{"line":84,"column":8},"end":{"line":84,"column":18}},"40":{"start":{"line":88,"column":0},"end":{"line":119,"column":3}},"41":{"start":{"line":89,"column":4},"end":{"line":118,"column":5}},"42":{"start":{"line":90,"column":8},"end":{"line":92,"column":9}},"43":{"start":{"line":91,"column":12},"end":{"line":91,"column":71}},"44":{"start":{"line":94,"column":20},"end":{"line":94,"column":34}},"45":{"start":{"line":95,"column":23},"end":{"line":95,"column":40}},"46":{"start":{"line":99,"column":23},"end":{"line":99,"column":67}},"47":{"start":{"line":100,"column":8},"end":{"line":102,"column":9}},"48":{"start":{"line":101,"column":12},"end":{"line":101,"column":71}},"49":{"start":{"line":104,"column":8},"end":{"line":106,"column":9}},"50":{"start":{"line":105,"column":12},"end":{"line":105,"column":75}},"51":{"start":{"line":108,"column":8},"end":{"line":108,"column":43}},"52":{"start":{"line":110,"column":8},"end":{"line":110,"column":27}},"53":{"start":{"line":112,"column":8},"end":{"line":112,"column":24}},"54":{"start":{"line":113,"column":8},"end":{"line":115,"column":11}},"55":{"start":{"line":117,"column":8},"end":{"line":117,"column":18}},"56":{"start":{"line":120,"column":0},"end":{"line":156,"column":3}},"57":{"start":{"line":121,"column":4},"end":{"line":155,"column":5}},"58":{"start":{"line":123,"column":8},"end":{"line":125,"column":9}},"59":{"start":{"line":124,"column":12},"end":{"line":124,"column":71}},"60":{"start":{"line":130,"column":20},"end":{"line":130,"column":34}},"61":{"start":{"line":131,"column":23},"end":{"line":131,"column":40}},"62":{"start":{"line":135,"column":23},"end":{"line":135,"column":67}},"63":{"start":{"line":136,"column":8},"end":{"line":138,"column":9}},"64":{"start":{"line":137,"column":12},"end":{"line":137,"column":71}},"65":{"start":{"line":140,"column":8},"end":{"line":142,"column":9}},"66":{"start":{"line":141,"column":12},"end":{"line":141,"column":75}},"67":{"start":{"line":146,"column":8},"end":{"line":146,"column":24}},"68":{"start":{"line":147,"column":8},"end":{"line":149,"column":11}},"69":{"start":{"line":154,"column":8},"end":{"line":154,"column":18}},"70":{"start":{"line":158,"column":0},"end":{"line":158,"column":24}}},"fnMap":{"0":{"name":"(anonymous_0)","decl":{"start":{"line":19,"column":11},"end":{"line":19,"column":12}},"loc":{"start":{"line":19,"column":31},"end":{"line":22,"column":1}},"line":19},"1":{"name":"(anonymous_1)","decl":{"start":{"line":28,"column":23},"end":{"line":28,"column":24}},"loc":{"start":{"line":28,"column":49},"end":{"line":56,"column":1}},"line":28},"2":{"name":"(anonymous_2)","decl":{"start":{"line":58,"column":25},"end":{"line":58,"column":26}},"loc":{"start":{"line":58,"column":51},"end":{"line":86,"column":1}},"line":58},"3":{"name":"(anonymous_3)","decl":{"start":{"line":88,"column":22},"end":{"line":88,"column":23}},"loc":{"start":{"line":88,"column":48},"end":{"line":119,"column":1}},"line":88},"4":{"name":"(anonymous_4)","decl":{"start":{"line":120,"column":22},"end":{"line":120,"column":23}},"loc":{"start":{"line":120,"column":48},"end":{"line":156,"column":1}},"line":120}},"branchMap":{"0":{"loc":{"start":{"line":30,"column":8},"end":{"line":32,"column":9}},"type":"if","locations":[{"start":{"line":30,"column":8},"end":{"line":32,"column":9}},{"start":{},"end":{}}],"line":30},"1":{"loc":{"start":{"line":36,"column":24},"end":{"line":36,"column":55}},"type":"binary-expr","locations":[{"start":{"line":36,"column":24},"end":{"line":36,"column":42}},{"start":{"line":36,"column":46},"end":{"line":36,"column":55}}],"line":36},"2":{"loc":{"start":{"line":37,"column":23},"end":{"line":37,"column":50}},"type":"binary-expr","locations":[{"start":{"line":37,"column":23},"end":{"line":37,"column":40}},{"start":{"line":37,"column":44},"end":{"line":37,"column":50}}],"line":37},"3":{"loc":{"start":{"line":60,"column":8},"end":{"line":62,"column":9}},"type":"if","locations":[{"start":{"line":60,"column":8},"end":{"line":62,"column":9}},{"start":{},"end":{}}],"line":60},"4":{"loc":{"start":{"line":68,"column":8},"end":{"line":70,"column":9}},"type":"if","locations":[{"start":{"line":68,"column":8},"end":{"line":70,"column":9}},{"start":{},"end":{}}],"line":68},"5":{"loc":{"start":{"line":68,"column":12},"end":{"line":68,"column":104}},"type":"binary-expr","locations":[{"start":{"line":68,"column":12},"end":{"line":68,"column":28}},{"start":{"line":68,"column":32},"end":{"line":68,"column":53}},{"start":{"line":68,"column":57},"end":{"line":68,"column":81}},{"start":{"line":68,"column":85},"end":{"line":68,"column":104}}],"line":68},"6":{"loc":{"start":{"line":72,"column":8},"end":{"line":74,"column":9}},"type":"if","locations":[{"start":{"line":72,"column":8},"end":{"line":74,"column":9}},{"start":{},"end":{}}],"line":72},"7":{"loc":{"start":{"line":90,"column":8},"end":{"line":92,"column":9}},"type":"if","locations":[{"start":{"line":90,"column":8},"end":{"line":92,"column":9}},{"start":{},"end":{}}],"line":90},"8":{"loc":{"start":{"line":100,"column":8},"end":{"line":102,"column":9}},"type":"if","locations":[{"start":{"line":100,"column":8},"end":{"line":102,"column":9}},{"start":{},"end":{}}],"line":100},"9":{"loc":{"start":{"line":100,"column":12},"end":{"line":100,"column":104}},"type":"binary-expr","locations":[{"start":{"line":100,"column":12},"end":{"line":100,"column":28}},{"start":{"line":100,"column":32},"end":{"line":100,"column":53}},{"start":{"line":100,"column":57},"end":{"line":100,"column":81}},{"start":{"line":100,"column":85},"end":{"line":100,"column":104}}],"line":100},"10":{"loc":{"start":{"line":104,"column":8},"end":{"line":106,"column":9}},"type":"if","locations":[{"start":{"line":104,"column":8},"end":{"line":106,"column":9}},{"start":{},"end":{}}],"line":104},"11":{"loc":{"start":{"line":123,"column":8},"end":{"line":125,"column":9}},"type":"if","locations":[{"start":{"line":123,"column":8},"end":{"line":125,"column":9}},{"start":{},"end":{}}],"line":123},"12":{"loc":{"start":{"line":136,"column":8},"end":{"line":138,"column":9}},"type":"if","locations":[{"start":{"line":136,"column":8},"end":{"line":138,"column":9}},{"start":{},"end":{}}],"line":136},"13":{"loc":{"start":{"line":136,"column":12},"end":{"line":136,"column":104}},"type":"binary-expr","locations":[{"start":{"line":136,"column":12},"end":{"line":136,"column":28}},{"start":{"line":136,"column":32},"end":{"line":136,"column":53}},{"start":{"line":136,"column":57},"end":{"line":136,"column":81}},{"start":{"line":136,"column":85},"end":{"line":136,"column":104}}],"line":136},"14":{"loc":{"start":{"line":140,"column":8},"end":{"line":142,"column":9}},"type":"if","locations":[{"start":{"line":140,"column":8},"end":{"line":142,"column":9}},{"start":{},"end":{}}],"line":140}},"s":{"0":1,"1":1,"2":1,"3":1,"4":1,"5":1,"6":1,"7":1,"8":1,"9":0,"10":0,"11":1,"12":1,"13":0,"14":0,"15":0,"16":0,"17":0,"18":0,"19":0,"20":0,"21":0,"22":0,"23":0,"24":0,"25":1,"26":0,"27":0,"28":0,"29":0,"30":0,"31":0,"32":0,"33":0,"34":0,"35":0,"36":0,"37":0,"38":0,"39":0,"40":1,"41":0,"42":0,"43":0,"44":0,"45":0,"46":0,"47":0,"48":0,"49":0,"50":0,"51":0,"52":0,"53":0,"54":0,"55":0,"56":1,"57":0,"58":0,"59":0,"60":0,"61":0,"62":0,"63":0,"64":0,"65":0,"66":0,"67":0,"68":0,"69":0,"70":1},"f":{"0":0,"1":0,"2":0,"3":0,"4":0},"b":{"0":[0,0],"1":[0,0],"2":[0,0],"3":[0,0],"4":[0,0],"5":[0,0,0,0],"6":[0,0],"7":[0,0],"8":[0,0],"9":[0,0,0,0],"10":[0,0],"11":[0,0],"12":[0,0],"13":[0,0,0,0],"14":[0,0]},"_coverageSchema":"1a1c01bbd47fc00a2c39e90264f33305004495a9","hash":"17c6f1bdae465e70cc160b429a3f2749aaa549c0"}
,"C:\\Users\\Iman Azher\\Documents\\GitHub\\cs321_team4\\src\\routes\\expense-route.js": {"path":"C:\\Users\\Iman Azher\\Documents\\GitHub\\cs321_team4\\src\\routes\\expense-route.js","statementMap":{"0":{"start":{"line":1,"column":16},"end":{"line":1,"column":34}},"1":{"start":{"line":2,"column":17},"end":{"line":2,"column":36}},"2":{"start":{"line":3,"column":21},"end":{"line":3,"column":55}},"3":{"start":{"line":4,"column":22},"end":{"line":4,"column":58}},"4":{"start":{"line":5,"column":23},"end":{"line":5,"column":60}},"5":{"start":{"line":6,"column":21},"end":{"line":6,"column":55}},"6":{"start":{"line":7,"column":15},"end":{"line":7,"column":31}},"7":{"start":{"line":8,"column":15},"end":{"line":8,"column":26}},"8":{"start":{"line":10,"column":0},"end":{"line":13,"column":3}},"9":{"start":{"line":11,"column":4},"end":{"line":11,"column":42}},"10":{"start":{"line":12,"column":4},"end":{"line":12,"column":11}},"11":{"start":{"line":15,"column":0},"end":{"line":50,"column":3}},"12":{"start":{"line":16,"column":4},"end":{"line":16,"column":26}},"13":{"start":{"line":17,"column":4},"end":{"line":49,"column":5}},"14":{"start":{"line":18,"column":8},"end":{"line":18,"column":44}},"15":{"start":{"line":19,"column":8},"end":{"line":19,"column":31}},"16":{"start":{"line":20,"column":8},"end":{"line":22,"column":9}},"17":{"start":{"line":21,"column":12},"end":{"line":21,"column":77}},"18":{"start":{"line":25,"column":20},"end":{"line":25,"column":35}},"19":{"start":{"line":26,"column":25},"end":{"line":26,"column":56}},"20":{"start":{"line":28,"column":8},"end":{"line":34,"column":10}},"21":{"start":{"line":29,"column":25},"end":{"line":32,"column":14}},"22":{"start":{"line":43,"column":8},"end":{"line":43,"column":24}},"23":{"start":{"line":44,"column":8},"end":{"line":46,"column":10}},"24":{"start":{"line":48,"column":8},"end":{"line":48,"column":18}},"25":{"start":{"line":52,"column":0},"end":{"line":100,"column":3}},"26":{"start":{"line":53,"column":4},"end":{"line":53,"column":23}},"27":{"start":{"line":54,"column":4},"end":{"line":54,"column":46}},"28":{"start":{"line":55,"column":4},"end":{"line":99,"column":5}},"29":{"start":{"line":56,"column":8},"end":{"line":56,"column":37}},"30":{"start":{"line":57,"column":8},"end":{"line":57,"column":30}},"31":{"start":{"line":58,"column":8},"end":{"line":58,"column":36}},"32":{"start":{"line":59,"column":8},"end":{"line":61,"column":9}},"33":{"start":{"line":60,"column":12},"end":{"line":60,"column":71}},"34":{"start":{"line":63,"column":8},"end":{"line":63,"column":28}},"35":{"start":{"line":64,"column":20},"end":{"line":64,"column":34}},"36":{"start":{"line":65,"column":21},"end":{"line":65,"column":36}},"37":{"start":{"line":66,"column":21},"end":{"line":66,"column":36}},"38":{"start":{"line":67,"column":26},"end":{"line":67,"column":46}},"39":{"start":{"line":68,"column":19},"end":{"line":68,"column":32}},"40":{"start":{"line":70,"column":23},"end":{"line":70,"column":40}},"41":{"start":{"line":72,"column":22},"end":{"line":78,"column":10}},"42":{"start":{"line":80,"column":8},"end":{"line":82,"column":9}},"43":{"start":{"line":81,"column":12},"end":{"line":81,"column":43}},"44":{"start":{"line":84,"column":8},"end":{"line":86,"column":9}},"45":{"start":{"line":85,"column":12},"end":{"line":85,"column":41}},"46":{"start":{"line":87,"column":8},"end":{"line":87,"column":33}},"47":{"start":{"line":88,"column":8},"end":{"line":88,"column":23}},"48":{"start":{"line":90,"column":8},"end":{"line":90,"column":104}},"49":{"start":{"line":91,"column":8},"end":{"line":91,"column":24}},"50":{"start":{"line":92,"column":8},"end":{"line":95,"column":11}},"51":{"start":{"line":98,"column":8},"end":{"line":98,"column":18}},"52":{"start":{"line":108,"column":0},"end":{"line":129,"column":3}},"53":{"start":{"line":109,"column":4},"end":{"line":109,"column":23}},"54":{"start":{"line":110,"column":4},"end":{"line":128,"column":5}},"55":{"start":{"line":111,"column":8},"end":{"line":111,"column":31}},"56":{"start":{"line":112,"column":8},"end":{"line":112,"column":32}},"57":{"start":{"line":113,"column":8},"end":{"line":118,"column":9}},"58":{"start":{"line":117,"column":12},"end":{"line":117,"column":77}},"59":{"start":{"line":120,"column":20},"end":{"line":120,"column":35}},"60":{"start":{"line":122,"column":22},"end":{"line":122,"column":69}},"61":{"start":{"line":124,"column":8},"end":{"line":124,"column":24}},"62":{"start":{"line":125,"column":8},"end":{"line":125,"column":26}},"63":{"start":{"line":127,"column":8},"end":{"line":127,"column":18}},"64":{"start":{"line":131,"column":0},"end":{"line":170,"column":3}},"65":{"start":{"line":132,"column":4},"end":{"line":132,"column":31}},"66":{"start":{"line":133,"column":4},"end":{"line":169,"column":5}},"67":{"start":{"line":135,"column":8},"end":{"line":135,"column":60}},"68":{"start":{"line":136,"column":8},"end":{"line":136,"column":58}},"69":{"start":{"line":138,"column":8},"end":{"line":145,"column":9}},"70":{"start":{"line":144,"column":12},"end":{"line":144,"column":77}},"71":{"start":{"line":147,"column":20},"end":{"line":147,"column":35}},"72":{"start":{"line":148,"column":24},"end":{"line":148,"column":53}},"73":{"start":{"line":149,"column":22},"end":{"line":149,"column":49}},"74":{"start":{"line":150,"column":8},"end":{"line":150,"column":27}},"75":{"start":{"line":151,"column":8},"end":{"line":151,"column":31}},"76":{"start":{"line":152,"column":8},"end":{"line":152,"column":29}},"77":{"start":{"line":153,"column":8},"end":{"line":153,"column":33}},"78":{"start":{"line":155,"column":22},"end":{"line":157,"column":89}},"79":{"start":{"line":164,"column":8},"end":{"line":164,"column":24}},"80":{"start":{"line":165,"column":8},"end":{"line":165,"column":26}},"81":{"start":{"line":168,"column":8},"end":{"line":168,"column":18}},"82":{"start":{"line":172,"column":0},"end":{"line":209,"column":3}},"83":{"start":{"line":173,"column":4},"end":{"line":173,"column":26}},"84":{"start":{"line":174,"column":4},"end":{"line":174,"column":36}},"85":{"start":{"line":175,"column":4},"end":{"line":208,"column":5}},"86":{"start":{"line":176,"column":8},"end":{"line":182,"column":9}},"87":{"start":{"line":181,"column":12},"end":{"line":181,"column":77}},"88":{"start":{"line":184,"column":20},"end":{"line":184,"column":35}},"89":{"start":{"line":185,"column":20},"end":{"line":185,"column":46}},"90":{"start":{"line":186,"column":8},"end":{"line":189,"column":9}},"91":{"start":{"line":187,"column":12},"end":{"line":187,"column":54}},"92":{"start":{"line":188,"column":12},"end":{"line":188,"column":39}},"93":{"start":{"line":191,"column":22},"end":{"line":191,"column":24}},"94":{"start":{"line":192,"column":8},"end":{"line":201,"column":9}},"95":{"start":{"line":192,"column":21},"end":{"line":192,"column":22}},"96":{"start":{"line":193,"column":23},"end":{"line":193,"column":31}},"97":{"start":{"line":194,"column":32},"end":{"line":196,"column":43}},"98":{"start":{"line":198,"column":12},"end":{"line":200,"column":15}},"99":{"start":{"line":199,"column":16},"end":{"line":199,"column":37}},"100":{"start":{"line":203,"column":8},"end":{"line":203,"column":24}},"101":{"start":{"line":204,"column":8},"end":{"line":204,"column":26}},"102":{"start":{"line":207,"column":8},"end":{"line":207,"column":18}},"103":{"start":{"line":211,"column":0},"end":{"line":260,"column":3}},"104":{"start":{"line":213,"column":4},"end":{"line":259,"column":5}},"105":{"start":{"line":215,"column":8},"end":{"line":215,"column":60}},"106":{"start":{"line":216,"column":8},"end":{"line":216,"column":58}},"107":{"start":{"line":218,"column":8},"end":{"line":226,"column":9}},"108":{"start":{"line":225,"column":12},"end":{"line":225,"column":77}},"109":{"start":{"line":228,"column":20},"end":{"line":228,"column":35}},"110":{"start":{"line":229,"column":24},"end":{"line":229,"column":53}},"111":{"start":{"line":230,"column":22},"end":{"line":230,"column":49}},"112":{"start":{"line":231,"column":20},"end":{"line":231,"column":46}},"113":{"start":{"line":232,"column":8},"end":{"line":235,"column":9}},"114":{"start":{"line":233,"column":12},"end":{"line":233,"column":54}},"115":{"start":{"line":234,"column":12},"end":{"line":234,"column":39}},"116":{"start":{"line":237,"column":8},"end":{"line":237,"column":27}},"117":{"start":{"line":238,"column":8},"end":{"line":238,"column":31}},"118":{"start":{"line":239,"column":8},"end":{"line":239,"column":29}},"119":{"start":{"line":241,"column":22},"end":{"line":241,"column":24}},"120":{"start":{"line":242,"column":8},"end":{"line":253,"column":9}},"121":{"start":{"line":242,"column":21},"end":{"line":242,"column":22}},"122":{"start":{"line":243,"column":23},"end":{"line":243,"column":31}},"123":{"start":{"line":244,"column":32},"end":{"line":247,"column":43}},"124":{"start":{"line":249,"column":12},"end":{"line":249,"column":39}},"125":{"start":{"line":250,"column":12},"end":{"line":252,"column":15}},"126":{"start":{"line":251,"column":16},"end":{"line":251,"column":37}},"127":{"start":{"line":255,"column":8},"end":{"line":255,"column":24}},"128":{"start":{"line":256,"column":8},"end":{"line":256,"column":26}},"129":{"start":{"line":258,"column":8},"end":{"line":258,"column":18}},"130":{"start":{"line":262,"column":0},"end":{"line":288,"column":3}},"131":{"start":{"line":264,"column":4},"end":{"line":287,"column":5}},"132":{"start":{"line":265,"column":8},"end":{"line":265,"column":49}},"133":{"start":{"line":266,"column":8},"end":{"line":273,"column":9}},"134":{"start":{"line":272,"column":12},"end":{"line":272,"column":77}},"135":{"start":{"line":275,"column":20},"end":{"line":275,"column":35}},"136":{"start":{"line":276,"column":25},"end":{"line":276,"column":51}},"137":{"start":{"line":277,"column":25},"end":{"line":277,"column":51}},"138":{"start":{"line":279,"column":22},"end":{"line":281,"column":56}},"139":{"start":{"line":283,"column":8},"end":{"line":283,"column":24}},"140":{"start":{"line":284,"column":8},"end":{"line":284,"column":26}},"141":{"start":{"line":286,"column":8},"end":{"line":286,"column":18}},"142":{"start":{"line":290,"column":0},"end":{"line":323,"column":3}},"143":{"start":{"line":292,"column":4},"end":{"line":322,"column":5}},"144":{"start":{"line":293,"column":8},"end":{"line":293,"column":49}},"145":{"start":{"line":294,"column":8},"end":{"line":294,"column":60}},"146":{"start":{"line":295,"column":8},"end":{"line":295,"column":58}},"147":{"start":{"line":297,"column":8},"end":{"line":306,"column":9}},"148":{"start":{"line":305,"column":12},"end":{"line":305,"column":77}},"149":{"start":{"line":308,"column":20},"end":{"line":308,"column":35}},"150":{"start":{"line":309,"column":25},"end":{"line":309,"column":51}},"151":{"start":{"line":310,"column":25},"end":{"line":310,"column":51}},"152":{"start":{"line":311,"column":24},"end":{"line":311,"column":53}},"153":{"start":{"line":312,"column":22},"end":{"line":312,"column":49}},"154":{"start":{"line":313,"column":22},"end":{"line":316,"column":56}},"155":{"start":{"line":318,"column":8},"end":{"line":318,"column":24}},"156":{"start":{"line":319,"column":8},"end":{"line":319,"column":26}},"157":{"start":{"line":321,"column":8},"end":{"line":321,"column":18}},"158":{"start":{"line":327,"column":0},"end":{"line":327,"column":24}}},"fnMap":{"0":{"name":"(anonymous_0)","decl":{"start":{"line":10,"column":11},"end":{"line":10,"column":12}},"loc":{"start":{"line":10,"column":31},"end":{"line":13,"column":1}},"line":10},"1":{"name":"(anonymous_1)","decl":{"start":{"line":15,"column":25},"end":{"line":15,"column":26}},"loc":{"start":{"line":15,"column":47},"end":{"line":50,"column":1}},"line":15},"2":{"name":"(anonymous_2)","decl":{"start":{"line":28,"column":27},"end":{"line":28,"column":28}},"loc":{"start":{"line":28,"column":46},"end":{"line":34,"column":9}},"line":28},"3":{"name":"(anonymous_3)","decl":{"start":{"line":52,"column":20},"end":{"line":52,"column":21}},"loc":{"start":{"line":52,"column":46},"end":{"line":100,"column":1}},"line":52},"4":{"name":"(anonymous_4)","decl":{"start":{"line":108,"column":19},"end":{"line":108,"column":20}},"loc":{"start":{"line":108,"column":45},"end":{"line":129,"column":1}},"line":108},"5":{"name":"(anonymous_5)","decl":{"start":{"line":131,"column":27},"end":{"line":131,"column":28}},"loc":{"start":{"line":131,"column":53},"end":{"line":170,"column":1}},"line":131},"6":{"name":"(anonymous_6)","decl":{"start":{"line":172,"column":22},"end":{"line":172,"column":23}},"loc":{"start":{"line":172,"column":48},"end":{"line":209,"column":1}},"line":172},"7":{"name":"(anonymous_7)","decl":{"start":{"line":198,"column":34},"end":{"line":198,"column":35}},"loc":{"start":{"line":198,"column":44},"end":{"line":200,"column":13}},"line":198},"8":{"name":"(anonymous_8)","decl":{"start":{"line":211,"column":32},"end":{"line":211,"column":33}},"loc":{"start":{"line":211,"column":58},"end":{"line":260,"column":1}},"line":211},"9":{"name":"(anonymous_9)","decl":{"start":{"line":250,"column":34},"end":{"line":250,"column":35}},"loc":{"start":{"line":250,"column":44},"end":{"line":252,"column":13}},"line":250},"10":{"name":"(anonymous_10)","decl":{"start":{"line":262,"column":24},"end":{"line":262,"column":25}},"loc":{"start":{"line":262,"column":50},"end":{"line":288,"column":1}},"line":262},"11":{"name":"(anonymous_11)","decl":{"start":{"line":290,"column":34},"end":{"line":290,"column":35}},"loc":{"start":{"line":290,"column":60},"end":{"line":323,"column":1}},"line":290}},"branchMap":{"0":{"loc":{"start":{"line":20,"column":8},"end":{"line":22,"column":9}},"type":"if","locations":[{"start":{"line":20,"column":8},"end":{"line":22,"column":9}},{"start":{},"end":{}}],"line":20},"1":{"loc":{"start":{"line":20,"column":12},"end":{"line":20,"column":77}},"type":"binary-expr","locations":[{"start":{"line":20,"column":12},"end":{"line":20,"column":45}},{"start":{"line":20,"column":49},"end":{"line":20,"column":77}}],"line":20},"2":{"loc":{"start":{"line":59,"column":8},"end":{"line":61,"column":9}},"type":"if","locations":[{"start":{"line":59,"column":8},"end":{"line":61,"column":9}},{"start":{},"end":{}}],"line":59},"3":{"loc":{"start":{"line":80,"column":8},"end":{"line":82,"column":9}},"type":"if","locations":[{"start":{"line":80,"column":8},"end":{"line":82,"column":9}},{"start":{},"end":{}}],"line":80},"4":{"loc":{"start":{"line":84,"column":8},"end":{"line":86,"column":9}},"type":"if","locations":[{"start":{"line":84,"column":8},"end":{"line":86,"column":9}},{"start":{},"end":{}}],"line":84},"5":{"loc":{"start":{"line":113,"column":8},"end":{"line":118,"column":9}},"type":"if","locations":[{"start":{"line":113,"column":8},"end":{"line":118,"column":9}},{"start":{},"end":{}}],"line":113},"6":{"loc":{"start":{"line":138,"column":8},"end":{"line":145,"column":9}},"type":"if","locations":[{"start":{"line":138,"column":8},"end":{"line":145,"column":9}},{"start":{},"end":{}}],"line":138},"7":{"loc":{"start":{"line":176,"column":8},"end":{"line":182,"column":9}},"type":"if","locations":[{"start":{"line":176,"column":8},"end":{"line":182,"column":9}},{"start":{},"end":{}}],"line":176},"8":{"loc":{"start":{"line":186,"column":8},"end":{"line":189,"column":9}},"type":"if","locations":[{"start":{"line":186,"column":8},"end":{"line":189,"column":9}},{"start":{},"end":{}}],"line":186},"9":{"loc":{"start":{"line":218,"column":8},"end":{"line":226,"column":9}},"type":"if","locations":[{"start":{"line":218,"column":8},"end":{"line":226,"column":9}},{"start":{},"end":{}}],"line":218},"10":{"loc":{"start":{"line":232,"column":8},"end":{"line":235,"column":9}},"type":"if","locations":[{"start":{"line":232,"column":8},"end":{"line":235,"column":9}},{"start":{},"end":{}}],"line":232},"11":{"loc":{"start":{"line":266,"column":8},"end":{"line":273,"column":9}},"type":"if","locations":[{"start":{"line":266,"column":8},"end":{"line":273,"column":9}},{"start":{},"end":{}}],"line":266},"12":{"loc":{"start":{"line":297,"column":8},"end":{"line":306,"column":9}},"type":"if","locations":[{"start":{"line":297,"column":8},"end":{"line":306,"column":9}},{"start":{},"end":{}}],"line":297}},"s":{"0":1,"1":1,"2":1,"3":1,"4":1,"5":1,"6":1,"7":1,"8":1,"9":0,"10":0,"11":1,"12":0,"13":0,"14":0,"15":0,"16":0,"17":0,"18":0,"19":0,"20":0,"21":0,"22":0,"23":0,"24":0,"25":1,"26":0,"27":0,"28":0,"29":0,"30":0,"31":0,"32":0,"33":0,"34":0,"35":0,"36":0,"37":0,"38":0,"39":0,"40":0,"41":0,"42":0,"43":0,"44":0,"45":0,"46":0,"47":0,"48":0,"49":0,"50":0,"51":0,"52":1,"53":0,"54":0,"55":0,"56":0,"57":0,"58":0,"59":0,"60":0,"61":0,"62":0,"63":0,"64":1,"65":0,"66":0,"67":0,"68":0,"69":0,"70":0,"71":0,"72":0,"73":0,"74":0,"75":0,"76":0,"77":0,"78":0,"79":0,"80":0,"81":0,"82":1,"83":0,"84":0,"85":0,"86":0,"87":0,"88":0,"89":0,"90":0,"91":0,"92":0,"93":0,"94":0,"95":0,"96":0,"97":0,"98":0,"99":0,"100":0,"101":0,"102":0,"103":1,"104":0,"105":0,"106":0,"107":0,"108":0,"109":0,"110":0,"111":0,"112":0,"113":0,"114":0,"115":0,"116":0,"117":0,"118":0,"119":0,"120":0,"121":0,"122":0,"123":0,"124":0,"125":0,"126":0,"127":0,"128":0,"129":0,"130":1,"131":0,"132":0,"133":0,"134":0,"135":0,"136":0,"137":0,"138":0,"139":0,"140":0,"141":0,"142":1,"143":0,"144":0,"145":0,"146":0,"147":0,"148":0,"149":0,"150":0,"151":0,"152":0,"153":0,"154":0,"155":0,"156":0,"157":0,"158":1},"f":{"0":0,"1":0,"2":0,"3":0,"4":0,"5":0,"6":0,"7":0,"8":0,"9":0,"10":0,"11":0},"b":{"0":[0,0],"1":[0,0],"2":[0,0],"3":[0,0],"4":[0,0],"5":[0,0],"6":[0,0],"7":[0,0],"8":[0,0],"9":[0,0],"10":[0,0],"11":[0,0],"12":[0,0]},"_coverageSchema":"1a1c01bbd47fc00a2c39e90264f33305004495a9","hash":"b373de4cefe89bb1d3f641c0a84b513d4ec93b06"}
,"C:\\Users\\Iman Azher\\Documents\\GitHub\\cs321_team4\\src\\routes\\income-route.js": {"path":"C:\\Users\\Iman Azher\\Documents\\GitHub\\cs321_team4\\src\\routes\\income-route.js","statementMap":{"0":{"start":{"line":1,"column":16},"end":{"line":1,"column":34}},"1":{"start":{"line":2,"column":17},"end":{"line":2,"column":36}},"2":{"start":{"line":3,"column":21},"end":{"line":3,"column":55}},"3":{"start":{"line":4,"column":22},"end":{"line":4,"column":58}},"4":{"start":{"line":5,"column":22},"end":{"line":5,"column":58}},"5":{"start":{"line":6,"column":20},"end":{"line":6,"column":53}},"6":{"start":{"line":7,"column":15},"end":{"line":7,"column":31}},"7":{"start":{"line":8,"column":15},"end":{"line":8,"column":25}},"8":{"start":{"line":10,"column":0},"end":{"line":13,"column":3}},"9":{"start":{"line":11,"column":4},"end":{"line":11,"column":41}},"10":{"start":{"line":12,"column":4},"end":{"line":12,"column":11}},"11":{"start":{"line":15,"column":0},"end":{"line":47,"column":3}},"12":{"start":{"line":16,"column":4},"end":{"line":16,"column":26}},"13":{"start":{"line":17,"column":4},"end":{"line":46,"column":5}},"14":{"start":{"line":18,"column":8},"end":{"line":20,"column":9}},"15":{"start":{"line":19,"column":12},"end":{"line":19,"column":77}},"16":{"start":{"line":22,"column":20},"end":{"line":22,"column":35}},"17":{"start":{"line":23,"column":24},"end":{"line":23,"column":54}},"18":{"start":{"line":25,"column":8},"end":{"line":31,"column":10}},"19":{"start":{"line":26,"column":25},"end":{"line":29,"column":14}},"20":{"start":{"line":30,"column":12},"end":{"line":30,"column":32}},"21":{"start":{"line":40,"column":8},"end":{"line":40,"column":24}},"22":{"start":{"line":41,"column":8},"end":{"line":43,"column":10}},"23":{"start":{"line":45,"column":8},"end":{"line":45,"column":18}},"24":{"start":{"line":49,"column":0},"end":{"line":85,"column":3}},"25":{"start":{"line":50,"column":4},"end":{"line":50,"column":23}},"26":{"start":{"line":51,"column":4},"end":{"line":84,"column":5}},"27":{"start":{"line":52,"column":8},"end":{"line":54,"column":9}},"28":{"start":{"line":53,"column":12},"end":{"line":53,"column":71}},"29":{"start":{"line":56,"column":20},"end":{"line":56,"column":34}},"30":{"start":{"line":57,"column":21},"end":{"line":57,"column":36}},"31":{"start":{"line":58,"column":25},"end":{"line":58,"column":44}},"32":{"start":{"line":59,"column":19},"end":{"line":59,"column":32}},"33":{"start":{"line":61,"column":23},"end":{"line":61,"column":40}},"34":{"start":{"line":63,"column":21},"end":{"line":69,"column":10}},"35":{"start":{"line":71,"column":8},"end":{"line":73,"column":9}},"36":{"start":{"line":72,"column":12},"end":{"line":72,"column":44}},"37":{"start":{"line":75,"column":8},"end":{"line":75,"column":22}},"38":{"start":{"line":77,"column":8},"end":{"line":77,"column":24}},"39":{"start":{"line":78,"column":8},"end":{"line":80,"column":11}},"40":{"start":{"line":83,"column":8},"end":{"line":83,"column":18}},"41":{"start":{"line":92,"column":0},"end":{"line":111,"column":3}},"42":{"start":{"line":93,"column":4},"end":{"line":93,"column":23}},"43":{"start":{"line":94,"column":4},"end":{"line":110,"column":5}},"44":{"start":{"line":95,"column":8},"end":{"line":95,"column":31}},"45":{"start":{"line":96,"column":8},"end":{"line":101,"column":9}},"46":{"start":{"line":100,"column":12},"end":{"line":100,"column":77}},"47":{"start":{"line":103,"column":20},"end":{"line":103,"column":35}},"48":{"start":{"line":104,"column":22},"end":{"line":104,"column":68}},"49":{"start":{"line":106,"column":8},"end":{"line":106,"column":24}},"50":{"start":{"line":107,"column":8},"end":{"line":107,"column":26}},"51":{"start":{"line":109,"column":8},"end":{"line":109,"column":18}},"52":{"start":{"line":113,"column":0},"end":{"line":147,"column":3}},"53":{"start":{"line":114,"column":4},"end":{"line":114,"column":31}},"54":{"start":{"line":115,"column":4},"end":{"line":146,"column":5}},"55":{"start":{"line":117,"column":8},"end":{"line":117,"column":60}},"56":{"start":{"line":118,"column":8},"end":{"line":118,"column":58}},"57":{"start":{"line":120,"column":8},"end":{"line":127,"column":9}},"58":{"start":{"line":126,"column":12},"end":{"line":126,"column":77}},"59":{"start":{"line":129,"column":20},"end":{"line":129,"column":35}},"60":{"start":{"line":130,"column":24},"end":{"line":130,"column":53}},"61":{"start":{"line":131,"column":22},"end":{"line":131,"column":49}},"62":{"start":{"line":132,"column":8},"end":{"line":132,"column":27}},"63":{"start":{"line":133,"column":8},"end":{"line":133,"column":31}},"64":{"start":{"line":134,"column":8},"end":{"line":134,"column":29}},"65":{"start":{"line":135,"column":8},"end":{"line":135,"column":33}},"66":{"start":{"line":137,"column":22},"end":{"line":139,"column":88}},"67":{"start":{"line":141,"column":8},"end":{"line":141,"column":24}},"68":{"start":{"line":142,"column":8},"end":{"line":142,"column":26}},"69":{"start":{"line":145,"column":8},"end":{"line":145,"column":18}},"70":{"start":{"line":149,"column":0},"end":{"line":187,"column":3}},"71":{"start":{"line":150,"column":4},"end":{"line":150,"column":26}},"72":{"start":{"line":151,"column":4},"end":{"line":151,"column":36}},"73":{"start":{"line":152,"column":4},"end":{"line":186,"column":5}},"74":{"start":{"line":153,"column":8},"end":{"line":159,"column":9}},"75":{"start":{"line":158,"column":12},"end":{"line":158,"column":77}},"76":{"start":{"line":161,"column":20},"end":{"line":161,"column":35}},"77":{"start":{"line":162,"column":20},"end":{"line":162,"column":46}},"78":{"start":{"line":163,"column":8},"end":{"line":166,"column":9}},"79":{"start":{"line":164,"column":12},"end":{"line":164,"column":54}},"80":{"start":{"line":165,"column":12},"end":{"line":165,"column":39}},"81":{"start":{"line":168,"column":22},"end":{"line":168,"column":24}},"82":{"start":{"line":169,"column":8},"end":{"line":179,"column":9}},"83":{"start":{"line":169,"column":21},"end":{"line":169,"column":22}},"84":{"start":{"line":170,"column":23},"end":{"line":170,"column":31}},"85":{"start":{"line":172,"column":32},"end":{"line":174,"column":43}},"86":{"start":{"line":176,"column":12},"end":{"line":178,"column":15}},"87":{"start":{"line":177,"column":16},"end":{"line":177,"column":37}},"88":{"start":{"line":181,"column":8},"end":{"line":181,"column":24}},"89":{"start":{"line":182,"column":8},"end":{"line":182,"column":26}},"90":{"start":{"line":185,"column":8},"end":{"line":185,"column":18}},"91":{"start":{"line":189,"column":0},"end":{"line":234,"column":3}},"92":{"start":{"line":191,"column":4},"end":{"line":233,"column":5}},"93":{"start":{"line":193,"column":8},"end":{"line":193,"column":60}},"94":{"start":{"line":194,"column":8},"end":{"line":194,"column":58}},"95":{"start":{"line":196,"column":8},"end":{"line":204,"column":9}},"96":{"start":{"line":203,"column":12},"end":{"line":203,"column":77}},"97":{"start":{"line":206,"column":20},"end":{"line":206,"column":35}},"98":{"start":{"line":207,"column":24},"end":{"line":207,"column":53}},"99":{"start":{"line":208,"column":22},"end":{"line":208,"column":49}},"100":{"start":{"line":209,"column":20},"end":{"line":209,"column":46}},"101":{"start":{"line":210,"column":8},"end":{"line":213,"column":9}},"102":{"start":{"line":211,"column":12},"end":{"line":211,"column":54}},"103":{"start":{"line":212,"column":12},"end":{"line":212,"column":39}},"104":{"start":{"line":215,"column":22},"end":{"line":215,"column":24}},"105":{"start":{"line":216,"column":8},"end":{"line":227,"column":9}},"106":{"start":{"line":216,"column":21},"end":{"line":216,"column":22}},"107":{"start":{"line":217,"column":23},"end":{"line":217,"column":31}},"108":{"start":{"line":218,"column":32},"end":{"line":221,"column":43}},"109":{"start":{"line":223,"column":12},"end":{"line":223,"column":39}},"110":{"start":{"line":224,"column":12},"end":{"line":226,"column":15}},"111":{"start":{"line":225,"column":16},"end":{"line":225,"column":37}},"112":{"start":{"line":229,"column":8},"end":{"line":229,"column":24}},"113":{"start":{"line":230,"column":8},"end":{"line":230,"column":26}},"114":{"start":{"line":232,"column":8},"end":{"line":232,"column":18}},"115":{"start":{"line":236,"column":0},"end":{"line":262,"column":3}},"116":{"start":{"line":238,"column":4},"end":{"line":261,"column":5}},"117":{"start":{"line":239,"column":8},"end":{"line":239,"column":49}},"118":{"start":{"line":240,"column":8},"end":{"line":247,"column":9}},"119":{"start":{"line":246,"column":12},"end":{"line":246,"column":77}},"120":{"start":{"line":249,"column":20},"end":{"line":249,"column":35}},"121":{"start":{"line":250,"column":25},"end":{"line":250,"column":51}},"122":{"start":{"line":251,"column":25},"end":{"line":251,"column":51}},"123":{"start":{"line":253,"column":22},"end":{"line":255,"column":60}},"124":{"start":{"line":257,"column":8},"end":{"line":257,"column":24}},"125":{"start":{"line":258,"column":8},"end":{"line":258,"column":26}},"126":{"start":{"line":260,"column":8},"end":{"line":260,"column":18}},"127":{"start":{"line":264,"column":0},"end":{"line":297,"column":3}},"128":{"start":{"line":266,"column":4},"end":{"line":296,"column":5}},"129":{"start":{"line":267,"column":8},"end":{"line":267,"column":49}},"130":{"start":{"line":268,"column":8},"end":{"line":268,"column":60}},"131":{"start":{"line":269,"column":8},"end":{"line":269,"column":58}},"132":{"start":{"line":271,"column":8},"end":{"line":280,"column":9}},"133":{"start":{"line":279,"column":12},"end":{"line":279,"column":77}},"134":{"start":{"line":282,"column":20},"end":{"line":282,"column":35}},"135":{"start":{"line":283,"column":25},"end":{"line":283,"column":51}},"136":{"start":{"line":284,"column":25},"end":{"line":284,"column":51}},"137":{"start":{"line":285,"column":24},"end":{"line":285,"column":53}},"138":{"start":{"line":286,"column":22},"end":{"line":286,"column":49}},"139":{"start":{"line":287,"column":22},"end":{"line":290,"column":60}},"140":{"start":{"line":292,"column":8},"end":{"line":292,"column":24}},"141":{"start":{"line":293,"column":8},"end":{"line":293,"column":26}},"142":{"start":{"line":295,"column":8},"end":{"line":295,"column":18}},"143":{"start":{"line":301,"column":0},"end":{"line":301,"column":24}}},"fnMap":{"0":{"name":"(anonymous_0)","decl":{"start":{"line":10,"column":11},"end":{"line":10,"column":12}},"loc":{"start":{"line":10,"column":31},"end":{"line":13,"column":1}},"line":10},"1":{"name":"(anonymous_1)","decl":{"start":{"line":15,"column":25},"end":{"line":15,"column":26}},"loc":{"start":{"line":15,"column":47},"end":{"line":47,"column":1}},"line":15},"2":{"name":"(anonymous_2)","decl":{"start":{"line":25,"column":26},"end":{"line":25,"column":27}},"loc":{"start":{"line":25,"column":44},"end":{"line":31,"column":9}},"line":25},"3":{"name":"(anonymous_3)","decl":{"start":{"line":49,"column":20},"end":{"line":49,"column":21}},"loc":{"start":{"line":49,"column":46},"end":{"line":85,"column":1}},"line":49},"4":{"name":"(anonymous_4)","decl":{"start":{"line":92,"column":19},"end":{"line":92,"column":20}},"loc":{"start":{"line":92,"column":45},"end":{"line":111,"column":1}},"line":92},"5":{"name":"(anonymous_5)","decl":{"start":{"line":113,"column":27},"end":{"line":113,"column":28}},"loc":{"start":{"line":113,"column":53},"end":{"line":147,"column":1}},"line":113},"6":{"name":"(anonymous_6)","decl":{"start":{"line":149,"column":22},"end":{"line":149,"column":23}},"loc":{"start":{"line":149,"column":48},"end":{"line":187,"column":1}},"line":149},"7":{"name":"(anonymous_7)","decl":{"start":{"line":176,"column":34},"end":{"line":176,"column":35}},"loc":{"start":{"line":176,"column":46},"end":{"line":178,"column":13}},"line":176},"8":{"name":"(anonymous_8)","decl":{"start":{"line":189,"column":32},"end":{"line":189,"column":33}},"loc":{"start":{"line":189,"column":58},"end":{"line":234,"column":1}},"line":189},"9":{"name":"(anonymous_9)","decl":{"start":{"line":224,"column":34},"end":{"line":224,"column":35}},"loc":{"start":{"line":224,"column":46},"end":{"line":226,"column":13}},"line":224},"10":{"name":"(anonymous_10)","decl":{"start":{"line":236,"column":24},"end":{"line":236,"column":25}},"loc":{"start":{"line":236,"column":50},"end":{"line":262,"column":1}},"line":236},"11":{"name":"(anonymous_11)","decl":{"start":{"line":264,"column":34},"end":{"line":264,"column":35}},"loc":{"start":{"line":264,"column":60},"end":{"line":297,"column":1}},"line":264}},"branchMap":{"0":{"loc":{"start":{"line":18,"column":8},"end":{"line":20,"column":9}},"type":"if","locations":[{"start":{"line":18,"column":8},"end":{"line":20,"column":9}},{"start":{},"end":{}}],"line":18},"1":{"loc":{"start":{"line":18,"column":12},"end":{"line":18,"column":75}},"type":"binary-expr","locations":[{"start":{"line":18,"column":12},"end":{"line":18,"column":44}},{"start":{"line":18,"column":48},"end":{"line":18,"column":75}}],"line":18},"2":{"loc":{"start":{"line":52,"column":8},"end":{"line":54,"column":9}},"type":"if","locations":[{"start":{"line":52,"column":8},"end":{"line":54,"column":9}},{"start":{},"end":{}}],"line":52},"3":{"loc":{"start":{"line":71,"column":8},"end":{"line":73,"column":9}},"type":"if","locations":[{"start":{"line":71,"column":8},"end":{"line":73,"column":9}},{"start":{},"end":{}}],"line":71},"4":{"loc":{"start":{"line":96,"column":8},"end":{"line":101,"column":9}},"type":"if","locations":[{"start":{"line":96,"column":8},"end":{"line":101,"column":9}},{"start":{},"end":{}}],"line":96},"5":{"loc":{"start":{"line":120,"column":8},"end":{"line":127,"column":9}},"type":"if","locations":[{"start":{"line":120,"column":8},"end":{"line":127,"column":9}},{"start":{},"end":{}}],"line":120},"6":{"loc":{"start":{"line":153,"column":8},"end":{"line":159,"column":9}},"type":"if","locations":[{"start":{"line":153,"column":8},"end":{"line":159,"column":9}},{"start":{},"end":{}}],"line":153},"7":{"loc":{"start":{"line":163,"column":8},"end":{"line":166,"column":9}},"type":"if","locations":[{"start":{"line":163,"column":8},"end":{"line":166,"column":9}},{"start":{},"end":{}}],"line":163},"8":{"loc":{"start":{"line":196,"column":8},"end":{"line":204,"column":9}},"type":"if","locations":[{"start":{"line":196,"column":8},"end":{"line":204,"column":9}},{"start":{},"end":{}}],"line":196},"9":{"loc":{"start":{"line":210,"column":8},"end":{"line":213,"column":9}},"type":"if","locations":[{"start":{"line":210,"column":8},"end":{"line":213,"column":9}},{"start":{},"end":{}}],"line":210},"10":{"loc":{"start":{"line":240,"column":8},"end":{"line":247,"column":9}},"type":"if","locations":[{"start":{"line":240,"column":8},"end":{"line":247,"column":9}},{"start":{},"end":{}}],"line":240},"11":{"loc":{"start":{"line":271,"column":8},"end":{"line":280,"column":9}},"type":"if","locations":[{"start":{"line":271,"column":8},"end":{"line":280,"column":9}},{"start":{},"end":{}}],"line":271}},"s":{"0":1,"1":1,"2":1,"3":1,"4":1,"5":1,"6":1,"7":1,"8":1,"9":0,"10":0,"11":1,"12":0,"13":0,"14":0,"15":0,"16":0,"17":0,"18":0,"19":0,"20":0,"21":0,"22":0,"23":0,"24":1,"25":0,"26":0,"27":0,"28":0,"29":0,"30":0,"31":0,"32":0,"33":0,"34":0,"35":0,"36":0,"37":0,"38":0,"39":0,"40":0,"41":1,"42":0,"43":0,"44":0,"45":0,"46":0,"47":0,"48":0,"49":0,"50":0,"51":0,"52":1,"53":0,"54":0,"55":0,"56":0,"57":0,"58":0,"59":0,"60":0,"61":0,"62":0,"63":0,"64":0,"65":0,"66":0,"67":0,"68":0,"69":0,"70":1,"71":0,"72":0,"73":0,"74":0,"75":0,"76":0,"77":0,"78":0,"79":0,"80":0,"81":0,"82":0,"83":0,"84":0,"85":0,"86":0,"87":0,"88":0,"89":0,"90":0,"91":1,"92":0,"93":0,"94":0,"95":0,"96":0,"97":0,"98":0,"99":0,"100":0,"101":0,"102":0,"103":0,"104":0,"105":0,"106":0,"107":0,"108":0,"109":0,"110":0,"111":0,"112":0,"113":0,"114":0,"115":1,"116":0,"117":0,"118":0,"119":0,"120":0,"121":0,"122":0,"123":0,"124":0,"125":0,"126":0,"127":1,"128":0,"129":0,"130":0,"131":0,"132":0,"133":0,"134":0,"135":0,"136":0,"137":0,"138":0,"139":0,"140":0,"141":0,"142":0,"143":1},"f":{"0":0,"1":0,"2":0,"3":0,"4":0,"5":0,"6":0,"7":0,"8":0,"9":0,"10":0,"11":0},"b":{"0":[0,0],"1":[0,0],"2":[0,0],"3":[0,0],"4":[0,0],"5":[0,0],"6":[0,0],"7":[0,0],"8":[0,0],"9":[0,0],"10":[0,0],"11":[0,0]},"_coverageSchema":"1a1c01bbd47fc00a2c39e90264f33305004495a9","hash":"29c81d4860729dea3344d87b184c6e7d148d0b18"}
,"C:\\Users\\Iman Azher\\Documents\\GitHub\\cs321_team4\\src\\routes\\index.js": {"path":"C:\\Users\\Iman Azher\\Documents\\GitHub\\cs321_team4\\src\\routes\\index.js","statementMap":{"0":{"start":{"line":7,"column":13},"end":{"line":7,"column":40}},"1":{"start":{"line":9,"column":18},"end":{"line":9,"column":41}},"2":{"start":{"line":18,"column":0},"end":{"line":18,"column":44}},"3":{"start":{"line":21,"column":0},"end":{"line":21,"column":30}},"4":{"start":{"line":22,"column":0},"end":{"line":22,"column":54}},"5":{"start":{"line":23,"column":0},"end":{"line":23,"column":52}},"6":{"start":{"line":24,"column":0},"end":{"line":24,"column":50}},"7":{"start":{"line":28,"column":0},"end":{"line":28,"column":24}}},"fnMap":{},"branchMap":{},"s":{"0":1,"1":1,"2":1,"3":1,"4":1,"5":1,"6":1,"7":1},"f":{},"b":{},"_coverageSchema":"1a1c01bbd47fc00a2c39e90264f33305004495a9","hash":"5e9e3ce9eaeb385fd0175c444ec47d9419735762"}
,"C:\\Users\\Iman Azher\\Documents\\GitHub\\cs321_team4\\src\\routes\\limit-route.js": {"path":"C:\\Users\\Iman Azher\\Documents\\GitHub\\cs321_team4\\src\\routes\\limit-route.js","statementMap":{"0":{"start":{"line":1,"column":16},"end":{"line":1,"column":34}},"1":{"start":{"line":2,"column":17},"end":{"line":2,"column":36}},"2":{"start":{"line":3,"column":21},"end":{"line":3,"column":55}},"3":{"start":{"line":4,"column":22},"end":{"line":4,"column":58}},"4":{"start":{"line":5,"column":21},"end":{"line":5,"column":56}},"5":{"start":{"line":6,"column":19},"end":{"line":6,"column":51}},"6":{"start":{"line":7,"column":15},"end":{"line":7,"column":31}},"7":{"start":{"line":9,"column":15},"end":{"line":9,"column":24}},"8":{"start":{"line":11,"column":0},"end":{"line":14,"column":3}},"9":{"start":{"line":12,"column":4},"end":{"line":12,"column":40}},"10":{"start":{"line":13,"column":4},"end":{"line":13,"column":11}},"11":{"start":{"line":16,"column":0},"end":{"line":66,"column":3}},"12":{"start":{"line":17,"column":4},"end":{"line":17,"column":23}},"13":{"start":{"line":18,"column":4},"end":{"line":65,"column":5}},"14":{"start":{"line":19,"column":8},"end":{"line":21,"column":9}},"15":{"start":{"line":20,"column":12},"end":{"line":20,"column":71}},"16":{"start":{"line":22,"column":22},"end":{"line":22,"column":38}},"17":{"start":{"line":23,"column":20},"end":{"line":23,"column":34}},"18":{"start":{"line":24,"column":24},"end":{"line":24,"column":34}},"19":{"start":{"line":25,"column":8},"end":{"line":27,"column":9}},"20":{"start":{"line":26,"column":12},"end":{"line":26,"column":53}},"21":{"start":{"line":29,"column":22},"end":{"line":29,"column":44}},"22":{"start":{"line":30,"column":8},"end":{"line":32,"column":9}},"23":{"start":{"line":31,"column":12},"end":{"line":31,"column":51}},"24":{"start":{"line":34,"column":27},"end":{"line":34,"column":48}},"25":{"start":{"line":35,"column":23},"end":{"line":35,"column":40}},"26":{"start":{"line":37,"column":23},"end":{"line":37,"column":28}},"27":{"start":{"line":38,"column":8},"end":{"line":40,"column":9}},"28":{"start":{"line":39,"column":12},"end":{"line":39,"column":41}},"29":{"start":{"line":42,"column":20},"end":{"line":49,"column":10}},"30":{"start":{"line":51,"column":8},"end":{"line":53,"column":9}},"31":{"start":{"line":52,"column":12},"end":{"line":52,"column":49}},"32":{"start":{"line":55,"column":8},"end":{"line":55,"column":27}},"33":{"start":{"line":57,"column":8},"end":{"line":57,"column":24}},"34":{"start":{"line":58,"column":8},"end":{"line":61,"column":11}},"35":{"start":{"line":64,"column":8},"end":{"line":64,"column":18}},"36":{"start":{"line":69,"column":0},"end":{"line":92,"column":3}},"37":{"start":{"line":70,"column":4},"end":{"line":70,"column":23}},"38":{"start":{"line":71,"column":4},"end":{"line":91,"column":5}},"39":{"start":{"line":73,"column":8},"end":{"line":78,"column":9}},"40":{"start":{"line":77,"column":12},"end":{"line":77,"column":77}},"41":{"start":{"line":80,"column":20},"end":{"line":80,"column":35}},"42":{"start":{"line":82,"column":22},"end":{"line":82,"column":67}},"43":{"start":{"line":83,"column":8},"end":{"line":85,"column":9}},"44":{"start":{"line":84,"column":12},"end":{"line":84,"column":49}},"45":{"start":{"line":87,"column":8},"end":{"line":87,"column":24}},"46":{"start":{"line":88,"column":8},"end":{"line":88,"column":26}},"47":{"start":{"line":90,"column":8},"end":{"line":90,"column":18}},"48":{"start":{"line":94,"column":0},"end":{"line":122,"column":3}},"49":{"start":{"line":95,"column":4},"end":{"line":95,"column":26}},"50":{"start":{"line":96,"column":4},"end":{"line":121,"column":5}},"51":{"start":{"line":97,"column":8},"end":{"line":99,"column":9}},"52":{"start":{"line":98,"column":12},"end":{"line":98,"column":77}},"53":{"start":{"line":101,"column":20},"end":{"line":101,"column":35}},"54":{"start":{"line":102,"column":23},"end":{"line":102,"column":52}},"55":{"start":{"line":104,"column":8},"end":{"line":110,"column":10}},"56":{"start":{"line":105,"column":25},"end":{"line":108,"column":14}},"57":{"start":{"line":109,"column":12},"end":{"line":109,"column":32}},"58":{"start":{"line":115,"column":8},"end":{"line":115,"column":24}},"59":{"start":{"line":116,"column":8},"end":{"line":118,"column":10}},"60":{"start":{"line":120,"column":8},"end":{"line":120,"column":18}},"61":{"start":{"line":124,"column":0},"end":{"line":124,"column":24}}},"fnMap":{"0":{"name":"(anonymous_0)","decl":{"start":{"line":11,"column":11},"end":{"line":11,"column":12}},"loc":{"start":{"line":11,"column":31},"end":{"line":14,"column":1}},"line":11},"1":{"name":"(anonymous_1)","decl":{"start":{"line":16,"column":19},"end":{"line":16,"column":20}},"loc":{"start":{"line":16,"column":41},"end":{"line":66,"column":1}},"line":16},"2":{"name":"(anonymous_2)","decl":{"start":{"line":69,"column":19},"end":{"line":69,"column":20}},"loc":{"start":{"line":69,"column":45},"end":{"line":92,"column":1}},"line":69},"3":{"name":"(anonymous_3)","decl":{"start":{"line":94,"column":25},"end":{"line":94,"column":26}},"loc":{"start":{"line":94,"column":47},"end":{"line":122,"column":1}},"line":94},"4":{"name":"(anonymous_4)","decl":{"start":{"line":104,"column":25},"end":{"line":104,"column":26}},"loc":{"start":{"line":104,"column":42},"end":{"line":110,"column":9}},"line":104}},"branchMap":{"0":{"loc":{"start":{"line":19,"column":8},"end":{"line":21,"column":9}},"type":"if","locations":[{"start":{"line":19,"column":8},"end":{"line":21,"column":9}},{"start":{},"end":{}}],"line":19},"1":{"loc":{"start":{"line":25,"column":8},"end":{"line":27,"column":9}},"type":"if","locations":[{"start":{"line":25,"column":8},"end":{"line":27,"column":9}},{"start":{},"end":{}}],"line":25},"2":{"loc":{"start":{"line":30,"column":8},"end":{"line":32,"column":9}},"type":"if","locations":[{"start":{"line":30,"column":8},"end":{"line":32,"column":9}},{"start":{},"end":{}}],"line":30},"3":{"loc":{"start":{"line":38,"column":8},"end":{"line":40,"column":9}},"type":"if","locations":[{"start":{"line":38,"column":8},"end":{"line":40,"column":9}},{"start":{},"end":{}}],"line":38},"4":{"loc":{"start":{"line":51,"column":8},"end":{"line":53,"column":9}},"type":"if","locations":[{"start":{"line":51,"column":8},"end":{"line":53,"column":9}},{"start":{},"end":{}}],"line":51},"5":{"loc":{"start":{"line":73,"column":8},"end":{"line":78,"column":9}},"type":"if","locations":[{"start":{"line":73,"column":8},"end":{"line":78,"column":9}},{"start":{},"end":{}}],"line":73},"6":{"loc":{"start":{"line":83,"column":8},"end":{"line":85,"column":9}},"type":"if","locations":[{"start":{"line":83,"column":8},"end":{"line":85,"column":9}},{"start":{},"end":{}}],"line":83},"7":{"loc":{"start":{"line":83,"column":12},"end":{"line":83,"column":51}},"type":"binary-expr","locations":[{"start":{"line":83,"column":12},"end":{"line":83,"column":32}},{"start":{"line":83,"column":36},"end":{"line":83,"column":51}}],"line":83},"8":{"loc":{"start":{"line":97,"column":8},"end":{"line":99,"column":9}},"type":"if","locations":[{"start":{"line":97,"column":8},"end":{"line":99,"column":9}},{"start":{},"end":{}}],"line":97},"9":{"loc":{"start":{"line":97,"column":12},"end":{"line":97,"column":70}},"type":"binary-expr","locations":[{"start":{"line":97,"column":12},"end":{"line":97,"column":40}},{"start":{"line":97,"column":44},"end":{"line":97,"column":70}}],"line":97}},"s":{"0":1,"1":1,"2":1,"3":1,"4":1,"5":1,"6":1,"7":1,"8":1,"9":2,"10":2,"11":1,"12":0,"13":0,"14":0,"15":0,"16":0,"17":0,"18":0,"19":0,"20":0,"21":0,"22":0,"23":0,"24":0,"25":0,"26":0,"27":0,"28":0,"29":0,"30":0,"31":0,"32":0,"33":0,"34":0,"35":0,"36":1,"37":0,"38":0,"39":0,"40":0,"41":0,"42":0,"43":0,"44":0,"45":0,"46":0,"47":0,"48":1,"49":2,"50":2,"51":2,"52":1,"53":1,"54":1,"55":1,"56":2,"57":0,"58":1,"59":1,"60":1,"61":1},"f":{"0":2,"1":0,"2":0,"3":2,"4":2},"b":{"0":[0,0],"1":[0,0],"2":[0,0],"3":[0,0],"4":[0,0],"5":[0,0],"6":[0,0],"7":[0,0],"8":[1,1],"9":[2,1]},"_coverageSchema":"1a1c01bbd47fc00a2c39e90264f33305004495a9","hash":"cd52e811593378f3ee16a9d5b40ea7270aa3e027"}
,"C:\\Users\\Iman Azher\\Documents\\GitHub\\cs321_team4\\src\\routes\\test-route.js": {"path":"C:\\Users\\Iman Azher\\Documents\\GitHub\\cs321_team4\\src\\routes\\test-route.js","statementMap":{"0":{"start":{"line":7,"column":16},"end":{"line":7,"column":34}},"1":{"start":{"line":8,"column":0},"end":{"line":8,"column":27}},"2":{"start":{"line":11,"column":13},"end":{"line":11,"column":29}},"3":{"start":{"line":23,"column":0},"end":{"line":27,"column":3}},"4":{"start":{"line":24,"column":14},"end":{"line":24,"column":34}},"5":{"start":{"line":25,"column":15},"end":{"line":25,"column":30}},"6":{"start":{"line":26,"column":4},"end":{"line":26,"column":19}},"7":{"start":{"line":33,"column":0},"end":{"line":35,"column":3}},"8":{"start":{"line":34,"column":4},"end":{"line":34,"column":34}},"9":{"start":{"line":37,"column":0},"end":{"line":37,"column":24}}},"fnMap":{"0":{"name":"(anonymous_0)","decl":{"start":{"line":23,"column":16},"end":{"line":23,"column":17}},"loc":{"start":{"line":23,"column":29},"end":{"line":27,"column":1}},"line":23},"1":{"name":"(anonymous_1)","decl":{"start":{"line":33,"column":17},"end":{"line":33,"column":18}},"loc":{"start":{"line":33,"column":30},"end":{"line":35,"column":1}},"line":33}},"branchMap":{},"s":{"0":1,"1":1,"2":1,"3":1,"4":0,"5":0,"6":0,"7":1,"8":0,"9":1},"f":{"0":0,"1":0},"b":{},"_coverageSchema":"1a1c01bbd47fc00a2c39e90264f33305004495a9","hash":"a6c0c4756f37f7a48f63562f1b600251282d4b00"}
}
