TN:
SF:src/app.js
FN:32,(anonymous_0)
FNF:1
FNH:1
FNDA:9,(anonymous_0)
DA:1,4
DA:2,4
DA:3,4
DA:4,4
DA:5,4
DA:10,4
DA:11,4
DA:18,4
DA:20,4
DA:21,4
DA:24,4
DA:32,4
DA:35,9
DA:36,9
DA:44,4
LF:15
LH:15
BRDA:35,0,0,9
BRDA:35,0,1,9
BRF:2
BRH:2
end_of_record
TN:
SF:src/connections/mongodb-connect-collin.js
FN:11,connectToMongo
FN:31,connectToUsersDb
FN:36,(anonymous_2)
FN:42,(anonymous_3)
FN:50,disconnectFromMongo
FN:54,(anonymous_5)
FNF:6
FNH:1
FNDA:7,connectToMongo
FNDA:0,connectToUsersDb
FNDA:0,(anonymous_2)
FNDA:0,(anonymous_3)
FNDA:0,disconnectFromMongo
FNDA:0,(anonymous_5)
DA:1,4
DA:2,4
DA:12,7
DA:13,7
DA:14,6
DA:28,6
DA:32,0
DA:33,0
DA:34,0
DA:36,0
DA:37,0
DA:42,0
DA:43,0
DA:48,0
DA:52,0
DA:54,0
DA:55,0
DA:59,4
LF:18
LH:7
BRF:0
BRH:0
end_of_record
TN:
SF:src/errors/plutus-errors.js
FN:3,(anonymous_0)
FN:12,(anonymous_1)
FN:22,(anonymous_2)
FN:33,(anonymous_3)
FN:44,(anonymous_4)
FN:55,(anonymous_5)
FNF:6
FNH:2
FNDA:9,(anonymous_0)
FNDA:0,(anonymous_1)
FNDA:0,(anonymous_2)
FNDA:0,(anonymous_3)
FNDA:9,(anonymous_4)
FNDA:0,(anonymous_5)
DA:4,9
DA:5,9
DA:6,9
DA:7,9
DA:13,0
DA:23,0
DA:28,0
DA:34,0
DA:39,0
DA:45,9
DA:50,9
DA:56,0
DA:61,0
DA:64,4
LF:14
LH:7
BRF:0
BRH:0
end_of_record
TN:
SF:src/helpers/auth-helpers.js
FN:15,hasLoginKeys
FN:27,hasCreateAccountKeys
FNF:2
FNH:0
FNDA:0,hasLoginKeys
FNDA:0,hasCreateAccountKeys
DA:5,4
DA:6,4
DA:8,4
DA:16,0
DA:17,0
DA:19,0
DA:28,0
DA:29,0
DA:31,0
DA:37,4
LF:10
LH:4
BRDA:16,0,0,0
BRDA:16,0,1,0
BRDA:19,1,0,0
BRDA:19,1,1,0
BRDA:28,2,0,0
BRDA:28,2,1,0
BRDA:32,3,0,0
BRDA:32,3,1,0
BRF:8
BRH:0
end_of_record
TN:
SF:src/helpers/expense-helpers.js
FN:4,(anonymous_0)
FNF:1
FNH:0
FNDA:0,(anonymous_0)
DA:4,4
DA:5,0
DA:6,0
DA:9,0
DA:10,0
DA:13,0
DA:21,0
DA:22,0
DA:23,0
DA:24,0
DA:28,0
DA:31,4
LF:12
LH:2
BRDA:5,0,0,0
BRDA:5,0,1,0
BRDA:9,1,0,0
BRDA:9,1,1,0
BRDA:23,2,0,0
BRDA:23,2,1,0
BRF:6
BRH:0
end_of_record
TN:
SF:src/helpers/global-helpers.js
FN:14,(anonymous_0)
FN:41,fixDateDefaultToPresent
FN:68,fixStartDateDefaultMinDate
FN:97,fixEndDateDefaultMaxDate
FN:122,isValidEmail
FN:126,fixAmountBounds
FNF:6
FNH:4
FNDA:23,(anonymous_0)
FNDA:0,fixDateDefaultToPresent
FNDA:9,fixStartDateDefaultMinDate
FNDA:9,fixEndDateDefaultMaxDate
FNDA:0,isValidEmail
FNDA:4,fixAmountBounds
DA:5,4
DA:7,4
DA:9,4
DA:10,4
DA:11,4
DA:12,4
DA:14,4
DA:16,23
DA:17,0
DA:20,23
DA:21,0
DA:23,23
DA:24,0
DA:27,23
DA:28,0
DA:31,23
DA:32,46
DA:33,46
DA:34,8
DA:38,15
DA:42,0
DA:43,0
DA:44,0
DA:47,0
DA:48,0
DA:49,0
DA:50,0
DA:53,0
DA:54,0
DA:57,0
DA:58,0
DA:61,0
DA:69,9
DA:70,7
DA:71,7
DA:74,2
DA:76,2
DA:77,0
DA:78,0
DA:81,2
DA:82,0
DA:85,2
DA:86,0
DA:89,2
DA:99,9
DA:100,7
DA:101,7
DA:104,2
DA:106,2
DA:107,0
DA:108,0
DA:111,2
DA:112,0
DA:115,2
DA:116,2
DA:119,2
DA:123,0
DA:127,4
DA:128,0
DA:131,4
DA:132,0
DA:134,4
DA:135,1
DA:139,4
LF:64
LH:38
BRDA:16,0,0,0
BRDA:16,0,1,23
BRDA:16,1,0,23
BRDA:16,1,1,23
BRDA:20,2,0,0
BRDA:20,2,1,23
BRDA:23,3,0,0
BRDA:23,3,1,23
BRDA:27,4,0,0
BRDA:27,4,1,23
BRDA:33,5,0,8
BRDA:33,5,1,38
BRDA:33,6,0,46
BRDA:33,6,1,38
BRDA:42,7,0,0
BRDA:42,7,1,0
BRDA:42,8,0,0
BRDA:42,8,1,0
BRDA:48,9,0,0
BRDA:48,9,1,0
BRDA:53,10,0,0
BRDA:53,10,1,0
BRDA:57,11,0,0
BRDA:57,11,1,0
BRDA:69,12,0,7
BRDA:69,12,1,2
BRDA:69,13,0,9
BRDA:69,13,1,2
BRDA:76,14,0,0
BRDA:76,14,1,2
BRDA:81,15,0,0
BRDA:81,15,1,2
BRDA:85,16,0,0
BRDA:85,16,1,2
BRDA:99,17,0,7
BRDA:99,17,1,2
BRDA:99,18,0,9
BRDA:99,18,1,2
BRDA:106,19,0,0
BRDA:106,19,1,2
BRDA:111,20,0,0
BRDA:111,20,1,2
BRDA:115,21,0,2
BRDA:115,21,1,0
BRDA:127,22,0,0
BRDA:127,22,1,4
BRDA:127,23,0,4
BRDA:127,23,1,4
BRDA:127,23,2,4
BRDA:131,24,0,0
BRDA:131,24,1,4
BRDA:134,25,0,1
BRDA:134,25,1,3
BRDA:134,26,0,4
BRDA:134,26,1,3
BRDA:134,26,2,3
BRF:56
BRH:34
end_of_record
TN:
SF:src/helpers/income-helpers.js
FN:4,(anonymous_0)
FNF:1
FNH:0
FNDA:0,(anonymous_0)
DA:4,4
DA:5,0
DA:6,0
DA:9,0
DA:10,0
DA:13,0
DA:21,0
DA:22,0
DA:23,0
DA:24,0
DA:28,0
DA:31,4
LF:12
LH:2
BRDA:5,0,0,0
BRDA:5,0,1,0
BRDA:9,1,0,0
BRDA:9,1,1,0
BRDA:23,2,0,0
BRDA:23,2,1,0
BRF:6
BRH:0
end_of_record
TN:
SF:src/helpers/limit-helpers.js
FN:4,(anonymous_0)
FN:29,cleanBody
FNF:2
FNH:0
FNDA:0,(anonymous_0)
FNDA:0,cleanBody
DA:1,4
DA:4,4
DA:5,0
DA:6,0
DA:9,0
DA:10,0
DA:13,0
DA:19,0
DA:20,0
DA:21,0
DA:22,0
DA:26,0
DA:30,0
DA:31,0
DA:33,0
DA:34,0
DA:36,0
DA:39,0
DA:40,0
DA:42,0
DA:48,4
LF:21
LH:3
BRDA:5,0,0,0
BRDA:5,0,1,0
BRDA:9,1,0,0
BRDA:9,1,1,0
BRDA:21,2,0,0
BRDA:21,2,1,0
BRDA:30,3,0,0
BRDA:30,3,1,0
BRDA:33,4,0,0
BRDA:33,4,1,0
BRDA:39,5,0,0
BRDA:39,5,1,0
BRF:12
BRH:0
end_of_record
TN:
SF:src/models/expense-model.js
FN:51,(anonymous_0)
FNF:1
FNH:0
FNDA:0,(anonymous_0)
DA:1,4
DA:2,4
DA:3,4
DA:4,4
DA:51,4
DA:52,0
DA:62,0
DA:65,4
DA:67,4
LF:9
LH:7
BRF:0
BRH:0
end_of_record
TN:
SF:src/models/income-model.js
FN:50,(anonymous_0)
FNF:1
FNH:0
FNDA:0,(anonymous_0)
DA:1,4
DA:2,4
DA:3,4
DA:4,4
DA:50,4
DA:51,0
DA:60,0
DA:63,4
DA:65,4
LF:9
LH:7
BRF:0
BRH:0
end_of_record
TN:
SF:src/models/limit-model.js
FN:32,(anonymous_0)
FN:35,(anonymous_1)
FN:55,(anonymous_2)
FNF:3
FNH:0
FNDA:0,(anonymous_0)
FNDA:0,(anonymous_1)
FNDA:0,(anonymous_2)
DA:1,4
DA:2,4
DA:4,4
DA:33,0
DA:35,0
DA:55,4
DA:56,0
DA:67,0
DA:69,4
DA:71,4
LF:10
LH:6
BRF:0
BRH:0
end_of_record
TN:
SF:src/models/payee-schema.js
FNF:0
FNH:0
DA:1,4
DA:3,4
DA:19,4
LF:3
LH:3
BRF:0
BRH:0
end_of_record
TN:
SF:src/models/session-schema.js
FNF:0
FNH:0
DA:6,4
DA:9,4
DA:27,4
LF:3
LH:3
BRF:0
BRH:0
end_of_record
TN:
SF:src/models/user-model.js
FN:25,(anonymous_0)
FN:30,(anonymous_1)
FN:40,(anonymous_2)
FN:62,(anonymous_3)
FNF:4
FNH:0
FNDA:0,(anonymous_0)
FNDA:0,(anonymous_1)
FNDA:0,(anonymous_2)
FNDA:0,(anonymous_3)
DA:1,4
DA:2,4
DA:4,4
DA:25,0
DA:30,4
DA:31,0
DA:40,4
DA:42,0
DA:43,0
DA:45,0
DA:46,0
DA:49,0
DA:50,0
DA:53,0
DA:54,0
DA:57,0
DA:58,0
DA:62,4
DA:68,0
DA:69,0
DA:70,0
DA:72,0
DA:73,0
DA:75,0
DA:78,4
DA:108,4
LF:26
LH:8
BRDA:42,0,0,0
BRDA:42,0,1,0
BRDA:45,1,0,0
BRDA:45,1,1,0
BRDA:49,2,0,0
BRDA:49,2,1,0
BRDA:53,3,0,0
BRDA:53,3,1,0
BRDA:57,4,0,0
BRDA:57,4,1,0
BRDA:65,5,0,0
BRDA:66,6,0,0
BRDA:69,7,0,0
BRDA:69,7,1,0
BRDA:72,8,0,0
BRDA:72,8,1,0
BRF:16
BRH:0
end_of_record
TN:
SF:src/routes/auth-route.js
FN:19,(anonymous_0)
FN:28,(anonymous_1)
FN:58,(anonymous_2)
FN:88,(anonymous_3)
FN:120,(anonymous_4)
FNF:5
FNH:0
FNDA:0,(anonymous_0)
FNDA:0,(anonymous_1)
FNDA:0,(anonymous_2)
FNDA:0,(anonymous_3)
FNDA:0,(anonymous_4)
DA:3,4
DA:5,4
DA:6,4
DA:7,4
DA:8,4
DA:13,4
DA:15,4
DA:16,4
DA:19,4
DA:20,0
DA:21,0
DA:26,4
DA:28,4
DA:29,0
DA:30,0
DA:31,0
DA:34,0
DA:35,0
DA:36,0
DA:37,0
DA:39,0
DA:46,0
DA:48,0
DA:49,0
DA:54,0
DA:58,4
DA:59,0
DA:60,0
DA:61,0
DA:64,0
DA:65,0
DA:67,0
DA:68,0
DA:69,0
DA:72,0
DA:73,0
DA:76,0
DA:78,0
DA:79,0
DA:84,0
DA:88,4
DA:89,0
DA:90,0
DA:91,0
DA:94,0
DA:95,0
DA:99,0
DA:100,0
DA:101,0
DA:104,0
DA:105,0
DA:108,0
DA:110,0
DA:112,0
DA:113,0
DA:117,0
DA:120,4
DA:121,0
DA:123,0
DA:124,0
DA:130,0
DA:131,0
DA:135,0
DA:136,0
DA:137,0
DA:140,0
DA:141,0
DA:146,0
DA:147,0
DA:154,0
DA:158,4
LF:71
LH:15
BRDA:30,0,0,0
BRDA:30,0,1,0
BRDA:36,1,0,0
BRDA:36,1,1,0
BRDA:37,2,0,0
BRDA:37,2,1,0
BRDA:60,3,0,0
BRDA:60,3,1,0
BRDA:68,4,0,0
BRDA:68,4,1,0
BRDA:68,5,0,0
BRDA:68,5,1,0
BRDA:68,5,2,0
BRDA:68,5,3,0
BRDA:72,6,0,0
BRDA:72,6,1,0
BRDA:90,7,0,0
BRDA:90,7,1,0
BRDA:100,8,0,0
BRDA:100,8,1,0
BRDA:100,9,0,0
BRDA:100,9,1,0
BRDA:100,9,2,0
BRDA:100,9,3,0
BRDA:104,10,0,0
BRDA:104,10,1,0
BRDA:123,11,0,0
BRDA:123,11,1,0
BRDA:136,12,0,0
BRDA:136,12,1,0
BRDA:136,13,0,0
BRDA:136,13,1,0
BRDA:136,13,2,0
BRDA:136,13,3,0
BRDA:140,14,0,0
BRDA:140,14,1,0
BRF:36
BRH:0
end_of_record
TN:
SF:src/routes/expense-route.js
FN:10,(anonymous_0)
FN:15,(anonymous_1)
FN:28,(anonymous_2)
FN:52,(anonymous_3)
FN:108,(anonymous_4)
FN:131,(anonymous_5)
FN:172,(anonymous_6)
FN:198,(anonymous_7)
FN:211,(anonymous_8)
FN:250,(anonymous_9)
FN:262,(anonymous_10)
FN:290,(anonymous_11)
FNF:12
FNH:0
FNDA:0,(anonymous_0)
FNDA:0,(anonymous_1)
FNDA:0,(anonymous_2)
FNDA:0,(anonymous_3)
FNDA:0,(anonymous_4)
FNDA:0,(anonymous_5)
FNDA:0,(anonymous_6)
FNDA:0,(anonymous_7)
FNDA:0,(anonymous_8)
FNDA:0,(anonymous_9)
FNDA:0,(anonymous_10)
FNDA:0,(anonymous_11)
DA:1,4
DA:2,4
DA:3,4
DA:4,4
DA:5,4
DA:6,4
DA:7,4
DA:8,4
DA:10,4
DA:11,0
DA:12,0
DA:15,4
DA:16,0
DA:17,0
DA:18,0
DA:19,0
DA:20,0
DA:21,0
DA:25,0
DA:26,0
DA:28,0
DA:29,0
DA:43,0
DA:44,0
DA:48,0
DA:52,4
DA:53,0
DA:54,0
DA:55,0
DA:56,0
DA:57,0
DA:58,0
DA:59,0
DA:60,0
DA:63,0
DA:64,0
DA:65,0
DA:66,0
DA:67,0
DA:68,0
DA:70,0
DA:72,0
DA:80,0
DA:81,0
DA:84,0
DA:85,0
DA:87,0
DA:88,0
DA:90,0
DA:91,0
DA:92,0
DA:98,0
DA:108,4
DA:109,0
DA:110,0
DA:111,0
DA:112,0
DA:113,0
DA:117,0
DA:120,0
DA:122,0
DA:124,0
DA:125,0
DA:127,0
DA:131,4
DA:132,0
DA:133,0
DA:135,0
DA:136,0
DA:138,0
DA:144,0
DA:147,0
DA:148,0
DA:149,0
DA:150,0
DA:151,0
DA:152,0
DA:153,0
DA:155,0
DA:164,0
DA:165,0
DA:168,0
DA:172,4
DA:173,0
DA:174,0
DA:175,0
DA:176,0
DA:181,0
DA:184,0
DA:185,0
DA:186,0
DA:187,0
DA:188,0
DA:191,0
DA:192,0
DA:193,0
DA:194,0
DA:198,0
DA:199,0
DA:203,0
DA:204,0
DA:207,0
DA:211,4
DA:213,0
DA:215,0
DA:216,0
DA:218,0
DA:225,0
DA:228,0
DA:229,0
DA:230,0
DA:231,0
DA:232,0
DA:233,0
DA:234,0
DA:237,0
DA:238,0
DA:239,0
DA:241,0
DA:242,0
DA:243,0
DA:244,0
DA:249,0
DA:250,0
DA:251,0
DA:255,0
DA:256,0
DA:258,0
DA:262,4
DA:264,0
DA:265,0
DA:266,0
DA:272,0
DA:275,0
DA:276,0
DA:277,0
DA:279,0
DA:283,0
DA:284,0
DA:286,0
DA:290,4
DA:292,0
DA:293,0
DA:294,0
DA:295,0
DA:297,0
DA:305,0
DA:308,0
DA:309,0
DA:310,0
DA:311,0
DA:312,0
DA:313,0
DA:318,0
DA:319,0
DA:321,0
DA:327,4
LF:157
LH:18
BRDA:20,0,0,0
BRDA:20,0,1,0
BRDA:20,1,0,0
BRDA:20,1,1,0
BRDA:59,2,0,0
BRDA:59,2,1,0
BRDA:80,3,0,0
BRDA:80,3,1,0
BRDA:84,4,0,0
BRDA:84,4,1,0
BRDA:113,5,0,0
BRDA:113,5,1,0
BRDA:138,6,0,0
BRDA:138,6,1,0
BRDA:176,7,0,0
BRDA:176,7,1,0
BRDA:186,8,0,0
BRDA:186,8,1,0
BRDA:218,9,0,0
BRDA:218,9,1,0
BRDA:232,10,0,0
BRDA:232,10,1,0
BRDA:266,11,0,0
BRDA:266,11,1,0
BRDA:297,12,0,0
BRDA:297,12,1,0
BRF:26
BRH:0
end_of_record
TN:
SF:src/routes/income-route.js
FN:10,(anonymous_0)
FN:15,(anonymous_1)
FN:25,(anonymous_2)
FN:49,(anonymous_3)
FN:92,(anonymous_4)
FN:113,(anonymous_5)
FN:149,(anonymous_6)
FN:176,(anonymous_7)
FN:189,(anonymous_8)
FN:224,(anonymous_9)
FN:236,(anonymous_10)
FN:264,(anonymous_11)
FNF:12
FNH:10
FNDA:25,(anonymous_0)
FNDA:2,(anonymous_1)
FNDA:1,(anonymous_2)
FNDA:0,(anonymous_3)
FNDA:5,(anonymous_4)
FNDA:4,(anonymous_5)
FNDA:7,(anonymous_6)
FNDA:1,(anonymous_7)
FNDA:3,(anonymous_8)
FNDA:0,(anonymous_9)
FNDA:2,(anonymous_10)
FNDA:2,(anonymous_11)
DA:1,4
DA:2,4
DA:3,4
DA:4,4
DA:5,4
DA:6,4
DA:7,4
DA:8,4
DA:10,4
DA:11,25
DA:12,25
DA:15,4
DA:16,2
DA:17,2
DA:18,2
DA:19,1
DA:22,1
DA:23,1
DA:25,1
DA:26,1
DA:30,0
DA:40,1
DA:41,1
DA:45,1
DA:49,4
DA:50,0
DA:51,0
DA:52,0
DA:53,0
DA:56,0
DA:57,0
DA:58,0
DA:59,0
DA:61,0
DA:63,0
DA:71,0
DA:72,0
DA:75,0
DA:77,0
DA:78,0
DA:83,0
DA:92,4
DA:93,5
DA:94,5
DA:95,5
DA:96,5
DA:100,2
DA:103,3
DA:104,3
DA:106,3
DA:107,3
DA:109,2
DA:113,4
DA:114,4
DA:115,4
DA:117,4
DA:118,4
DA:120,4
DA:126,1
DA:129,3
DA:130,3
DA:131,3
DA:132,3
DA:133,3
DA:134,3
DA:135,3
DA:137,3
DA:141,3
DA:142,3
DA:145,1
DA:149,4
DA:150,7
DA:151,7
DA:152,7
DA:153,7
DA:158,2
DA:161,5
DA:162,5
DA:163,5
DA:164,1
DA:165,1
DA:168,5
DA:169,5
DA:170,15
DA:172,15
DA:176,15
DA:177,1
DA:181,5
DA:182,5
DA:185,2
DA:189,4
DA:191,3
DA:193,3
DA:194,3
DA:196,3
DA:203,1
DA:206,2
DA:207,2
DA:208,2
DA:209,2
DA:210,2
DA:211,1
DA:212,1
DA:215,2
DA:216,2
DA:217,11
DA:218,11
DA:223,11
DA:224,11
DA:225,0
DA:229,2
DA:230,2
DA:232,1
DA:236,4
DA:238,2
DA:239,2
DA:240,2
DA:246,1
DA:249,1
DA:250,1
DA:251,1
DA:253,1
DA:257,1
DA:258,1
DA:260,1
DA:264,4
DA:266,2
DA:267,2
DA:268,2
DA:269,2
DA:271,2
DA:279,1
DA:282,1
DA:283,1
DA:284,1
DA:285,1
DA:286,1
DA:287,1
DA:292,1
DA:293,1
DA:295,1
DA:301,4
LF:142
LH:124
BRDA:18,0,0,1
BRDA:18,0,1,1
BRDA:18,1,0,2
BRDA:18,1,1,1
BRDA:52,2,0,0
BRDA:52,2,1,0
BRDA:71,3,0,0
BRDA:71,3,1,0
BRDA:96,4,0,2
BRDA:96,4,1,3
BRDA:120,5,0,1
BRDA:120,5,1,3
BRDA:153,6,0,2
BRDA:153,6,1,5
BRDA:163,7,0,1
BRDA:163,7,1,4
BRDA:196,8,0,1
BRDA:196,8,1,2
BRDA:210,9,0,1
BRDA:210,9,1,1
BRDA:240,10,0,1
BRDA:240,10,1,1
BRDA:271,11,0,1
BRDA:271,11,1,1
BRF:24
BRH:20
end_of_record
TN:
SF:src/routes/index.js
FNF:0
FNH:0
DA:7,4
DA:9,4
DA:18,4
DA:21,4
DA:22,4
DA:23,4
DA:24,4
DA:28,4
LF:8
LH:8
BRF:0
BRH:0
end_of_record
TN:
SF:src/routes/limit-route.js
FN:11,(anonymous_0)
FN:16,(anonymous_1)
FN:69,(anonymous_2)
FN:94,(anonymous_3)
FN:104,(anonymous_4)
FNF:5
FNH:0
FNDA:0,(anonymous_0)
FNDA:0,(anonymous_1)
FNDA:0,(anonymous_2)
FNDA:0,(anonymous_3)
FNDA:0,(anonymous_4)
DA:1,4
DA:2,4
DA:3,4
DA:4,4
DA:5,4
DA:6,4
DA:7,4
DA:9,4
DA:11,4
DA:12,0
DA:13,0
DA:16,4
DA:17,0
DA:18,0
DA:19,0
DA:20,0
DA:22,0
DA:23,0
DA:24,0
DA:25,0
DA:26,0
DA:29,0
DA:30,0
DA:31,0
DA:34,0
DA:35,0
DA:37,0
DA:38,0
DA:39,0
DA:42,0
DA:51,0
DA:52,0
DA:55,0
DA:57,0
DA:58,0
DA:64,0
DA:69,4
DA:70,0
DA:71,0
DA:73,0
DA:77,0
DA:80,0
DA:82,0
DA:83,0
DA:84,0
DA:87,0
DA:88,0
DA:90,0
DA:94,4
DA:95,0
DA:96,0
DA:97,0
DA:98,0
DA:101,0
DA:102,0
DA:104,0
DA:105,0
DA:109,0
DA:115,0
DA:116,0
DA:120,0
DA:124,4
LF:62
LH:13
BRDA:19,0,0,0
BRDA:19,0,1,0
BRDA:25,1,0,0
BRDA:25,1,1,0
BRDA:30,2,0,0
BRDA:30,2,1,0
BRDA:38,3,0,0
BRDA:38,3,1,0
BRDA:51,4,0,0
BRDA:51,4,1,0
BRDA:73,5,0,0
BRDA:73,5,1,0
BRDA:83,6,0,0
BRDA:83,6,1,0
BRDA:83,7,0,0
BRDA:83,7,1,0
BRDA:97,8,0,0
BRDA:97,8,1,0
BRDA:97,9,0,0
BRDA:97,9,1,0
BRF:20
BRH:0
end_of_record
TN:
SF:src/routes/test-route.js
FN:23,(anonymous_0)
FN:33,(anonymous_1)
FNF:2
FNH:0
FNDA:0,(anonymous_0)
FNDA:0,(anonymous_1)
DA:7,4
DA:8,4
DA:11,4
DA:23,4
DA:24,0
DA:25,0
DA:26,0
DA:33,4
DA:34,0
DA:37,4
LF:10
LH:6
BRF:0
BRH:0
end_of_record
