{"/home/ct/Documents/GitHub/PlutusBackEnd/src/app.js": {"path":"/home/ct/Documents/GitHub/PlutusBackEnd/src/app.js","statementMap":{"0":{"start":{"line":1,"column":0},"end":{"line":1,"column":27}},"1":{"start":{"line":2,"column":13},"end":{"line":2,"column":41}},"2":{"start":{"line":3,"column":13},"end":{"line":3,"column":28}},"3":{"start":{"line":4,"column":16},"end":{"line":4,"column":34}},"4":{"start":{"line":5,"column":12},"end":{"line":5,"column":21}},"5":{"start":{"line":10,"column":23},"end":{"line":10,"column":85}},"6":{"start":{"line":11,"column":23},"end":{"line":11,"column":39}},"7":{"start":{"line":18,"column":0},"end":{"line":18,"column":16}},"8":{"start":{"line":20,"column":0},"end":{"line":20,"column":47}},"9":{"start":{"line":21,"column":0},"end":{"line":21,"column":24}},"10":{"start":{"line":24,"column":0},"end":{"line":24,"column":33}},"11":{"start":{"line":28,"column":0},"end":{"line":30,"column":3}},"12":{"start":{"line":29,"column":4},"end":{"line":29,"column":37}},"13":{"start":{"line":32,"column":0},"end":{"line":40,"column":2}},"14":{"start":{"line":34,"column":4},"end":{"line":34,"column":36}},"15":{"start":{"line":35,"column":4},"end":{"line":39,"column":7}},"16":{"start":{"line":43,"column":0},"end":{"line":45,"column":1}}},"fnMap":{"0":{"name":"(anonymous_0)","decl":{"start":{"line":28,"column":12},"end":{"line":28,"column":13}},"loc":{"start":{"line":28,"column":30},"end":{"line":30,"column":1}},"line":28},"1":{"name":"(anonymous_1)","decl":{"start":{"line":32,"column":8},"end":{"line":32,"column":9}},"loc":{"start":{"line":32,"column":37},"end":{"line":40,"column":1}},"line":32}},"branchMap":{"0":{"loc":{"start":{"line":34,"column":15},"end":{"line":34,"column":34}},"type":"binary-expr","locations":[{"start":{"line":34,"column":15},"end":{"line":34,"column":27}},{"start":{"line":34,"column":31},"end":{"line":34,"column":34}}],"line":34}},"s":{"0":1,"1":1,"2":1,"3":1,"4":1,"5":1,"6":1,"7":1,"8":1,"9":1,"10":1,"11":1,"12":0,"13":1,"14":2,"15":2,"16":1},"f":{"0":0,"1":2},"b":{"0":[2,1]},"_coverageSchema":"1a1c01bbd47fc00a2c39e90264f33305004495a9","hash":"27501d7b645e6ee4369d70f74c722c14ab731a94"}
,"/home/ct/Documents/GitHub/PlutusBackEnd/src/connections/mongodb-connect-collin.js": {"path":"/home/ct/Documents/GitHub/PlutusBackEnd/src/connections/mongodb-connect-collin.js","statementMap":{"0":{"start":{"line":1,"column":17},"end":{"line":1,"column":36}},"1":{"start":{"line":2,"column":0},"end":{"line":2,"column":27}},"2":{"start":{"line":12,"column":16},"end":{"line":12,"column":56}},"3":{"start":{"line":13,"column":4},"end":{"line":13,"column":32}},"4":{"start":{"line":14,"column":20},"end":{"line":14,"column":25}},"5":{"start":{"line":16,"column":4},"end":{"line":20,"column":7}},"6":{"start":{"line":17,"column":8},"end":{"line":17,"column":23}},"7":{"start":{"line":22,"column":4},"end":{"line":26,"column":7}},"8":{"start":{"line":23,"column":8},"end":{"line":23,"column":24}},"9":{"start":{"line":28,"column":4},"end":{"line":28,"column":31}},"10":{"start":{"line":32,"column":24},"end":{"line":32,"column":66}},"11":{"start":{"line":33,"column":4},"end":{"line":33,"column":40}},"12":{"start":{"line":34,"column":20},"end":{"line":34,"column":25}},"13":{"start":{"line":36,"column":4},"end":{"line":40,"column":7}},"14":{"start":{"line":37,"column":8},"end":{"line":37,"column":23}},"15":{"start":{"line":42,"column":4},"end":{"line":46,"column":7}},"16":{"start":{"line":43,"column":8},"end":{"line":43,"column":24}},"17":{"start":{"line":48,"column":4},"end":{"line":48,"column":30}},"18":{"start":{"line":52,"column":4},"end":{"line":52,"column":26}},"19":{"start":{"line":54,"column":4},"end":{"line":56,"column":6}},"20":{"start":{"line":55,"column":8},"end":{"line":55,"column":59}},"21":{"start":{"line":59,"column":0},"end":{"line":59,"column":73}}},"fnMap":{"0":{"name":"connectToMongo","decl":{"start":{"line":11,"column":15},"end":{"line":11,"column":29}},"loc":{"start":{"line":11,"column":31},"end":{"line":29,"column":1}},"line":11},"1":{"name":"(anonymous_1)","decl":{"start":{"line":16,"column":40},"end":{"line":16,"column":41}},"loc":{"start":{"line":16,"column":55},"end":{"line":20,"column":5}},"line":16},"2":{"name":"(anonymous_2)","decl":{"start":{"line":22,"column":36},"end":{"line":22,"column":37}},"loc":{"start":{"line":22,"column":51},"end":{"line":26,"column":5}},"line":22},"3":{"name":"connectToUsersDb","decl":{"start":{"line":31,"column":15},"end":{"line":31,"column":31}},"loc":{"start":{"line":31,"column":33},"end":{"line":49,"column":1}},"line":31},"4":{"name":"(anonymous_4)","decl":{"start":{"line":36,"column":40},"end":{"line":36,"column":41}},"loc":{"start":{"line":36,"column":55},"end":{"line":40,"column":5}},"line":36},"5":{"name":"(anonymous_5)","decl":{"start":{"line":42,"column":36},"end":{"line":42,"column":37}},"loc":{"start":{"line":42,"column":51},"end":{"line":46,"column":5}},"line":42},"6":{"name":"disconnectFromMongo","decl":{"start":{"line":50,"column":15},"end":{"line":50,"column":34}},"loc":{"start":{"line":50,"column":36},"end":{"line":57,"column":1}},"line":50},"7":{"name":"(anonymous_7)","decl":{"start":{"line":54,"column":43},"end":{"line":54,"column":44}},"loc":{"start":{"line":54,"column":48},"end":{"line":56,"column":5}},"line":54}},"branchMap":{},"s":{"0":1,"1":1,"2":2,"3":2,"4":1,"5":1,"6":0,"7":1,"8":0,"9":1,"10":0,"11":0,"12":0,"13":0,"14":0,"15":0,"16":0,"17":0,"18":0,"19":0,"20":0,"21":1},"f":{"0":2,"1":0,"2":0,"3":0,"4":0,"5":0,"6":0,"7":0},"b":{},"_coverageSchema":"1a1c01bbd47fc00a2c39e90264f33305004495a9","hash":"d1c4baee6f8cf27964ca850c79c4c211832dc24a"}
,"/home/ct/Documents/GitHub/PlutusBackEnd/src/errors/plutus-errors.js": {"path":"/home/ct/Documents/GitHub/PlutusBackEnd/src/errors/plutus-errors.js","statementMap":{"0":{"start":{"line":4,"column":8},"end":{"line":4,"column":23}},"1":{"start":{"line":5,"column":8},"end":{"line":5,"column":34}},"2":{"start":{"line":6,"column":8},"end":{"line":6,"column":35}},"3":{"start":{"line":7,"column":8},"end":{"line":7,"column":45}},"4":{"start":{"line":13,"column":8},"end":{"line":17,"column":10}},"5":{"start":{"line":23,"column":8},"end":{"line":27,"column":10}},"6":{"start":{"line":28,"column":8},"end":{"line":28,"column":48}},"7":{"start":{"line":34,"column":8},"end":{"line":38,"column":10}},"8":{"start":{"line":39,"column":8},"end":{"line":39,"column":52}},"9":{"start":{"line":45,"column":8},"end":{"line":49,"column":10}},"10":{"start":{"line":50,"column":8},"end":{"line":50,"column":54}},"11":{"start":{"line":56,"column":8},"end":{"line":60,"column":10}},"12":{"start":{"line":61,"column":8},"end":{"line":61,"column":44}},"13":{"start":{"line":64,"column":0},"end":{"line":70,"column":2}}},"fnMap":{"0":{"name":"(anonymous_0)","decl":{"start":{"line":3,"column":4},"end":{"line":3,"column":5}},"loc":{"start":{"line":3,"column":45},"end":{"line":8,"column":5}},"line":3},"1":{"name":"(anonymous_1)","decl":{"start":{"line":12,"column":4},"end":{"line":12,"column":5}},"loc":{"start":{"line":12,"column":25},"end":{"line":18,"column":5}},"line":12},"2":{"name":"(anonymous_2)","decl":{"start":{"line":22,"column":4},"end":{"line":22,"column":5}},"loc":{"start":{"line":22,"column":25},"end":{"line":29,"column":5}},"line":22},"3":{"name":"(anonymous_3)","decl":{"start":{"line":33,"column":4},"end":{"line":33,"column":5}},"loc":{"start":{"line":33,"column":25},"end":{"line":40,"column":5}},"line":33},"4":{"name":"(anonymous_4)","decl":{"start":{"line":44,"column":4},"end":{"line":44,"column":5}},"loc":{"start":{"line":44,"column":25},"end":{"line":51,"column":5}},"line":44},"5":{"name":"(anonymous_5)","decl":{"start":{"line":55,"column":4},"end":{"line":55,"column":5}},"loc":{"start":{"line":55,"column":25},"end":{"line":62,"column":5}},"line":55}},"branchMap":{},"s":{"0":1,"1":1,"2":1,"3":1,"4":1,"5":0,"6":0,"7":0,"8":0,"9":0,"10":0,"11":0,"12":0,"13":1},"f":{"0":1,"1":1,"2":0,"3":0,"4":0,"5":0},"b":{},"_coverageSchema":"1a1c01bbd47fc00a2c39e90264f33305004495a9","hash":"109c7a05e7d6507f73cbead2a4ebb6f1783431cb"}
,"/home/ct/Documents/GitHub/PlutusBackEnd/src/helpers/auth-helpers.js": {"path":"/home/ct/Documents/GitHub/PlutusBackEnd/src/helpers/auth-helpers.js","statementMap":{"0":{"start":{"line":5,"column":16},"end":{"line":5,"column":34}},"1":{"start":{"line":6,"column":17},"end":{"line":6,"column":36}},"2":{"start":{"line":8,"column":16},"end":{"line":8,"column":47}},"3":{"start":{"line":16,"column":4},"end":{"line":17,"column":21}},"4":{"start":{"line":17,"column":8},"end":{"line":17,"column":21}},"5":{"start":{"line":19,"column":4},"end":{"line":19,"column":44}},"6":{"start":{"line":28,"column":4},"end":{"line":29,"column":21}},"7":{"start":{"line":29,"column":8},"end":{"line":29,"column":21}},"8":{"start":{"line":31,"column":4},"end":{"line":34,"column":6}},"9":{"start":{"line":37,"column":0},"end":{"line":37,"column":32}}},"fnMap":{"0":{"name":"hasLoginKeys","decl":{"start":{"line":15,"column":9},"end":{"line":15,"column":21}},"loc":{"start":{"line":15,"column":26},"end":{"line":20,"column":1}},"line":15},"1":{"name":"hasCreateAccountKeys","decl":{"start":{"line":27,"column":9},"end":{"line":27,"column":29}},"loc":{"start":{"line":27,"column":34},"end":{"line":35,"column":1}},"line":27}},"branchMap":{"0":{"loc":{"start":{"line":16,"column":4},"end":{"line":17,"column":21}},"type":"if","locations":[{"start":{"line":16,"column":4},"end":{"line":17,"column":21}},{"start":{},"end":{}}],"line":16},"1":{"loc":{"start":{"line":19,"column":13},"end":{"line":19,"column":42}},"type":"binary-expr","locations":[{"start":{"line":19,"column":13},"end":{"line":19,"column":24}},{"start":{"line":19,"column":28},"end":{"line":19,"column":42}}],"line":19},"2":{"loc":{"start":{"line":28,"column":4},"end":{"line":29,"column":21}},"type":"if","locations":[{"start":{"line":28,"column":4},"end":{"line":29,"column":21}},{"start":{},"end":{}}],"line":28},"3":{"loc":{"start":{"line":32,"column":8},"end":{"line":33,"column":22}},"type":"binary-expr","locations":[{"start":{"line":32,"column":8},"end":{"line":32,"column":19}},{"start":{"line":33,"column":8},"end":{"line":33,"column":22}}],"line":32}},"s":{"0":1,"1":1,"2":1,"3":0,"4":0,"5":0,"6":0,"7":0,"8":0,"9":1},"f":{"0":0,"1":0},"b":{"0":[0,0],"1":[0,0],"2":[0,0],"3":[0,0]},"_coverageSchema":"1a1c01bbd47fc00a2c39e90264f33305004495a9","hash":"22fded8f1e58d47bfd4bafa979060a0c8af6b87e"}
,"/home/ct/Documents/GitHub/PlutusBackEnd/src/helpers/expense-helpers.js": {"path":"/home/ct/Documents/GitHub/PlutusBackEnd/src/helpers/expense-helpers.js","statementMap":{"0":{"start":{"line":4,"column":29},"end":{"line":29,"column":1}},"1":{"start":{"line":5,"column":4},"end":{"line":7,"column":5}},"2":{"start":{"line":6,"column":8},"end":{"line":6,"column":21}},"3":{"start":{"line":9,"column":4},"end":{"line":11,"column":5}},"4":{"start":{"line":10,"column":8},"end":{"line":10,"column":21}},"5":{"start":{"line":13,"column":18},"end":{"line":19,"column":5}},"6":{"start":{"line":21,"column":4},"end":{"line":26,"column":5}},"7":{"start":{"line":21,"column":17},"end":{"line":21,"column":18}},"8":{"start":{"line":22,"column":21},"end":{"line":22,"column":31}},"9":{"start":{"line":23,"column":8},"end":{"line":25,"column":9}},"10":{"start":{"line":24,"column":12},"end":{"line":24,"column":25}},"11":{"start":{"line":28,"column":4},"end":{"line":28,"column":16}},"12":{"start":{"line":31,"column":0},"end":{"line":31,"column":41}}},"fnMap":{"0":{"name":"(anonymous_0)","decl":{"start":{"line":4,"column":29},"end":{"line":4,"column":30}},"loc":{"start":{"line":4,"column":44},"end":{"line":29,"column":1}},"line":4}},"branchMap":{"0":{"loc":{"start":{"line":5,"column":4},"end":{"line":7,"column":5}},"type":"if","locations":[{"start":{"line":5,"column":4},"end":{"line":7,"column":5}},{"start":{},"end":{}}],"line":5},"1":{"loc":{"start":{"line":9,"column":4},"end":{"line":11,"column":5}},"type":"if","locations":[{"start":{"line":9,"column":4},"end":{"line":11,"column":5}},{"start":{},"end":{}}],"line":9},"2":{"loc":{"start":{"line":23,"column":8},"end":{"line":25,"column":9}},"type":"if","locations":[{"start":{"line":23,"column":8},"end":{"line":25,"column":9}},{"start":{},"end":{}}],"line":23}},"s":{"0":1,"1":2,"2":0,"3":2,"4":0,"5":2,"6":2,"7":2,"8":7,"9":7,"10":1,"11":1,"12":1},"f":{"0":2},"b":{"0":[0,2],"1":[0,2],"2":[1,6]},"_coverageSchema":"1a1c01bbd47fc00a2c39e90264f33305004495a9","hash":"6f4b5afec510688886935d1da5e796597a12e955"}
,"/home/ct/Documents/GitHub/PlutusBackEnd/src/helpers/global-helpers.js": {"path":"/home/ct/Documents/GitHub/PlutusBackEnd/src/helpers/global-helpers.js","statementMap":{"0":{"start":{"line":5,"column":16},"end":{"line":5,"column":34}},"1":{"start":{"line":7,"column":21},"end":{"line":7,"column":55}},"2":{"start":{"line":9,"column":17},"end":{"line":9,"column":29}},"3":{"start":{"line":10,"column":17},"end":{"line":10,"column":29}},"4":{"start":{"line":12,"column":18},"end":{"line":33,"column":1}},"5":{"start":{"line":14,"column":4},"end":{"line":16,"column":5}},"6":{"start":{"line":15,"column":8},"end":{"line":15,"column":21}},"7":{"start":{"line":18,"column":4},"end":{"line":20,"column":5}},"8":{"start":{"line":19,"column":8},"end":{"line":19,"column":21}},"9":{"start":{"line":21,"column":4},"end":{"line":23,"column":5}},"10":{"start":{"line":22,"column":8},"end":{"line":22,"column":21}},"11":{"start":{"line":25,"column":4},"end":{"line":30,"column":5}},"12":{"start":{"line":25,"column":17},"end":{"line":25,"column":18}},"13":{"start":{"line":26,"column":20},"end":{"line":26,"column":29}},"14":{"start":{"line":27,"column":8},"end":{"line":29,"column":9}},"15":{"start":{"line":28,"column":12},"end":{"line":28,"column":25}},"16":{"start":{"line":32,"column":4},"end":{"line":32,"column":16}},"17":{"start":{"line":40,"column":4},"end":{"line":43,"column":5}},"18":{"start":{"line":41,"column":8},"end":{"line":41,"column":43}},"19":{"start":{"line":42,"column":8},"end":{"line":42,"column":15}},"20":{"start":{"line":45,"column":4},"end":{"line":56,"column":5}},"21":{"start":{"line":46,"column":8},"end":{"line":49,"column":9}},"22":{"start":{"line":47,"column":12},"end":{"line":47,"column":47}},"23":{"start":{"line":48,"column":12},"end":{"line":48,"column":19}},"24":{"start":{"line":51,"column":8},"end":{"line":53,"column":9}},"25":{"start":{"line":52,"column":12},"end":{"line":52,"column":47}},"26":{"start":{"line":55,"column":8},"end":{"line":55,"column":15}},"27":{"start":{"line":58,"column":4},"end":{"line":60,"column":5}},"28":{"start":{"line":59,"column":8},"end":{"line":59,"column":60}},"29":{"start":{"line":62,"column":4},"end":{"line":62,"column":11}},"30":{"start":{"line":71,"column":4},"end":{"line":74,"column":5}},"31":{"start":{"line":72,"column":8},"end":{"line":72,"column":41}},"32":{"start":{"line":73,"column":8},"end":{"line":73,"column":15}},"33":{"start":{"line":76,"column":4},"end":{"line":87,"column":5}},"34":{"start":{"line":77,"column":8},"end":{"line":80,"column":9}},"35":{"start":{"line":78,"column":12},"end":{"line":78,"column":45}},"36":{"start":{"line":79,"column":12},"end":{"line":79,"column":19}},"37":{"start":{"line":82,"column":8},"end":{"line":84,"column":9}},"38":{"start":{"line":83,"column":12},"end":{"line":83,"column":45}},"39":{"start":{"line":86,"column":8},"end":{"line":86,"column":15}},"40":{"start":{"line":89,"column":4},"end":{"line":91,"column":5}},"41":{"start":{"line":90,"column":8},"end":{"line":90,"column":58}},"42":{"start":{"line":93,"column":4},"end":{"line":93,"column":11}},"43":{"start":{"line":97,"column":4},"end":{"line":99,"column":5}},"44":{"start":{"line":98,"column":8},"end":{"line":98,"column":33}},"45":{"start":{"line":101,"column":4},"end":{"line":103,"column":5}},"46":{"start":{"line":102,"column":8},"end":{"line":102,"column":48}},"47":{"start":{"line":105,"column":4},"end":{"line":107,"column":5}},"48":{"start":{"line":106,"column":8},"end":{"line":106,"column":15}},"49":{"start":{"line":109,"column":4},"end":{"line":109,"column":65}},"50":{"start":{"line":111,"column":0},"end":{"line":116,"column":2}}},"fnMap":{"0":{"name":"(anonymous_0)","decl":{"start":{"line":12,"column":18},"end":{"line":12,"column":19}},"loc":{"start":{"line":12,"column":38},"end":{"line":33,"column":1}},"line":12},"1":{"name":"fixStartDate","decl":{"start":{"line":39,"column":9},"end":{"line":39,"column":21}},"loc":{"start":{"line":39,"column":26},"end":{"line":63,"column":1}},"line":39},"2":{"name":"fixEndDate","decl":{"start":{"line":70,"column":9},"end":{"line":70,"column":19}},"loc":{"start":{"line":70,"column":24},"end":{"line":94,"column":1}},"line":70},"3":{"name":"fixAmountBounds","decl":{"start":{"line":96,"column":9},"end":{"line":96,"column":24}},"loc":{"start":{"line":96,"column":29},"end":{"line":110,"column":1}},"line":96}},"branchMap":{"0":{"loc":{"start":{"line":14,"column":4},"end":{"line":16,"column":5}},"type":"if","locations":[{"start":{"line":14,"column":4},"end":{"line":16,"column":5}},{"start":{},"end":{}}],"line":14},"1":{"loc":{"start":{"line":14,"column":8},"end":{"line":14,"column":37}},"type":"binary-expr","locations":[{"start":{"line":14,"column":8},"end":{"line":14,"column":19}},{"start":{"line":14,"column":23},"end":{"line":14,"column":37}}],"line":14},"2":{"loc":{"start":{"line":18,"column":4},"end":{"line":20,"column":5}},"type":"if","locations":[{"start":{"line":18,"column":4},"end":{"line":20,"column":5}},{"start":{},"end":{}}],"line":18},"3":{"loc":{"start":{"line":21,"column":4},"end":{"line":23,"column":5}},"type":"if","locations":[{"start":{"line":21,"column":4},"end":{"line":23,"column":5}},{"start":{},"end":{}}],"line":21},"4":{"loc":{"start":{"line":27,"column":8},"end":{"line":29,"column":9}},"type":"if","locations":[{"start":{"line":27,"column":8},"end":{"line":29,"column":9}},{"start":{},"end":{}}],"line":27},"5":{"loc":{"start":{"line":27,"column":12},"end":{"line":27,"column":57}},"type":"binary-expr","locations":[{"start":{"line":27,"column":12},"end":{"line":27,"column":35}},{"start":{"line":27,"column":39},"end":{"line":27,"column":57}}],"line":27},"6":{"loc":{"start":{"line":40,"column":4},"end":{"line":43,"column":5}},"type":"if","locations":[{"start":{"line":40,"column":4},"end":{"line":43,"column":5}},{"start":{},"end":{}}],"line":40},"7":{"loc":{"start":{"line":40,"column":8},"end":{"line":40,"column":59}},"type":"binary-expr","locations":[{"start":{"line":40,"column":8},"end":{"line":40,"column":34}},{"start":{"line":40,"column":38},"end":{"line":40,"column":59}}],"line":40},"8":{"loc":{"start":{"line":45,"column":4},"end":{"line":56,"column":5}},"type":"if","locations":[{"start":{"line":45,"column":4},"end":{"line":56,"column":5}},{"start":{},"end":{}}],"line":45},"9":{"loc":{"start":{"line":46,"column":8},"end":{"line":49,"column":9}},"type":"if","locations":[{"start":{"line":46,"column":8},"end":{"line":49,"column":9}},{"start":{},"end":{}}],"line":46},"10":{"loc":{"start":{"line":51,"column":8},"end":{"line":53,"column":9}},"type":"if","locations":[{"start":{"line":51,"column":8},"end":{"line":53,"column":9}},{"start":{},"end":{}}],"line":51},"11":{"loc":{"start":{"line":58,"column":4},"end":{"line":60,"column":5}},"type":"if","locations":[{"start":{"line":58,"column":4},"end":{"line":60,"column":5}},{"start":{},"end":{}}],"line":58},"12":{"loc":{"start":{"line":71,"column":4},"end":{"line":74,"column":5}},"type":"if","locations":[{"start":{"line":71,"column":4},"end":{"line":74,"column":5}},{"start":{},"end":{}}],"line":71},"13":{"loc":{"start":{"line":71,"column":8},"end":{"line":71,"column":55}},"type":"binary-expr","locations":[{"start":{"line":71,"column":8},"end":{"line":71,"column":32}},{"start":{"line":71,"column":36},"end":{"line":71,"column":55}}],"line":71},"14":{"loc":{"start":{"line":76,"column":4},"end":{"line":87,"column":5}},"type":"if","locations":[{"start":{"line":76,"column":4},"end":{"line":87,"column":5}},{"start":{},"end":{}}],"line":76},"15":{"loc":{"start":{"line":77,"column":8},"end":{"line":80,"column":9}},"type":"if","locations":[{"start":{"line":77,"column":8},"end":{"line":80,"column":9}},{"start":{},"end":{}}],"line":77},"16":{"loc":{"start":{"line":82,"column":8},"end":{"line":84,"column":9}},"type":"if","locations":[{"start":{"line":82,"column":8},"end":{"line":84,"column":9}},{"start":{},"end":{}}],"line":82},"17":{"loc":{"start":{"line":89,"column":4},"end":{"line":91,"column":5}},"type":"if","locations":[{"start":{"line":89,"column":4},"end":{"line":91,"column":5}},{"start":{},"end":{}}],"line":89},"18":{"loc":{"start":{"line":97,"column":4},"end":{"line":99,"column":5}},"type":"if","locations":[{"start":{"line":97,"column":4},"end":{"line":99,"column":5}},{"start":{},"end":{}}],"line":97},"19":{"loc":{"start":{"line":97,"column":8},"end":{"line":97,"column":104}},"type":"binary-expr","locations":[{"start":{"line":97,"column":8},"end":{"line":97,"column":41}},{"start":{"line":97,"column":45},"end":{"line":97,"column":73}},{"start":{"line":97,"column":77},"end":{"line":97,"column":104}}],"line":97},"20":{"loc":{"start":{"line":101,"column":4},"end":{"line":103,"column":5}},"type":"if","locations":[{"start":{"line":101,"column":4},"end":{"line":103,"column":5}},{"start":{},"end":{}}],"line":101},"21":{"loc":{"start":{"line":101,"column":8},"end":{"line":101,"column":104}},"type":"binary-expr","locations":[{"start":{"line":101,"column":8},"end":{"line":101,"column":41}},{"start":{"line":101,"column":45},"end":{"line":101,"column":73}},{"start":{"line":101,"column":77},"end":{"line":101,"column":104}}],"line":101},"22":{"loc":{"start":{"line":105,"column":4},"end":{"line":107,"column":5}},"type":"if","locations":[{"start":{"line":105,"column":4},"end":{"line":107,"column":5}},{"start":{},"end":{}}],"line":105},"23":{"loc":{"start":{"line":105,"column":8},"end":{"line":105,"column":80}},"type":"binary-expr","locations":[{"start":{"line":105,"column":8},"end":{"line":105,"column":32}},{"start":{"line":105,"column":36},"end":{"line":105,"column":80}}],"line":105}},"s":{"0":1,"1":1,"2":1,"3":1,"4":1,"5":0,"6":0,"7":0,"8":0,"9":0,"10":0,"11":0,"12":0,"13":0,"14":0,"15":0,"16":0,"17":0,"18":0,"19":0,"20":0,"21":0,"22":0,"23":0,"24":0,"25":0,"26":0,"27":0,"28":0,"29":0,"30":0,"31":0,"32":0,"33":0,"34":0,"35":0,"36":0,"37":0,"38":0,"39":0,"40":0,"41":0,"42":0,"43":0,"44":0,"45":0,"46":0,"47":0,"48":0,"49":0,"50":1},"f":{"0":0,"1":0,"2":0,"3":0},"b":{"0":[0,0],"1":[0,0],"2":[0,0],"3":[0,0],"4":[0,0],"5":[0,0],"6":[0,0],"7":[0,0],"8":[0,0],"9":[0,0],"10":[0,0],"11":[0,0],"12":[0,0],"13":[0,0],"14":[0,0],"15":[0,0],"16":[0,0],"17":[0,0],"18":[0,0],"19":[0,0,0],"20":[0,0],"21":[0,0,0],"22":[0,0],"23":[0,0]},"_coverageSchema":"1a1c01bbd47fc00a2c39e90264f33305004495a9","hash":"46efbaf101d106beffa9ee1b4fb32e0e734d7b2c"}
,"/home/ct/Documents/GitHub/PlutusBackEnd/src/helpers/income-helpers.js": {"path":"/home/ct/Documents/GitHub/PlutusBackEnd/src/helpers/income-helpers.js","statementMap":{"0":{"start":{"line":4,"column":29},"end":{"line":29,"column":1}},"1":{"start":{"line":5,"column":4},"end":{"line":7,"column":5}},"2":{"start":{"line":6,"column":8},"end":{"line":6,"column":21}},"3":{"start":{"line":9,"column":4},"end":{"line":11,"column":5}},"4":{"start":{"line":10,"column":8},"end":{"line":10,"column":21}},"5":{"start":{"line":13,"column":18},"end":{"line":19,"column":5}},"6":{"start":{"line":21,"column":4},"end":{"line":26,"column":5}},"7":{"start":{"line":21,"column":17},"end":{"line":21,"column":18}},"8":{"start":{"line":22,"column":21},"end":{"line":22,"column":31}},"9":{"start":{"line":23,"column":8},"end":{"line":25,"column":9}},"10":{"start":{"line":24,"column":12},"end":{"line":24,"column":25}},"11":{"start":{"line":28,"column":4},"end":{"line":28,"column":16}},"12":{"start":{"line":31,"column":0},"end":{"line":31,"column":41}}},"fnMap":{"0":{"name":"(anonymous_0)","decl":{"start":{"line":4,"column":29},"end":{"line":4,"column":30}},"loc":{"start":{"line":4,"column":44},"end":{"line":29,"column":1}},"line":4}},"branchMap":{"0":{"loc":{"start":{"line":5,"column":4},"end":{"line":7,"column":5}},"type":"if","locations":[{"start":{"line":5,"column":4},"end":{"line":7,"column":5}},{"start":{},"end":{}}],"line":5},"1":{"loc":{"start":{"line":9,"column":4},"end":{"line":11,"column":5}},"type":"if","locations":[{"start":{"line":9,"column":4},"end":{"line":11,"column":5}},{"start":{},"end":{}}],"line":9},"2":{"loc":{"start":{"line":23,"column":8},"end":{"line":25,"column":9}},"type":"if","locations":[{"start":{"line":23,"column":8},"end":{"line":25,"column":9}},{"start":{},"end":{}}],"line":23}},"s":{"0":1,"1":0,"2":0,"3":0,"4":0,"5":0,"6":0,"7":0,"8":0,"9":0,"10":0,"11":0,"12":1},"f":{"0":0},"b":{"0":[0,0],"1":[0,0],"2":[0,0]},"_coverageSchema":"1a1c01bbd47fc00a2c39e90264f33305004495a9","hash":"ff9925a858585cacbdfea2f59d98d0b3cb44c184"}
,"/home/ct/Documents/GitHub/PlutusBackEnd/src/models/expense-model.js": {"path":"/home/ct/Documents/GitHub/PlutusBackEnd/src/models/expense-model.js","statementMap":{"0":{"start":{"line":1,"column":17},"end":{"line":1,"column":36}},"1":{"start":{"line":2,"column":13},"end":{"line":2,"column":28}},"2":{"start":{"line":3,"column":20},"end":{"line":3,"column":45}},"3":{"start":{"line":4,"column":22},"end":{"line":48,"column":2}},"4":{"start":{"line":50,"column":0},"end":{"line":62,"column":1}},"5":{"start":{"line":51,"column":20},"end":{"line":59,"column":5}},"6":{"start":{"line":61,"column":4},"end":{"line":61,"column":21}},"7":{"start":{"line":64,"column":21},"end":{"line":64,"column":62}},"8":{"start":{"line":66,"column":0},"end":{"line":66,"column":30}}},"fnMap":{"0":{"name":"(anonymous_0)","decl":{"start":{"line":50,"column":35},"end":{"line":50,"column":36}},"loc":{"start":{"line":50,"column":57},"end":{"line":62,"column":1}},"line":50}},"branchMap":{},"s":{"0":1,"1":1,"2":1,"3":1,"4":1,"5":0,"6":0,"7":1,"8":1},"f":{"0":0},"b":{},"_coverageSchema":"1a1c01bbd47fc00a2c39e90264f33305004495a9","hash":"4abd40c5378e1a30dd462b5e96ffebdbacaaf4d2"}
,"/home/ct/Documents/GitHub/PlutusBackEnd/src/models/income-model.js": {"path":"/home/ct/Documents/GitHub/PlutusBackEnd/src/models/income-model.js","statementMap":{"0":{"start":{"line":1,"column":17},"end":{"line":1,"column":36}},"1":{"start":{"line":2,"column":13},"end":{"line":2,"column":28}},"2":{"start":{"line":3,"column":20},"end":{"line":3,"column":45}},"3":{"start":{"line":4,"column":21},"end":{"line":47,"column":2}},"4":{"start":{"line":49,"column":0},"end":{"line":60,"column":1}},"5":{"start":{"line":50,"column":20},"end":{"line":57,"column":5}},"6":{"start":{"line":59,"column":4},"end":{"line":59,"column":21}},"7":{"start":{"line":62,"column":20},"end":{"line":62,"column":59}},"8":{"start":{"line":64,"column":0},"end":{"line":64,"column":29}}},"fnMap":{"0":{"name":"(anonymous_0)","decl":{"start":{"line":49,"column":34},"end":{"line":49,"column":35}},"loc":{"start":{"line":49,"column":55},"end":{"line":60,"column":1}},"line":49}},"branchMap":{},"s":{"0":1,"1":1,"2":1,"3":1,"4":1,"5":0,"6":0,"7":1,"8":1},"f":{"0":0},"b":{},"_coverageSchema":"1a1c01bbd47fc00a2c39e90264f33305004495a9","hash":"19ffa54d7e46e52c86b1ce65bef0116e5d35f6c4"}
,"/home/ct/Documents/GitHub/PlutusBackEnd/src/models/payee-schema.js": {"path":"/home/ct/Documents/GitHub/PlutusBackEnd/src/models/payee-schema.js","statementMap":{"0":{"start":{"line":1,"column":17},"end":{"line":1,"column":36}},"1":{"start":{"line":3,"column":20},"end":{"line":17,"column":2}},"2":{"start":{"line":19,"column":0},"end":{"line":19,"column":31}}},"fnMap":{},"branchMap":{},"s":{"0":1,"1":1,"2":1},"f":{},"b":{},"_coverageSchema":"1a1c01bbd47fc00a2c39e90264f33305004495a9","hash":"e502f18105ce3d3587fe37c4730c82f30b95ac69"}
,"/home/ct/Documents/GitHub/PlutusBackEnd/src/models/session-schema.js": {"path":"/home/ct/Documents/GitHub/PlutusBackEnd/src/models/session-schema.js","statementMap":{"0":{"start":{"line":6,"column":17},"end":{"line":6,"column":36}},"1":{"start":{"line":9,"column":20},"end":{"line":25,"column":2}},"2":{"start":{"line":27,"column":0},"end":{"line":27,"column":31}}},"fnMap":{},"branchMap":{},"s":{"0":1,"1":1,"2":1},"f":{},"b":{},"_coverageSchema":"1a1c01bbd47fc00a2c39e90264f33305004495a9","hash":"0bc5ab2a1ff467ecee0ad220300d63df191a4240"}
,"/home/ct/Documents/GitHub/PlutusBackEnd/src/models/user-model.js": {"path":"/home/ct/Documents/GitHub/PlutusBackEnd/src/models/user-model.js","statementMap":{"0":{"start":{"line":1,"column":17},"end":{"line":1,"column":36}},"1":{"start":{"line":2,"column":22},"end":{"line":2,"column":52}},"2":{"start":{"line":4,"column":19},"end":{"line":28,"column":26}},"3":{"start":{"line":25,"column":23},"end":{"line":25,"column":33}},"4":{"start":{"line":30,"column":0},"end":{"line":38,"column":2}},"5":{"start":{"line":31,"column":4},"end":{"line":37,"column":6}},"6":{"start":{"line":40,"column":0},"end":{"line":60,"column":1}},"7":{"start":{"line":42,"column":4},"end":{"line":43,"column":15}},"8":{"start":{"line":43,"column":8},"end":{"line":43,"column":15}},"9":{"start":{"line":45,"column":4},"end":{"line":47,"column":5}},"10":{"start":{"line":46,"column":8},"end":{"line":46,"column":31}},"11":{"start":{"line":49,"column":4},"end":{"line":51,"column":5}},"12":{"start":{"line":50,"column":8},"end":{"line":50,"column":37}},"13":{"start":{"line":53,"column":4},"end":{"line":55,"column":5}},"14":{"start":{"line":54,"column":8},"end":{"line":54,"column":39}},"15":{"start":{"line":57,"column":4},"end":{"line":59,"column":5}},"16":{"start":{"line":58,"column":8},"end":{"line":58,"column":37}},"17":{"start":{"line":62,"column":0},"end":{"line":76,"column":1}},"18":{"start":{"line":68,"column":22},"end":{"line":68,"column":61}},"19":{"start":{"line":69,"column":8},"end":{"line":70,"column":52}},"20":{"start":{"line":70,"column":12},"end":{"line":70,"column":52}},"21":{"start":{"line":72,"column":8},"end":{"line":73,"column":30}},"22":{"start":{"line":73,"column":12},"end":{"line":73,"column":30}},"23":{"start":{"line":75,"column":8},"end":{"line":75,"column":90}},"24":{"start":{"line":78,"column":18},"end":{"line":78,"column":52}},"25":{"start":{"line":108,"column":0},"end":{"line":108,"column":27}}},"fnMap":{"0":{"name":"(anonymous_0)","decl":{"start":{"line":25,"column":17},"end":{"line":25,"column":18}},"loc":{"start":{"line":25,"column":23},"end":{"line":25,"column":33}},"line":25},"1":{"name":"(anonymous_1)","decl":{"start":{"line":30,"column":32},"end":{"line":30,"column":33}},"loc":{"start":{"line":30,"column":42},"end":{"line":38,"column":1}},"line":30},"2":{"name":"(anonymous_2)","decl":{"start":{"line":40,"column":34},"end":{"line":40,"column":35}},"loc":{"start":{"line":40,"column":47},"end":{"line":60,"column":1}},"line":40},"3":{"name":"(anonymous_3)","decl":{"start":{"line":62,"column":30},"end":{"line":62,"column":31}},"loc":{"start":{"line":67,"column":5},"end":{"line":76,"column":1}},"line":67}},"branchMap":{"0":{"loc":{"start":{"line":42,"column":4},"end":{"line":43,"column":15}},"type":"if","locations":[{"start":{"line":42,"column":4},"end":{"line":43,"column":15}},{"start":{},"end":{}}],"line":42},"1":{"loc":{"start":{"line":45,"column":4},"end":{"line":47,"column":5}},"type":"if","locations":[{"start":{"line":45,"column":4},"end":{"line":47,"column":5}},{"start":{},"end":{}}],"line":45},"2":{"loc":{"start":{"line":49,"column":4},"end":{"line":51,"column":5}},"type":"if","locations":[{"start":{"line":49,"column":4},"end":{"line":51,"column":5}},{"start":{},"end":{}}],"line":49},"3":{"loc":{"start":{"line":53,"column":4},"end":{"line":55,"column":5}},"type":"if","locations":[{"start":{"line":53,"column":4},"end":{"line":55,"column":5}},{"start":{},"end":{}}],"line":53},"4":{"loc":{"start":{"line":57,"column":4},"end":{"line":59,"column":5}},"type":"if","locations":[{"start":{"line":57,"column":4},"end":{"line":59,"column":5}},{"start":{},"end":{}}],"line":57},"5":{"loc":{"start":{"line":65,"column":4},"end":{"line":65,"column":20}},"type":"default-arg","locations":[{"start":{"line":65,"column":16},"end":{"line":65,"column":20}}],"line":65},"6":{"loc":{"start":{"line":66,"column":4},"end":{"line":66,"column":19}},"type":"default-arg","locations":[{"start":{"line":66,"column":15},"end":{"line":66,"column":19}}],"line":66},"7":{"loc":{"start":{"line":69,"column":8},"end":{"line":70,"column":52}},"type":"if","locations":[{"start":{"line":69,"column":8},"end":{"line":70,"column":52}},{"start":{},"end":{}}],"line":69},"8":{"loc":{"start":{"line":72,"column":8},"end":{"line":73,"column":30}},"type":"if","locations":[{"start":{"line":72,"column":8},"end":{"line":73,"column":30}},{"start":{},"end":{}}],"line":72}},"s":{"0":1,"1":1,"2":1,"3":0,"4":1,"5":0,"6":1,"7":0,"8":0,"9":0,"10":0,"11":0,"12":0,"13":0,"14":0,"15":0,"16":0,"17":1,"18":0,"19":0,"20":0,"21":0,"22":0,"23":0,"24":1,"25":1},"f":{"0":0,"1":0,"2":0,"3":0},"b":{"0":[0,0],"1":[0,0],"2":[0,0],"3":[0,0],"4":[0,0],"5":[0],"6":[0],"7":[0,0],"8":[0,0]},"_coverageSchema":"1a1c01bbd47fc00a2c39e90264f33305004495a9","hash":"a7ee219d70906ba83ed23fe7a2a2b12006f6a76b"}
,"/home/ct/Documents/GitHub/PlutusBackEnd/src/routes/auth-route.js": {"path":"/home/ct/Documents/GitHub/PlutusBackEnd/src/routes/auth-route.js","statementMap":{"0":{"start":{"line":3,"column":21},"end":{"line":3,"column":55}},"1":{"start":{"line":5,"column":16},"end":{"line":5,"column":34}},"2":{"start":{"line":6,"column":17},"end":{"line":6,"column":36}},"3":{"start":{"line":7,"column":19},"end":{"line":7,"column":38}},"4":{"start":{"line":8,"column":20},"end":{"line":8,"column":54}},"5":{"start":{"line":13,"column":15},"end":{"line":13,"column":21}},"6":{"start":{"line":15,"column":15},"end":{"line":15,"column":31}},"7":{"start":{"line":16,"column":18},"end":{"line":16,"column":49}},"8":{"start":{"line":19,"column":0},"end":{"line":22,"column":3}},"9":{"start":{"line":20,"column":4},"end":{"line":20,"column":32}},"10":{"start":{"line":21,"column":4},"end":{"line":21,"column":11}},"11":{"start":{"line":26,"column":0},"end":{"line":26,"column":35}},"12":{"start":{"line":28,"column":0},"end":{"line":57,"column":3}},"13":{"start":{"line":29,"column":4},"end":{"line":56,"column":5}},"14":{"start":{"line":31,"column":8},"end":{"line":33,"column":9}},"15":{"start":{"line":32,"column":12},"end":{"line":32,"column":71}},"16":{"start":{"line":35,"column":20},"end":{"line":35,"column":34}},"17":{"start":{"line":36,"column":23},"end":{"line":36,"column":40}},"18":{"start":{"line":37,"column":24},"end":{"line":37,"column":55}},"19":{"start":{"line":38,"column":23},"end":{"line":38,"column":50}},"20":{"start":{"line":40,"column":22},"end":{"line":45,"column":10}},"21":{"start":{"line":47,"column":8},"end":{"line":47,"column":29}},"22":{"start":{"line":49,"column":8},"end":{"line":49,"column":24}},"23":{"start":{"line":50,"column":8},"end":{"line":52,"column":11}},"24":{"start":{"line":55,"column":8},"end":{"line":55,"column":18}},"25":{"start":{"line":59,"column":0},"end":{"line":87,"column":3}},"26":{"start":{"line":60,"column":4},"end":{"line":86,"column":5}},"27":{"start":{"line":61,"column":8},"end":{"line":63,"column":9}},"28":{"start":{"line":62,"column":12},"end":{"line":62,"column":71}},"29":{"start":{"line":65,"column":20},"end":{"line":65,"column":34}},"30":{"start":{"line":66,"column":23},"end":{"line":66,"column":40}},"31":{"start":{"line":68,"column":23},"end":{"line":68,"column":67}},"32":{"start":{"line":69,"column":8},"end":{"line":71,"column":9}},"33":{"start":{"line":70,"column":12},"end":{"line":70,"column":71}},"34":{"start":{"line":73,"column":8},"end":{"line":75,"column":9}},"35":{"start":{"line":74,"column":12},"end":{"line":74,"column":75}},"36":{"start":{"line":77,"column":8},"end":{"line":77,"column":51}},"37":{"start":{"line":79,"column":8},"end":{"line":79,"column":24}},"38":{"start":{"line":80,"column":8},"end":{"line":82,"column":11}},"39":{"start":{"line":85,"column":8},"end":{"line":85,"column":18}},"40":{"start":{"line":89,"column":0},"end":{"line":120,"column":3}},"41":{"start":{"line":90,"column":4},"end":{"line":119,"column":5}},"42":{"start":{"line":91,"column":8},"end":{"line":93,"column":9}},"43":{"start":{"line":92,"column":12},"end":{"line":92,"column":71}},"44":{"start":{"line":95,"column":20},"end":{"line":95,"column":34}},"45":{"start":{"line":96,"column":23},"end":{"line":96,"column":40}},"46":{"start":{"line":100,"column":23},"end":{"line":100,"column":67}},"47":{"start":{"line":101,"column":8},"end":{"line":103,"column":9}},"48":{"start":{"line":102,"column":12},"end":{"line":102,"column":71}},"49":{"start":{"line":105,"column":8},"end":{"line":107,"column":9}},"50":{"start":{"line":106,"column":12},"end":{"line":106,"column":75}},"51":{"start":{"line":109,"column":8},"end":{"line":109,"column":43}},"52":{"start":{"line":111,"column":8},"end":{"line":111,"column":27}},"53":{"start":{"line":113,"column":8},"end":{"line":113,"column":24}},"54":{"start":{"line":114,"column":8},"end":{"line":116,"column":11}},"55":{"start":{"line":118,"column":8},"end":{"line":118,"column":18}},"56":{"start":{"line":121,"column":0},"end":{"line":157,"column":3}},"57":{"start":{"line":122,"column":4},"end":{"line":156,"column":5}},"58":{"start":{"line":124,"column":8},"end":{"line":126,"column":9}},"59":{"start":{"line":125,"column":12},"end":{"line":125,"column":71}},"60":{"start":{"line":131,"column":20},"end":{"line":131,"column":34}},"61":{"start":{"line":132,"column":23},"end":{"line":132,"column":40}},"62":{"start":{"line":136,"column":23},"end":{"line":136,"column":67}},"63":{"start":{"line":137,"column":8},"end":{"line":139,"column":9}},"64":{"start":{"line":138,"column":12},"end":{"line":138,"column":71}},"65":{"start":{"line":141,"column":8},"end":{"line":143,"column":9}},"66":{"start":{"line":142,"column":12},"end":{"line":142,"column":75}},"67":{"start":{"line":147,"column":8},"end":{"line":147,"column":24}},"68":{"start":{"line":148,"column":8},"end":{"line":150,"column":11}},"69":{"start":{"line":155,"column":8},"end":{"line":155,"column":18}},"70":{"start":{"line":159,"column":0},"end":{"line":159,"column":24}}},"fnMap":{"0":{"name":"(anonymous_0)","decl":{"start":{"line":19,"column":11},"end":{"line":19,"column":12}},"loc":{"start":{"line":19,"column":31},"end":{"line":22,"column":1}},"line":19},"1":{"name":"(anonymous_1)","decl":{"start":{"line":28,"column":23},"end":{"line":28,"column":24}},"loc":{"start":{"line":28,"column":49},"end":{"line":57,"column":1}},"line":28},"2":{"name":"(anonymous_2)","decl":{"start":{"line":59,"column":25},"end":{"line":59,"column":26}},"loc":{"start":{"line":59,"column":51},"end":{"line":87,"column":1}},"line":59},"3":{"name":"(anonymous_3)","decl":{"start":{"line":89,"column":22},"end":{"line":89,"column":23}},"loc":{"start":{"line":89,"column":48},"end":{"line":120,"column":1}},"line":89},"4":{"name":"(anonymous_4)","decl":{"start":{"line":121,"column":22},"end":{"line":121,"column":23}},"loc":{"start":{"line":121,"column":48},"end":{"line":157,"column":1}},"line":121}},"branchMap":{"0":{"loc":{"start":{"line":31,"column":8},"end":{"line":33,"column":9}},"type":"if","locations":[{"start":{"line":31,"column":8},"end":{"line":33,"column":9}},{"start":{},"end":{}}],"line":31},"1":{"loc":{"start":{"line":37,"column":24},"end":{"line":37,"column":55}},"type":"binary-expr","locations":[{"start":{"line":37,"column":24},"end":{"line":37,"column":42}},{"start":{"line":37,"column":46},"end":{"line":37,"column":55}}],"line":37},"2":{"loc":{"start":{"line":38,"column":23},"end":{"line":38,"column":50}},"type":"binary-expr","locations":[{"start":{"line":38,"column":23},"end":{"line":38,"column":40}},{"start":{"line":38,"column":44},"end":{"line":38,"column":50}}],"line":38},"3":{"loc":{"start":{"line":61,"column":8},"end":{"line":63,"column":9}},"type":"if","locations":[{"start":{"line":61,"column":8},"end":{"line":63,"column":9}},{"start":{},"end":{}}],"line":61},"4":{"loc":{"start":{"line":69,"column":8},"end":{"line":71,"column":9}},"type":"if","locations":[{"start":{"line":69,"column":8},"end":{"line":71,"column":9}},{"start":{},"end":{}}],"line":69},"5":{"loc":{"start":{"line":69,"column":12},"end":{"line":69,"column":104}},"type":"binary-expr","locations":[{"start":{"line":69,"column":12},"end":{"line":69,"column":28}},{"start":{"line":69,"column":32},"end":{"line":69,"column":53}},{"start":{"line":69,"column":57},"end":{"line":69,"column":81}},{"start":{"line":69,"column":85},"end":{"line":69,"column":104}}],"line":69},"6":{"loc":{"start":{"line":73,"column":8},"end":{"line":75,"column":9}},"type":"if","locations":[{"start":{"line":73,"column":8},"end":{"line":75,"column":9}},{"start":{},"end":{}}],"line":73},"7":{"loc":{"start":{"line":91,"column":8},"end":{"line":93,"column":9}},"type":"if","locations":[{"start":{"line":91,"column":8},"end":{"line":93,"column":9}},{"start":{},"end":{}}],"line":91},"8":{"loc":{"start":{"line":101,"column":8},"end":{"line":103,"column":9}},"type":"if","locations":[{"start":{"line":101,"column":8},"end":{"line":103,"column":9}},{"start":{},"end":{}}],"line":101},"9":{"loc":{"start":{"line":101,"column":12},"end":{"line":101,"column":104}},"type":"binary-expr","locations":[{"start":{"line":101,"column":12},"end":{"line":101,"column":28}},{"start":{"line":101,"column":32},"end":{"line":101,"column":53}},{"start":{"line":101,"column":57},"end":{"line":101,"column":81}},{"start":{"line":101,"column":85},"end":{"line":101,"column":104}}],"line":101},"10":{"loc":{"start":{"line":105,"column":8},"end":{"line":107,"column":9}},"type":"if","locations":[{"start":{"line":105,"column":8},"end":{"line":107,"column":9}},{"start":{},"end":{}}],"line":105},"11":{"loc":{"start":{"line":124,"column":8},"end":{"line":126,"column":9}},"type":"if","locations":[{"start":{"line":124,"column":8},"end":{"line":126,"column":9}},{"start":{},"end":{}}],"line":124},"12":{"loc":{"start":{"line":137,"column":8},"end":{"line":139,"column":9}},"type":"if","locations":[{"start":{"line":137,"column":8},"end":{"line":139,"column":9}},{"start":{},"end":{}}],"line":137},"13":{"loc":{"start":{"line":137,"column":12},"end":{"line":137,"column":104}},"type":"binary-expr","locations":[{"start":{"line":137,"column":12},"end":{"line":137,"column":28}},{"start":{"line":137,"column":32},"end":{"line":137,"column":53}},{"start":{"line":137,"column":57},"end":{"line":137,"column":81}},{"start":{"line":137,"column":85},"end":{"line":137,"column":104}}],"line":137},"14":{"loc":{"start":{"line":141,"column":8},"end":{"line":143,"column":9}},"type":"if","locations":[{"start":{"line":141,"column":8},"end":{"line":143,"column":9}},{"start":{},"end":{}}],"line":141}},"s":{"0":1,"1":1,"2":1,"3":1,"4":1,"5":1,"6":1,"7":1,"8":1,"9":0,"10":0,"11":1,"12":1,"13":0,"14":0,"15":0,"16":0,"17":0,"18":0,"19":0,"20":0,"21":0,"22":0,"23":0,"24":0,"25":1,"26":0,"27":0,"28":0,"29":0,"30":0,"31":0,"32":0,"33":0,"34":0,"35":0,"36":0,"37":0,"38":0,"39":0,"40":1,"41":0,"42":0,"43":0,"44":0,"45":0,"46":0,"47":0,"48":0,"49":0,"50":0,"51":0,"52":0,"53":0,"54":0,"55":0,"56":1,"57":0,"58":0,"59":0,"60":0,"61":0,"62":0,"63":0,"64":0,"65":0,"66":0,"67":0,"68":0,"69":0,"70":1},"f":{"0":0,"1":0,"2":0,"3":0,"4":0},"b":{"0":[0,0],"1":[0,0],"2":[0,0],"3":[0,0],"4":[0,0],"5":[0,0,0,0],"6":[0,0],"7":[0,0],"8":[0,0],"9":[0,0,0,0],"10":[0,0],"11":[0,0],"12":[0,0],"13":[0,0,0,0],"14":[0,0]},"_coverageSchema":"1a1c01bbd47fc00a2c39e90264f33305004495a9","hash":"f6dd56af7f0910f1e3d0c333d9e9c6cabd3ca45c"}
,"/home/ct/Documents/GitHub/PlutusBackEnd/src/routes/expense-route.js": {"path":"/home/ct/Documents/GitHub/PlutusBackEnd/src/routes/expense-route.js","statementMap":{"0":{"start":{"line":1,"column":16},"end":{"line":1,"column":34}},"1":{"start":{"line":2,"column":17},"end":{"line":2,"column":36}},"2":{"start":{"line":3,"column":21},"end":{"line":3,"column":55}},"3":{"start":{"line":4,"column":22},"end":{"line":4,"column":58}},"4":{"start":{"line":5,"column":23},"end":{"line":5,"column":60}},"5":{"start":{"line":6,"column":21},"end":{"line":6,"column":55}},"6":{"start":{"line":7,"column":15},"end":{"line":7,"column":31}},"7":{"start":{"line":8,"column":15},"end":{"line":8,"column":26}},"8":{"start":{"line":10,"column":0},"end":{"line":13,"column":3}},"9":{"start":{"line":11,"column":4},"end":{"line":11,"column":42}},"10":{"start":{"line":12,"column":4},"end":{"line":12,"column":11}},"11":{"start":{"line":15,"column":0},"end":{"line":47,"column":3}},"12":{"start":{"line":16,"column":4},"end":{"line":16,"column":26}},"13":{"start":{"line":17,"column":4},"end":{"line":46,"column":5}},"14":{"start":{"line":18,"column":8},"end":{"line":20,"column":9}},"15":{"start":{"line":19,"column":12},"end":{"line":19,"column":77}},"16":{"start":{"line":22,"column":20},"end":{"line":22,"column":35}},"17":{"start":{"line":23,"column":25},"end":{"line":23,"column":56}},"18":{"start":{"line":25,"column":8},"end":{"line":31,"column":10}},"19":{"start":{"line":26,"column":25},"end":{"line":29,"column":14}},"20":{"start":{"line":30,"column":12},"end":{"line":30,"column":32}},"21":{"start":{"line":40,"column":8},"end":{"line":40,"column":24}},"22":{"start":{"line":41,"column":8},"end":{"line":43,"column":10}},"23":{"start":{"line":45,"column":8},"end":{"line":45,"column":18}},"24":{"start":{"line":49,"column":0},"end":{"line":91,"column":3}},"25":{"start":{"line":50,"column":4},"end":{"line":50,"column":23}},"26":{"start":{"line":51,"column":4},"end":{"line":90,"column":5}},"27":{"start":{"line":52,"column":8},"end":{"line":52,"column":37}},"28":{"start":{"line":53,"column":8},"end":{"line":55,"column":9}},"29":{"start":{"line":54,"column":12},"end":{"line":54,"column":71}},"30":{"start":{"line":57,"column":20},"end":{"line":57,"column":34}},"31":{"start":{"line":58,"column":21},"end":{"line":58,"column":36}},"32":{"start":{"line":59,"column":21},"end":{"line":59,"column":36}},"33":{"start":{"line":60,"column":26},"end":{"line":60,"column":46}},"34":{"start":{"line":61,"column":19},"end":{"line":61,"column":32}},"35":{"start":{"line":63,"column":23},"end":{"line":63,"column":40}},"36":{"start":{"line":65,"column":22},"end":{"line":71,"column":10}},"37":{"start":{"line":73,"column":8},"end":{"line":75,"column":9}},"38":{"start":{"line":74,"column":12},"end":{"line":74,"column":43}},"39":{"start":{"line":77,"column":8},"end":{"line":79,"column":9}},"40":{"start":{"line":78,"column":12},"end":{"line":78,"column":41}},"41":{"start":{"line":80,"column":8},"end":{"line":80,"column":23}},"42":{"start":{"line":82,"column":8},"end":{"line":82,"column":24}},"43":{"start":{"line":83,"column":8},"end":{"line":86,"column":11}},"44":{"start":{"line":89,"column":8},"end":{"line":89,"column":18}},"45":{"start":{"line":93,"column":0},"end":{"line":163,"column":2}},"46":{"start":{"line":94,"column":4},"end":{"line":162,"column":5}},"47":{"start":{"line":95,"column":8},"end":{"line":95,"column":54}},"48":{"start":{"line":96,"column":28},"end":{"line":96,"column":30}},"49":{"start":{"line":97,"column":36},"end":{"line":97,"column":38}},"50":{"start":{"line":98,"column":33},"end":{"line":98,"column":35}},"51":{"start":{"line":100,"column":8},"end":{"line":106,"column":9}},"52":{"start":{"line":101,"column":12},"end":{"line":101,"column":41}},"53":{"start":{"line":103,"column":12},"end":{"line":105,"column":13}},"54":{"start":{"line":103,"column":23},"end":{"line":103,"column":24}},"55":{"start":{"line":104,"column":16},"end":{"line":104,"column":48}},"56":{"start":{"line":108,"column":8},"end":{"line":142,"column":11}},"57":{"start":{"line":109,"column":12},"end":{"line":141,"column":13}},"58":{"start":{"line":110,"column":16},"end":{"line":112,"column":17}},"59":{"start":{"line":111,"column":20},"end":{"line":111,"column":79}},"60":{"start":{"line":114,"column":28},"end":{"line":114,"column":42}},"61":{"start":{"line":115,"column":29},"end":{"line":115,"column":44}},"62":{"start":{"line":116,"column":29},"end":{"line":116,"column":44}},"63":{"start":{"line":117,"column":34},"end":{"line":117,"column":54}},"64":{"start":{"line":118,"column":27},"end":{"line":118,"column":40}},"65":{"start":{"line":120,"column":31},"end":{"line":120,"column":48}},"66":{"start":{"line":122,"column":30},"end":{"line":128,"column":18}},"67":{"start":{"line":130,"column":16},"end":{"line":132,"column":17}},"68":{"start":{"line":131,"column":20},"end":{"line":131,"column":51}},"69":{"start":{"line":134,"column":16},"end":{"line":136,"column":17}},"70":{"start":{"line":135,"column":20},"end":{"line":135,"column":49}},"71":{"start":{"line":137,"column":16},"end":{"line":137,"column":31}},"72":{"start":{"line":138,"column":16},"end":{"line":138,"column":62}},"73":{"start":{"line":140,"column":16},"end":{"line":140,"column":54}},"74":{"start":{"line":144,"column":21},"end":{"line":144,"column":35}},"75":{"start":{"line":146,"column":8},"end":{"line":152,"column":9}},"76":{"start":{"line":147,"column":12},"end":{"line":147,"column":35}},"77":{"start":{"line":148,"column":15},"end":{"line":152,"column":9}},"78":{"start":{"line":149,"column":12},"end":{"line":149,"column":35}},"79":{"start":{"line":151,"column":12},"end":{"line":151,"column":49}},"80":{"start":{"line":154,"column":8},"end":{"line":154,"column":24}},"81":{"start":{"line":155,"column":8},"end":{"line":159,"column":11}},"82":{"start":{"line":161,"column":8},"end":{"line":161,"column":18}},"83":{"start":{"line":170,"column":0},"end":{"line":196,"column":3}},"84":{"start":{"line":171,"column":4},"end":{"line":171,"column":23}},"85":{"start":{"line":172,"column":4},"end":{"line":195,"column":5}},"86":{"start":{"line":173,"column":8},"end":{"line":173,"column":31}},"87":{"start":{"line":174,"column":8},"end":{"line":174,"column":32}},"88":{"start":{"line":175,"column":8},"end":{"line":180,"column":9}},"89":{"start":{"line":179,"column":12},"end":{"line":179,"column":77}},"90":{"start":{"line":182,"column":20},"end":{"line":182,"column":35}},"91":{"start":{"line":184,"column":22},"end":{"line":184,"column":69}},"92":{"start":{"line":185,"column":8},"end":{"line":187,"column":9}},"93":{"start":{"line":186,"column":12},"end":{"line":186,"column":49}},"94":{"start":{"line":189,"column":8},"end":{"line":189,"column":29}},"95":{"start":{"line":190,"column":8},"end":{"line":190,"column":32}},"96":{"start":{"line":191,"column":8},"end":{"line":191,"column":24}},"97":{"start":{"line":192,"column":8},"end":{"line":192,"column":26}},"98":{"start":{"line":194,"column":8},"end":{"line":194,"column":18}},"99":{"start":{"line":198,"column":0},"end":{"line":237,"column":3}},"100":{"start":{"line":199,"column":4},"end":{"line":199,"column":31}},"101":{"start":{"line":200,"column":4},"end":{"line":236,"column":5}},"102":{"start":{"line":202,"column":8},"end":{"line":202,"column":46}},"103":{"start":{"line":203,"column":8},"end":{"line":203,"column":44}},"104":{"start":{"line":205,"column":8},"end":{"line":212,"column":9}},"105":{"start":{"line":211,"column":12},"end":{"line":211,"column":77}},"106":{"start":{"line":214,"column":20},"end":{"line":214,"column":35}},"107":{"start":{"line":215,"column":24},"end":{"line":215,"column":53}},"108":{"start":{"line":216,"column":22},"end":{"line":216,"column":49}},"109":{"start":{"line":217,"column":8},"end":{"line":217,"column":27}},"110":{"start":{"line":218,"column":8},"end":{"line":218,"column":31}},"111":{"start":{"line":219,"column":8},"end":{"line":219,"column":29}},"112":{"start":{"line":220,"column":8},"end":{"line":220,"column":33}},"113":{"start":{"line":222,"column":22},"end":{"line":224,"column":89}},"114":{"start":{"line":227,"column":8},"end":{"line":229,"column":9}},"115":{"start":{"line":228,"column":12},"end":{"line":228,"column":49}},"116":{"start":{"line":231,"column":8},"end":{"line":231,"column":24}},"117":{"start":{"line":232,"column":8},"end":{"line":232,"column":26}},"118":{"start":{"line":235,"column":8},"end":{"line":235,"column":18}},"119":{"start":{"line":239,"column":0},"end":{"line":282,"column":3}},"120":{"start":{"line":240,"column":4},"end":{"line":240,"column":26}},"121":{"start":{"line":241,"column":4},"end":{"line":241,"column":36}},"122":{"start":{"line":242,"column":4},"end":{"line":281,"column":5}},"123":{"start":{"line":243,"column":8},"end":{"line":249,"column":9}},"124":{"start":{"line":248,"column":12},"end":{"line":248,"column":77}},"125":{"start":{"line":251,"column":20},"end":{"line":251,"column":35}},"126":{"start":{"line":252,"column":20},"end":{"line":252,"column":46}},"127":{"start":{"line":253,"column":8},"end":{"line":256,"column":9}},"128":{"start":{"line":254,"column":12},"end":{"line":254,"column":54}},"129":{"start":{"line":255,"column":12},"end":{"line":255,"column":39}},"130":{"start":{"line":258,"column":8},"end":{"line":262,"column":11}},"131":{"start":{"line":259,"column":12},"end":{"line":261,"column":13}},"132":{"start":{"line":260,"column":16},"end":{"line":260,"column":37}},"133":{"start":{"line":264,"column":22},"end":{"line":264,"column":24}},"134":{"start":{"line":265,"column":8},"end":{"line":274,"column":9}},"135":{"start":{"line":265,"column":21},"end":{"line":265,"column":22}},"136":{"start":{"line":266,"column":23},"end":{"line":266,"column":31}},"137":{"start":{"line":267,"column":32},"end":{"line":269,"column":43}},"138":{"start":{"line":271,"column":12},"end":{"line":273,"column":15}},"139":{"start":{"line":272,"column":16},"end":{"line":272,"column":37}},"140":{"start":{"line":276,"column":8},"end":{"line":276,"column":24}},"141":{"start":{"line":277,"column":8},"end":{"line":277,"column":26}},"142":{"start":{"line":280,"column":8},"end":{"line":280,"column":18}},"143":{"start":{"line":284,"column":0},"end":{"line":339,"column":3}},"144":{"start":{"line":286,"column":4},"end":{"line":338,"column":5}},"145":{"start":{"line":288,"column":8},"end":{"line":288,"column":46}},"146":{"start":{"line":289,"column":8},"end":{"line":289,"column":44}},"147":{"start":{"line":291,"column":8},"end":{"line":299,"column":9}},"148":{"start":{"line":298,"column":12},"end":{"line":298,"column":77}},"149":{"start":{"line":301,"column":20},"end":{"line":301,"column":35}},"150":{"start":{"line":302,"column":24},"end":{"line":302,"column":53}},"151":{"start":{"line":303,"column":22},"end":{"line":303,"column":49}},"152":{"start":{"line":304,"column":20},"end":{"line":304,"column":46}},"153":{"start":{"line":305,"column":8},"end":{"line":308,"column":9}},"154":{"start":{"line":306,"column":12},"end":{"line":306,"column":54}},"155":{"start":{"line":307,"column":12},"end":{"line":307,"column":39}},"156":{"start":{"line":310,"column":8},"end":{"line":314,"column":11}},"157":{"start":{"line":311,"column":12},"end":{"line":313,"column":13}},"158":{"start":{"line":312,"column":16},"end":{"line":312,"column":37}},"159":{"start":{"line":316,"column":8},"end":{"line":316,"column":27}},"160":{"start":{"line":317,"column":8},"end":{"line":317,"column":31}},"161":{"start":{"line":318,"column":8},"end":{"line":318,"column":29}},"162":{"start":{"line":320,"column":22},"end":{"line":320,"column":24}},"163":{"start":{"line":321,"column":8},"end":{"line":332,"column":9}},"164":{"start":{"line":321,"column":21},"end":{"line":321,"column":22}},"165":{"start":{"line":322,"column":23},"end":{"line":322,"column":31}},"166":{"start":{"line":323,"column":32},"end":{"line":326,"column":43}},"167":{"start":{"line":328,"column":12},"end":{"line":328,"column":39}},"168":{"start":{"line":329,"column":12},"end":{"line":331,"column":15}},"169":{"start":{"line":330,"column":16},"end":{"line":330,"column":37}},"170":{"start":{"line":334,"column":8},"end":{"line":334,"column":24}},"171":{"start":{"line":335,"column":8},"end":{"line":335,"column":26}},"172":{"start":{"line":337,"column":8},"end":{"line":337,"column":18}},"173":{"start":{"line":341,"column":0},"end":{"line":367,"column":3}},"174":{"start":{"line":343,"column":4},"end":{"line":366,"column":5}},"175":{"start":{"line":344,"column":8},"end":{"line":344,"column":49}},"176":{"start":{"line":345,"column":8},"end":{"line":352,"column":9}},"177":{"start":{"line":351,"column":12},"end":{"line":351,"column":77}},"178":{"start":{"line":354,"column":20},"end":{"line":354,"column":35}},"179":{"start":{"line":355,"column":25},"end":{"line":355,"column":51}},"180":{"start":{"line":356,"column":25},"end":{"line":356,"column":51}},"181":{"start":{"line":358,"column":22},"end":{"line":360,"column":56}},"182":{"start":{"line":362,"column":8},"end":{"line":362,"column":24}},"183":{"start":{"line":363,"column":8},"end":{"line":363,"column":26}},"184":{"start":{"line":365,"column":8},"end":{"line":365,"column":18}},"185":{"start":{"line":369,"column":0},"end":{"line":402,"column":3}},"186":{"start":{"line":371,"column":4},"end":{"line":401,"column":5}},"187":{"start":{"line":372,"column":8},"end":{"line":372,"column":49}},"188":{"start":{"line":373,"column":8},"end":{"line":373,"column":46}},"189":{"start":{"line":374,"column":8},"end":{"line":374,"column":44}},"190":{"start":{"line":376,"column":8},"end":{"line":385,"column":9}},"191":{"start":{"line":384,"column":12},"end":{"line":384,"column":77}},"192":{"start":{"line":387,"column":20},"end":{"line":387,"column":35}},"193":{"start":{"line":388,"column":25},"end":{"line":388,"column":51}},"194":{"start":{"line":389,"column":25},"end":{"line":389,"column":51}},"195":{"start":{"line":390,"column":24},"end":{"line":390,"column":53}},"196":{"start":{"line":391,"column":22},"end":{"line":391,"column":49}},"197":{"start":{"line":392,"column":22},"end":{"line":395,"column":56}},"198":{"start":{"line":397,"column":8},"end":{"line":397,"column":24}},"199":{"start":{"line":398,"column":8},"end":{"line":398,"column":26}},"200":{"start":{"line":400,"column":8},"end":{"line":400,"column":18}},"201":{"start":{"line":406,"column":0},"end":{"line":406,"column":24}}},"fnMap":{"0":{"name":"(anonymous_0)","decl":{"start":{"line":10,"column":11},"end":{"line":10,"column":12}},"loc":{"start":{"line":10,"column":31},"end":{"line":13,"column":1}},"line":10},"1":{"name":"(anonymous_1)","decl":{"start":{"line":15,"column":25},"end":{"line":15,"column":26}},"loc":{"start":{"line":15,"column":47},"end":{"line":47,"column":1}},"line":15},"2":{"name":"(anonymous_2)","decl":{"start":{"line":25,"column":27},"end":{"line":25,"column":28}},"loc":{"start":{"line":25,"column":46},"end":{"line":31,"column":9}},"line":25},"3":{"name":"(anonymous_3)","decl":{"start":{"line":49,"column":20},"end":{"line":49,"column":21}},"loc":{"start":{"line":49,"column":46},"end":{"line":91,"column":1}},"line":49},"4":{"name":"(anonymous_4)","decl":{"start":{"line":93,"column":28},"end":{"line":93,"column":29}},"loc":{"start":{"line":93,"column":49},"end":{"line":163,"column":1}},"line":93},"5":{"name":"(anonymous_5)","decl":{"start":{"line":108,"column":30},"end":{"line":108,"column":31}},"loc":{"start":{"line":108,"column":46},"end":{"line":142,"column":9}},"line":108},"6":{"name":"(anonymous_6)","decl":{"start":{"line":170,"column":19},"end":{"line":170,"column":20}},"loc":{"start":{"line":170,"column":45},"end":{"line":196,"column":1}},"line":170},"7":{"name":"(anonymous_7)","decl":{"start":{"line":198,"column":27},"end":{"line":198,"column":28}},"loc":{"start":{"line":198,"column":53},"end":{"line":237,"column":1}},"line":198},"8":{"name":"(anonymous_8)","decl":{"start":{"line":239,"column":22},"end":{"line":239,"column":23}},"loc":{"start":{"line":239,"column":48},"end":{"line":282,"column":1}},"line":239},"9":{"name":"(anonymous_9)","decl":{"start":{"line":258,"column":22},"end":{"line":258,"column":23}},"loc":{"start":{"line":258,"column":32},"end":{"line":262,"column":9}},"line":258},"10":{"name":"(anonymous_10)","decl":{"start":{"line":271,"column":34},"end":{"line":271,"column":35}},"loc":{"start":{"line":271,"column":44},"end":{"line":273,"column":13}},"line":271},"11":{"name":"(anonymous_11)","decl":{"start":{"line":284,"column":32},"end":{"line":284,"column":33}},"loc":{"start":{"line":284,"column":58},"end":{"line":339,"column":1}},"line":284},"12":{"name":"(anonymous_12)","decl":{"start":{"line":310,"column":22},"end":{"line":310,"column":23}},"loc":{"start":{"line":310,"column":32},"end":{"line":314,"column":9}},"line":310},"13":{"name":"(anonymous_13)","decl":{"start":{"line":329,"column":34},"end":{"line":329,"column":35}},"loc":{"start":{"line":329,"column":44},"end":{"line":331,"column":13}},"line":329},"14":{"name":"(anonymous_14)","decl":{"start":{"line":341,"column":24},"end":{"line":341,"column":25}},"loc":{"start":{"line":341,"column":50},"end":{"line":367,"column":1}},"line":341},"15":{"name":"(anonymous_15)","decl":{"start":{"line":369,"column":34},"end":{"line":369,"column":35}},"loc":{"start":{"line":369,"column":60},"end":{"line":402,"column":1}},"line":369}},"branchMap":{"0":{"loc":{"start":{"line":18,"column":8},"end":{"line":20,"column":9}},"type":"if","locations":[{"start":{"line":18,"column":8},"end":{"line":20,"column":9}},{"start":{},"end":{}}],"line":18},"1":{"loc":{"start":{"line":18,"column":12},"end":{"line":18,"column":77}},"type":"binary-expr","locations":[{"start":{"line":18,"column":12},"end":{"line":18,"column":45}},{"start":{"line":18,"column":49},"end":{"line":18,"column":77}}],"line":18},"2":{"loc":{"start":{"line":53,"column":8},"end":{"line":55,"column":9}},"type":"if","locations":[{"start":{"line":53,"column":8},"end":{"line":55,"column":9}},{"start":{},"end":{}}],"line":53},"3":{"loc":{"start":{"line":73,"column":8},"end":{"line":75,"column":9}},"type":"if","locations":[{"start":{"line":73,"column":8},"end":{"line":75,"column":9}},{"start":{},"end":{}}],"line":73},"4":{"loc":{"start":{"line":77,"column":8},"end":{"line":79,"column":9}},"type":"if","locations":[{"start":{"line":77,"column":8},"end":{"line":79,"column":9}},{"start":{},"end":{}}],"line":77},"5":{"loc":{"start":{"line":100,"column":8},"end":{"line":106,"column":9}},"type":"if","locations":[{"start":{"line":100,"column":8},"end":{"line":106,"column":9}},{"start":{"line":102,"column":15},"end":{"line":106,"column":9}}],"line":100},"6":{"loc":{"start":{"line":110,"column":16},"end":{"line":112,"column":17}},"type":"if","locations":[{"start":{"line":110,"column":16},"end":{"line":112,"column":17}},{"start":{},"end":{}}],"line":110},"7":{"loc":{"start":{"line":130,"column":16},"end":{"line":132,"column":17}},"type":"if","locations":[{"start":{"line":130,"column":16},"end":{"line":132,"column":17}},{"start":{},"end":{}}],"line":130},"8":{"loc":{"start":{"line":134,"column":16},"end":{"line":136,"column":17}},"type":"if","locations":[{"start":{"line":134,"column":16},"end":{"line":136,"column":17}},{"start":{},"end":{}}],"line":134},"9":{"loc":{"start":{"line":146,"column":8},"end":{"line":152,"column":9}},"type":"if","locations":[{"start":{"line":146,"column":8},"end":{"line":152,"column":9}},{"start":{"line":148,"column":15},"end":{"line":152,"column":9}}],"line":146},"10":{"loc":{"start":{"line":148,"column":15},"end":{"line":152,"column":9}},"type":"if","locations":[{"start":{"line":148,"column":15},"end":{"line":152,"column":9}},{"start":{"line":150,"column":15},"end":{"line":152,"column":9}}],"line":148},"11":{"loc":{"start":{"line":175,"column":8},"end":{"line":180,"column":9}},"type":"if","locations":[{"start":{"line":175,"column":8},"end":{"line":180,"column":9}},{"start":{},"end":{}}],"line":175},"12":{"loc":{"start":{"line":185,"column":8},"end":{"line":187,"column":9}},"type":"if","locations":[{"start":{"line":185,"column":8},"end":{"line":187,"column":9}},{"start":{},"end":{}}],"line":185},"13":{"loc":{"start":{"line":185,"column":12},"end":{"line":185,"column":51}},"type":"binary-expr","locations":[{"start":{"line":185,"column":12},"end":{"line":185,"column":32}},{"start":{"line":185,"column":36},"end":{"line":185,"column":51}}],"line":185},"14":{"loc":{"start":{"line":205,"column":8},"end":{"line":212,"column":9}},"type":"if","locations":[{"start":{"line":205,"column":8},"end":{"line":212,"column":9}},{"start":{},"end":{}}],"line":205},"15":{"loc":{"start":{"line":227,"column":8},"end":{"line":229,"column":9}},"type":"if","locations":[{"start":{"line":227,"column":8},"end":{"line":229,"column":9}},{"start":{},"end":{}}],"line":227},"16":{"loc":{"start":{"line":227,"column":12},"end":{"line":227,"column":51}},"type":"binary-expr","locations":[{"start":{"line":227,"column":12},"end":{"line":227,"column":32}},{"start":{"line":227,"column":36},"end":{"line":227,"column":51}}],"line":227},"17":{"loc":{"start":{"line":243,"column":8},"end":{"line":249,"column":9}},"type":"if","locations":[{"start":{"line":243,"column":8},"end":{"line":249,"column":9}},{"start":{},"end":{}}],"line":243},"18":{"loc":{"start":{"line":253,"column":8},"end":{"line":256,"column":9}},"type":"if","locations":[{"start":{"line":253,"column":8},"end":{"line":256,"column":9}},{"start":{},"end":{}}],"line":253},"19":{"loc":{"start":{"line":259,"column":12},"end":{"line":261,"column":13}},"type":"if","locations":[{"start":{"line":259,"column":12},"end":{"line":261,"column":13}},{"start":{},"end":{}}],"line":259},"20":{"loc":{"start":{"line":259,"column":16},"end":{"line":259,"column":68}},"type":"binary-expr","locations":[{"start":{"line":259,"column":16},"end":{"line":259,"column":41}},{"start":{"line":259,"column":45},"end":{"line":259,"column":68}}],"line":259},"21":{"loc":{"start":{"line":291,"column":8},"end":{"line":299,"column":9}},"type":"if","locations":[{"start":{"line":291,"column":8},"end":{"line":299,"column":9}},{"start":{},"end":{}}],"line":291},"22":{"loc":{"start":{"line":305,"column":8},"end":{"line":308,"column":9}},"type":"if","locations":[{"start":{"line":305,"column":8},"end":{"line":308,"column":9}},{"start":{},"end":{}}],"line":305},"23":{"loc":{"start":{"line":311,"column":12},"end":{"line":313,"column":13}},"type":"if","locations":[{"start":{"line":311,"column":12},"end":{"line":313,"column":13}},{"start":{},"end":{}}],"line":311},"24":{"loc":{"start":{"line":311,"column":16},"end":{"line":311,"column":68}},"type":"binary-expr","locations":[{"start":{"line":311,"column":16},"end":{"line":311,"column":41}},{"start":{"line":311,"column":45},"end":{"line":311,"column":68}}],"line":311},"25":{"loc":{"start":{"line":345,"column":8},"end":{"line":352,"column":9}},"type":"if","locations":[{"start":{"line":345,"column":8},"end":{"line":352,"column":9}},{"start":{},"end":{}}],"line":345},"26":{"loc":{"start":{"line":376,"column":8},"end":{"line":385,"column":9}},"type":"if","locations":[{"start":{"line":376,"column":8},"end":{"line":385,"column":9}},{"start":{},"end":{}}],"line":376}},"s":{"0":1,"1":1,"2":1,"3":1,"4":1,"5":1,"6":1,"7":1,"8":1,"9":2,"10":2,"11":1,"12":0,"13":0,"14":0,"15":0,"16":0,"17":0,"18":0,"19":0,"20":0,"21":0,"22":0,"23":0,"24":1,"25":2,"26":2,"27":2,"28":2,"29":1,"30":1,"31":1,"32":1,"33":1,"34":1,"35":1,"36":1,"37":1,"38":0,"39":1,"40":1,"41":1,"42":1,"43":1,"44":1,"45":1,"46":0,"47":0,"48":0,"49":0,"50":0,"51":0,"52":0,"53":0,"54":0,"55":0,"56":0,"57":0,"58":0,"59":0,"60":0,"61":0,"62":0,"63":0,"64":0,"65":0,"66":0,"67":0,"68":0,"69":0,"70":0,"71":0,"72":0,"73":0,"74":0,"75":0,"76":0,"77":0,"78":0,"79":0,"80":0,"81":0,"82":0,"83":1,"84":0,"85":0,"86":0,"87":0,"88":0,"89":0,"90":0,"91":0,"92":0,"93":0,"94":0,"95":0,"96":0,"97":0,"98":0,"99":1,"100":0,"101":0,"102":0,"103":0,"104":0,"105":0,"106":0,"107":0,"108":0,"109":0,"110":0,"111":0,"112":0,"113":0,"114":0,"115":0,"116":0,"117":0,"118":0,"119":1,"120":0,"121":0,"122":0,"123":0,"124":0,"125":0,"126":0,"127":0,"128":0,"129":0,"130":0,"131":0,"132":0,"133":0,"134":0,"135":0,"136":0,"137":0,"138":0,"139":0,"140":0,"141":0,"142":0,"143":1,"144":0,"145":0,"146":0,"147":0,"148":0,"149":0,"150":0,"151":0,"152":0,"153":0,"154":0,"155":0,"156":0,"157":0,"158":0,"159":0,"160":0,"161":0,"162":0,"163":0,"164":0,"165":0,"166":0,"167":0,"168":0,"169":0,"170":0,"171":0,"172":0,"173":1,"174":0,"175":0,"176":0,"177":0,"178":0,"179":0,"180":0,"181":0,"182":0,"183":0,"184":0,"185":1,"186":0,"187":0,"188":0,"189":0,"190":0,"191":0,"192":0,"193":0,"194":0,"195":0,"196":0,"197":0,"198":0,"199":0,"200":0,"201":1},"f":{"0":2,"1":0,"2":0,"3":2,"4":0,"5":0,"6":0,"7":0,"8":0,"9":0,"10":0,"11":0,"12":0,"13":0,"14":0,"15":0},"b":{"0":[0,0],"1":[0,0],"2":[1,1],"3":[0,1],"4":[1,0],"5":[0,0],"6":[0,0],"7":[0,0],"8":[0,0],"9":[0,0],"10":[0,0],"11":[0,0],"12":[0,0],"13":[0,0],"14":[0,0],"15":[0,0],"16":[0,0],"17":[0,0],"18":[0,0],"19":[0,0],"20":[0,0],"21":[0,0],"22":[0,0],"23":[0,0],"24":[0,0],"25":[0,0],"26":[0,0]},"_coverageSchema":"1a1c01bbd47fc00a2c39e90264f33305004495a9","hash":"58fd6d09bc4ffb43ed99f9d9f9ad7c1db956e4f0"}
,"/home/ct/Documents/GitHub/PlutusBackEnd/src/routes/income-route.js": {"path":"/home/ct/Documents/GitHub/PlutusBackEnd/src/routes/income-route.js","statementMap":{"0":{"start":{"line":1,"column":16},"end":{"line":1,"column":34}},"1":{"start":{"line":2,"column":17},"end":{"line":2,"column":36}},"2":{"start":{"line":3,"column":21},"end":{"line":3,"column":55}},"3":{"start":{"line":4,"column":22},"end":{"line":4,"column":58}},"4":{"start":{"line":5,"column":22},"end":{"line":5,"column":58}},"5":{"start":{"line":6,"column":20},"end":{"line":6,"column":53}},"6":{"start":{"line":7,"column":15},"end":{"line":7,"column":31}},"7":{"start":{"line":8,"column":15},"end":{"line":8,"column":25}},"8":{"start":{"line":10,"column":0},"end":{"line":13,"column":3}},"9":{"start":{"line":11,"column":4},"end":{"line":11,"column":41}},"10":{"start":{"line":12,"column":4},"end":{"line":12,"column":11}},"11":{"start":{"line":15,"column":0},"end":{"line":47,"column":3}},"12":{"start":{"line":16,"column":4},"end":{"line":16,"column":26}},"13":{"start":{"line":17,"column":4},"end":{"line":46,"column":5}},"14":{"start":{"line":18,"column":8},"end":{"line":20,"column":9}},"15":{"start":{"line":19,"column":12},"end":{"line":19,"column":77}},"16":{"start":{"line":22,"column":20},"end":{"line":22,"column":35}},"17":{"start":{"line":23,"column":24},"end":{"line":23,"column":54}},"18":{"start":{"line":25,"column":8},"end":{"line":31,"column":10}},"19":{"start":{"line":26,"column":25},"end":{"line":29,"column":14}},"20":{"start":{"line":30,"column":12},"end":{"line":30,"column":32}},"21":{"start":{"line":40,"column":8},"end":{"line":40,"column":24}},"22":{"start":{"line":41,"column":8},"end":{"line":43,"column":10}},"23":{"start":{"line":45,"column":8},"end":{"line":45,"column":18}},"24":{"start":{"line":49,"column":0},"end":{"line":85,"column":3}},"25":{"start":{"line":50,"column":4},"end":{"line":50,"column":23}},"26":{"start":{"line":51,"column":4},"end":{"line":84,"column":5}},"27":{"start":{"line":52,"column":8},"end":{"line":54,"column":9}},"28":{"start":{"line":53,"column":12},"end":{"line":53,"column":71}},"29":{"start":{"line":56,"column":20},"end":{"line":56,"column":34}},"30":{"start":{"line":57,"column":21},"end":{"line":57,"column":36}},"31":{"start":{"line":58,"column":25},"end":{"line":58,"column":44}},"32":{"start":{"line":59,"column":19},"end":{"line":59,"column":32}},"33":{"start":{"line":61,"column":23},"end":{"line":61,"column":40}},"34":{"start":{"line":63,"column":21},"end":{"line":69,"column":10}},"35":{"start":{"line":71,"column":8},"end":{"line":73,"column":9}},"36":{"start":{"line":72,"column":12},"end":{"line":72,"column":44}},"37":{"start":{"line":75,"column":8},"end":{"line":75,"column":22}},"38":{"start":{"line":77,"column":8},"end":{"line":77,"column":24}},"39":{"start":{"line":78,"column":8},"end":{"line":80,"column":11}},"40":{"start":{"line":83,"column":8},"end":{"line":83,"column":18}},"41":{"start":{"line":92,"column":0},"end":{"line":118,"column":3}},"42":{"start":{"line":93,"column":4},"end":{"line":93,"column":23}},"43":{"start":{"line":94,"column":4},"end":{"line":117,"column":5}},"44":{"start":{"line":95,"column":8},"end":{"line":95,"column":31}},"45":{"start":{"line":96,"column":8},"end":{"line":96,"column":32}},"46":{"start":{"line":97,"column":8},"end":{"line":102,"column":9}},"47":{"start":{"line":101,"column":12},"end":{"line":101,"column":77}},"48":{"start":{"line":104,"column":20},"end":{"line":104,"column":35}},"49":{"start":{"line":106,"column":22},"end":{"line":106,"column":68}},"50":{"start":{"line":107,"column":8},"end":{"line":109,"column":9}},"51":{"start":{"line":108,"column":12},"end":{"line":108,"column":49}},"52":{"start":{"line":111,"column":8},"end":{"line":111,"column":29}},"53":{"start":{"line":112,"column":8},"end":{"line":112,"column":32}},"54":{"start":{"line":113,"column":8},"end":{"line":113,"column":24}},"55":{"start":{"line":114,"column":8},"end":{"line":114,"column":26}},"56":{"start":{"line":116,"column":8},"end":{"line":116,"column":18}},"57":{"start":{"line":120,"column":0},"end":{"line":159,"column":3}},"58":{"start":{"line":121,"column":4},"end":{"line":121,"column":31}},"59":{"start":{"line":122,"column":4},"end":{"line":158,"column":5}},"60":{"start":{"line":124,"column":8},"end":{"line":124,"column":46}},"61":{"start":{"line":125,"column":8},"end":{"line":125,"column":44}},"62":{"start":{"line":127,"column":8},"end":{"line":134,"column":9}},"63":{"start":{"line":133,"column":12},"end":{"line":133,"column":77}},"64":{"start":{"line":136,"column":20},"end":{"line":136,"column":35}},"65":{"start":{"line":137,"column":24},"end":{"line":137,"column":53}},"66":{"start":{"line":138,"column":22},"end":{"line":138,"column":49}},"67":{"start":{"line":139,"column":8},"end":{"line":139,"column":27}},"68":{"start":{"line":140,"column":8},"end":{"line":140,"column":31}},"69":{"start":{"line":141,"column":8},"end":{"line":141,"column":29}},"70":{"start":{"line":142,"column":8},"end":{"line":142,"column":33}},"71":{"start":{"line":144,"column":22},"end":{"line":146,"column":88}},"72":{"start":{"line":149,"column":8},"end":{"line":151,"column":9}},"73":{"start":{"line":150,"column":12},"end":{"line":150,"column":49}},"74":{"start":{"line":153,"column":8},"end":{"line":153,"column":24}},"75":{"start":{"line":154,"column":8},"end":{"line":154,"column":26}},"76":{"start":{"line":157,"column":8},"end":{"line":157,"column":18}},"77":{"start":{"line":161,"column":0},"end":{"line":204,"column":3}},"78":{"start":{"line":162,"column":4},"end":{"line":162,"column":26}},"79":{"start":{"line":163,"column":4},"end":{"line":163,"column":36}},"80":{"start":{"line":164,"column":4},"end":{"line":203,"column":5}},"81":{"start":{"line":165,"column":8},"end":{"line":171,"column":9}},"82":{"start":{"line":170,"column":12},"end":{"line":170,"column":77}},"83":{"start":{"line":173,"column":20},"end":{"line":173,"column":35}},"84":{"start":{"line":174,"column":20},"end":{"line":174,"column":46}},"85":{"start":{"line":175,"column":8},"end":{"line":178,"column":9}},"86":{"start":{"line":176,"column":12},"end":{"line":176,"column":54}},"87":{"start":{"line":177,"column":12},"end":{"line":177,"column":39}},"88":{"start":{"line":180,"column":8},"end":{"line":184,"column":11}},"89":{"start":{"line":181,"column":12},"end":{"line":183,"column":13}},"90":{"start":{"line":182,"column":16},"end":{"line":182,"column":37}},"91":{"start":{"line":186,"column":22},"end":{"line":186,"column":24}},"92":{"start":{"line":187,"column":8},"end":{"line":196,"column":9}},"93":{"start":{"line":187,"column":21},"end":{"line":187,"column":22}},"94":{"start":{"line":188,"column":23},"end":{"line":188,"column":31}},"95":{"start":{"line":189,"column":32},"end":{"line":191,"column":43}},"96":{"start":{"line":193,"column":12},"end":{"line":195,"column":15}},"97":{"start":{"line":194,"column":16},"end":{"line":194,"column":37}},"98":{"start":{"line":198,"column":8},"end":{"line":198,"column":24}},"99":{"start":{"line":199,"column":8},"end":{"line":199,"column":26}},"100":{"start":{"line":202,"column":8},"end":{"line":202,"column":18}},"101":{"start":{"line":206,"column":0},"end":{"line":261,"column":3}},"102":{"start":{"line":208,"column":4},"end":{"line":260,"column":5}},"103":{"start":{"line":210,"column":8},"end":{"line":210,"column":46}},"104":{"start":{"line":211,"column":8},"end":{"line":211,"column":44}},"105":{"start":{"line":213,"column":8},"end":{"line":221,"column":9}},"106":{"start":{"line":220,"column":12},"end":{"line":220,"column":77}},"107":{"start":{"line":223,"column":20},"end":{"line":223,"column":35}},"108":{"start":{"line":224,"column":24},"end":{"line":224,"column":53}},"109":{"start":{"line":225,"column":22},"end":{"line":225,"column":49}},"110":{"start":{"line":226,"column":20},"end":{"line":226,"column":46}},"111":{"start":{"line":227,"column":8},"end":{"line":230,"column":9}},"112":{"start":{"line":228,"column":12},"end":{"line":228,"column":54}},"113":{"start":{"line":229,"column":12},"end":{"line":229,"column":39}},"114":{"start":{"line":232,"column":8},"end":{"line":236,"column":11}},"115":{"start":{"line":233,"column":12},"end":{"line":235,"column":13}},"116":{"start":{"line":234,"column":16},"end":{"line":234,"column":37}},"117":{"start":{"line":238,"column":8},"end":{"line":238,"column":27}},"118":{"start":{"line":239,"column":8},"end":{"line":239,"column":31}},"119":{"start":{"line":240,"column":8},"end":{"line":240,"column":29}},"120":{"start":{"line":242,"column":22},"end":{"line":242,"column":24}},"121":{"start":{"line":243,"column":8},"end":{"line":254,"column":9}},"122":{"start":{"line":243,"column":21},"end":{"line":243,"column":22}},"123":{"start":{"line":244,"column":23},"end":{"line":244,"column":31}},"124":{"start":{"line":245,"column":32},"end":{"line":248,"column":43}},"125":{"start":{"line":250,"column":12},"end":{"line":250,"column":39}},"126":{"start":{"line":251,"column":12},"end":{"line":253,"column":15}},"127":{"start":{"line":252,"column":16},"end":{"line":252,"column":37}},"128":{"start":{"line":256,"column":8},"end":{"line":256,"column":24}},"129":{"start":{"line":257,"column":8},"end":{"line":257,"column":26}},"130":{"start":{"line":259,"column":8},"end":{"line":259,"column":18}},"131":{"start":{"line":263,"column":0},"end":{"line":289,"column":3}},"132":{"start":{"line":265,"column":4},"end":{"line":288,"column":5}},"133":{"start":{"line":266,"column":8},"end":{"line":266,"column":49}},"134":{"start":{"line":267,"column":8},"end":{"line":274,"column":9}},"135":{"start":{"line":273,"column":12},"end":{"line":273,"column":77}},"136":{"start":{"line":276,"column":20},"end":{"line":276,"column":35}},"137":{"start":{"line":277,"column":25},"end":{"line":277,"column":51}},"138":{"start":{"line":278,"column":25},"end":{"line":278,"column":51}},"139":{"start":{"line":280,"column":22},"end":{"line":282,"column":60}},"140":{"start":{"line":284,"column":8},"end":{"line":284,"column":24}},"141":{"start":{"line":285,"column":8},"end":{"line":285,"column":26}},"142":{"start":{"line":287,"column":8},"end":{"line":287,"column":18}},"143":{"start":{"line":291,"column":0},"end":{"line":324,"column":3}},"144":{"start":{"line":293,"column":4},"end":{"line":323,"column":5}},"145":{"start":{"line":294,"column":8},"end":{"line":294,"column":49}},"146":{"start":{"line":295,"column":8},"end":{"line":295,"column":46}},"147":{"start":{"line":296,"column":8},"end":{"line":296,"column":44}},"148":{"start":{"line":298,"column":8},"end":{"line":307,"column":9}},"149":{"start":{"line":306,"column":12},"end":{"line":306,"column":77}},"150":{"start":{"line":309,"column":20},"end":{"line":309,"column":35}},"151":{"start":{"line":310,"column":25},"end":{"line":310,"column":51}},"152":{"start":{"line":311,"column":25},"end":{"line":311,"column":51}},"153":{"start":{"line":312,"column":24},"end":{"line":312,"column":53}},"154":{"start":{"line":313,"column":22},"end":{"line":313,"column":49}},"155":{"start":{"line":314,"column":22},"end":{"line":317,"column":60}},"156":{"start":{"line":319,"column":8},"end":{"line":319,"column":24}},"157":{"start":{"line":320,"column":8},"end":{"line":320,"column":26}},"158":{"start":{"line":322,"column":8},"end":{"line":322,"column":18}},"159":{"start":{"line":328,"column":0},"end":{"line":328,"column":24}}},"fnMap":{"0":{"name":"(anonymous_0)","decl":{"start":{"line":10,"column":11},"end":{"line":10,"column":12}},"loc":{"start":{"line":10,"column":31},"end":{"line":13,"column":1}},"line":10},"1":{"name":"(anonymous_1)","decl":{"start":{"line":15,"column":25},"end":{"line":15,"column":26}},"loc":{"start":{"line":15,"column":47},"end":{"line":47,"column":1}},"line":15},"2":{"name":"(anonymous_2)","decl":{"start":{"line":25,"column":26},"end":{"line":25,"column":27}},"loc":{"start":{"line":25,"column":44},"end":{"line":31,"column":9}},"line":25},"3":{"name":"(anonymous_3)","decl":{"start":{"line":49,"column":20},"end":{"line":49,"column":21}},"loc":{"start":{"line":49,"column":46},"end":{"line":85,"column":1}},"line":49},"4":{"name":"(anonymous_4)","decl":{"start":{"line":92,"column":19},"end":{"line":92,"column":20}},"loc":{"start":{"line":92,"column":45},"end":{"line":118,"column":1}},"line":92},"5":{"name":"(anonymous_5)","decl":{"start":{"line":120,"column":27},"end":{"line":120,"column":28}},"loc":{"start":{"line":120,"column":53},"end":{"line":159,"column":1}},"line":120},"6":{"name":"(anonymous_6)","decl":{"start":{"line":161,"column":22},"end":{"line":161,"column":23}},"loc":{"start":{"line":161,"column":48},"end":{"line":204,"column":1}},"line":161},"7":{"name":"(anonymous_7)","decl":{"start":{"line":180,"column":22},"end":{"line":180,"column":23}},"loc":{"start":{"line":180,"column":32},"end":{"line":184,"column":9}},"line":180},"8":{"name":"(anonymous_8)","decl":{"start":{"line":193,"column":34},"end":{"line":193,"column":35}},"loc":{"start":{"line":193,"column":46},"end":{"line":195,"column":13}},"line":193},"9":{"name":"(anonymous_9)","decl":{"start":{"line":206,"column":32},"end":{"line":206,"column":33}},"loc":{"start":{"line":206,"column":58},"end":{"line":261,"column":1}},"line":206},"10":{"name":"(anonymous_10)","decl":{"start":{"line":232,"column":22},"end":{"line":232,"column":23}},"loc":{"start":{"line":232,"column":32},"end":{"line":236,"column":9}},"line":232},"11":{"name":"(anonymous_11)","decl":{"start":{"line":251,"column":34},"end":{"line":251,"column":35}},"loc":{"start":{"line":251,"column":46},"end":{"line":253,"column":13}},"line":251},"12":{"name":"(anonymous_12)","decl":{"start":{"line":263,"column":24},"end":{"line":263,"column":25}},"loc":{"start":{"line":263,"column":50},"end":{"line":289,"column":1}},"line":263},"13":{"name":"(anonymous_13)","decl":{"start":{"line":291,"column":34},"end":{"line":291,"column":35}},"loc":{"start":{"line":291,"column":60},"end":{"line":324,"column":1}},"line":291}},"branchMap":{"0":{"loc":{"start":{"line":18,"column":8},"end":{"line":20,"column":9}},"type":"if","locations":[{"start":{"line":18,"column":8},"end":{"line":20,"column":9}},{"start":{},"end":{}}],"line":18},"1":{"loc":{"start":{"line":18,"column":12},"end":{"line":18,"column":75}},"type":"binary-expr","locations":[{"start":{"line":18,"column":12},"end":{"line":18,"column":44}},{"start":{"line":18,"column":48},"end":{"line":18,"column":75}}],"line":18},"2":{"loc":{"start":{"line":52,"column":8},"end":{"line":54,"column":9}},"type":"if","locations":[{"start":{"line":52,"column":8},"end":{"line":54,"column":9}},{"start":{},"end":{}}],"line":52},"3":{"loc":{"start":{"line":71,"column":8},"end":{"line":73,"column":9}},"type":"if","locations":[{"start":{"line":71,"column":8},"end":{"line":73,"column":9}},{"start":{},"end":{}}],"line":71},"4":{"loc":{"start":{"line":97,"column":8},"end":{"line":102,"column":9}},"type":"if","locations":[{"start":{"line":97,"column":8},"end":{"line":102,"column":9}},{"start":{},"end":{}}],"line":97},"5":{"loc":{"start":{"line":107,"column":8},"end":{"line":109,"column":9}},"type":"if","locations":[{"start":{"line":107,"column":8},"end":{"line":109,"column":9}},{"start":{},"end":{}}],"line":107},"6":{"loc":{"start":{"line":107,"column":12},"end":{"line":107,"column":51}},"type":"binary-expr","locations":[{"start":{"line":107,"column":12},"end":{"line":107,"column":32}},{"start":{"line":107,"column":36},"end":{"line":107,"column":51}}],"line":107},"7":{"loc":{"start":{"line":127,"column":8},"end":{"line":134,"column":9}},"type":"if","locations":[{"start":{"line":127,"column":8},"end":{"line":134,"column":9}},{"start":{},"end":{}}],"line":127},"8":{"loc":{"start":{"line":149,"column":8},"end":{"line":151,"column":9}},"type":"if","locations":[{"start":{"line":149,"column":8},"end":{"line":151,"column":9}},{"start":{},"end":{}}],"line":149},"9":{"loc":{"start":{"line":149,"column":12},"end":{"line":149,"column":51}},"type":"binary-expr","locations":[{"start":{"line":149,"column":12},"end":{"line":149,"column":32}},{"start":{"line":149,"column":36},"end":{"line":149,"column":51}}],"line":149},"10":{"loc":{"start":{"line":165,"column":8},"end":{"line":171,"column":9}},"type":"if","locations":[{"start":{"line":165,"column":8},"end":{"line":171,"column":9}},{"start":{},"end":{}}],"line":165},"11":{"loc":{"start":{"line":175,"column":8},"end":{"line":178,"column":9}},"type":"if","locations":[{"start":{"line":175,"column":8},"end":{"line":178,"column":9}},{"start":{},"end":{}}],"line":175},"12":{"loc":{"start":{"line":181,"column":12},"end":{"line":183,"column":13}},"type":"if","locations":[{"start":{"line":181,"column":12},"end":{"line":183,"column":13}},{"start":{},"end":{}}],"line":181},"13":{"loc":{"start":{"line":181,"column":16},"end":{"line":181,"column":68}},"type":"binary-expr","locations":[{"start":{"line":181,"column":16},"end":{"line":181,"column":41}},{"start":{"line":181,"column":45},"end":{"line":181,"column":68}}],"line":181},"14":{"loc":{"start":{"line":213,"column":8},"end":{"line":221,"column":9}},"type":"if","locations":[{"start":{"line":213,"column":8},"end":{"line":221,"column":9}},{"start":{},"end":{}}],"line":213},"15":{"loc":{"start":{"line":227,"column":8},"end":{"line":230,"column":9}},"type":"if","locations":[{"start":{"line":227,"column":8},"end":{"line":230,"column":9}},{"start":{},"end":{}}],"line":227},"16":{"loc":{"start":{"line":233,"column":12},"end":{"line":235,"column":13}},"type":"if","locations":[{"start":{"line":233,"column":12},"end":{"line":235,"column":13}},{"start":{},"end":{}}],"line":233},"17":{"loc":{"start":{"line":233,"column":16},"end":{"line":233,"column":68}},"type":"binary-expr","locations":[{"start":{"line":233,"column":16},"end":{"line":233,"column":41}},{"start":{"line":233,"column":45},"end":{"line":233,"column":68}}],"line":233},"18":{"loc":{"start":{"line":267,"column":8},"end":{"line":274,"column":9}},"type":"if","locations":[{"start":{"line":267,"column":8},"end":{"line":274,"column":9}},{"start":{},"end":{}}],"line":267},"19":{"loc":{"start":{"line":298,"column":8},"end":{"line":307,"column":9}},"type":"if","locations":[{"start":{"line":298,"column":8},"end":{"line":307,"column":9}},{"start":{},"end":{}}],"line":298}},"s":{"0":1,"1":1,"2":1,"3":1,"4":1,"5":1,"6":1,"7":1,"8":1,"9":0,"10":0,"11":1,"12":0,"13":0,"14":0,"15":0,"16":0,"17":0,"18":0,"19":0,"20":0,"21":0,"22":0,"23":0,"24":1,"25":0,"26":0,"27":0,"28":0,"29":0,"30":0,"31":0,"32":0,"33":0,"34":0,"35":0,"36":0,"37":0,"38":0,"39":0,"40":0,"41":1,"42":0,"43":0,"44":0,"45":0,"46":0,"47":0,"48":0,"49":0,"50":0,"51":0,"52":0,"53":0,"54":0,"55":0,"56":0,"57":1,"58":0,"59":0,"60":0,"61":0,"62":0,"63":0,"64":0,"65":0,"66":0,"67":0,"68":0,"69":0,"70":0,"71":0,"72":0,"73":0,"74":0,"75":0,"76":0,"77":1,"78":0,"79":0,"80":0,"81":0,"82":0,"83":0,"84":0,"85":0,"86":0,"87":0,"88":0,"89":0,"90":0,"91":0,"92":0,"93":0,"94":0,"95":0,"96":0,"97":0,"98":0,"99":0,"100":0,"101":1,"102":0,"103":0,"104":0,"105":0,"106":0,"107":0,"108":0,"109":0,"110":0,"111":0,"112":0,"113":0,"114":0,"115":0,"116":0,"117":0,"118":0,"119":0,"120":0,"121":0,"122":0,"123":0,"124":0,"125":0,"126":0,"127":0,"128":0,"129":0,"130":0,"131":1,"132":0,"133":0,"134":0,"135":0,"136":0,"137":0,"138":0,"139":0,"140":0,"141":0,"142":0,"143":1,"144":0,"145":0,"146":0,"147":0,"148":0,"149":0,"150":0,"151":0,"152":0,"153":0,"154":0,"155":0,"156":0,"157":0,"158":0,"159":1},"f":{"0":0,"1":0,"2":0,"3":0,"4":0,"5":0,"6":0,"7":0,"8":0,"9":0,"10":0,"11":0,"12":0,"13":0},"b":{"0":[0,0],"1":[0,0],"2":[0,0],"3":[0,0],"4":[0,0],"5":[0,0],"6":[0,0],"7":[0,0],"8":[0,0],"9":[0,0],"10":[0,0],"11":[0,0],"12":[0,0],"13":[0,0],"14":[0,0],"15":[0,0],"16":[0,0],"17":[0,0],"18":[0,0],"19":[0,0]},"_coverageSchema":"1a1c01bbd47fc00a2c39e90264f33305004495a9","hash":"870f4fae01d7dbad21cb0555559a29734b204f4c"}
,"/home/ct/Documents/GitHub/PlutusBackEnd/src/routes/index.js": {"path":"/home/ct/Documents/GitHub/PlutusBackEnd/src/routes/index.js","statementMap":{"0":{"start":{"line":7,"column":13},"end":{"line":7,"column":40}},"1":{"start":{"line":9,"column":18},"end":{"line":9,"column":41}},"2":{"start":{"line":19,"column":0},"end":{"line":19,"column":44}},"3":{"start":{"line":22,"column":0},"end":{"line":22,"column":30}},"4":{"start":{"line":23,"column":0},"end":{"line":23,"column":54}},"5":{"start":{"line":24,"column":0},"end":{"line":24,"column":52}},"6":{"start":{"line":30,"column":0},"end":{"line":30,"column":24}}},"fnMap":{},"branchMap":{},"s":{"0":1,"1":1,"2":1,"3":1,"4":1,"5":1,"6":1},"f":{},"b":{},"_coverageSchema":"1a1c01bbd47fc00a2c39e90264f33305004495a9","hash":"9d849d1977557820e3c435c056641dee3f7a19d6"}
,"/home/ct/Documents/GitHub/PlutusBackEnd/src/routes/test-route.js": {"path":"/home/ct/Documents/GitHub/PlutusBackEnd/src/routes/test-route.js","statementMap":{"0":{"start":{"line":7,"column":16},"end":{"line":7,"column":34}},"1":{"start":{"line":8,"column":0},"end":{"line":8,"column":27}},"2":{"start":{"line":11,"column":13},"end":{"line":11,"column":29}},"3":{"start":{"line":23,"column":0},"end":{"line":27,"column":3}},"4":{"start":{"line":24,"column":14},"end":{"line":24,"column":34}},"5":{"start":{"line":25,"column":15},"end":{"line":25,"column":30}},"6":{"start":{"line":26,"column":4},"end":{"line":26,"column":19}},"7":{"start":{"line":33,"column":0},"end":{"line":35,"column":3}},"8":{"start":{"line":34,"column":4},"end":{"line":34,"column":34}},"9":{"start":{"line":37,"column":0},"end":{"line":37,"column":24}}},"fnMap":{"0":{"name":"(anonymous_0)","decl":{"start":{"line":23,"column":16},"end":{"line":23,"column":17}},"loc":{"start":{"line":23,"column":29},"end":{"line":27,"column":1}},"line":23},"1":{"name":"(anonymous_1)","decl":{"start":{"line":33,"column":17},"end":{"line":33,"column":18}},"loc":{"start":{"line":33,"column":30},"end":{"line":35,"column":1}},"line":33}},"branchMap":{},"s":{"0":1,"1":1,"2":1,"3":1,"4":0,"5":0,"6":0,"7":1,"8":0,"9":1},"f":{"0":0,"1":0},"b":{},"_coverageSchema":"1a1c01bbd47fc00a2c39e90264f33305004495a9","hash":"483d64c378e338d9fff27d5f0c92bce34d0a3d00"}
}
